============================= test session starts ==============================
platform linux -- Python 3.13.3, pytest-8.3.5, pluggy-1.6.0
rootdir: /dc-app-performance-toolkit/app
plugins: xdist-3.6.1, apiritif-1.1.3
collected 14 items

selenium_ui/jira_ui.py first driver inits
INFO: 2sv login form
1747831416940,1733,selenium_login:open_login_page,Success,True,
node_id:jira-0
1747831418602,1661,selenium_login:login_and_view_dashboard,Success,True,
1747831418799,3598,selenium_login,Success,True,
.test_0_selenium_a_login,Total:1 Passed:1 Failed:0
1747831419423,548,selenium_project_summary,Success,True,
.test_1_selenium_view_project_summary,Total:2 Passed:2 Failed:0
1747831419878,453,selenium_browse_projects_list,Success,True,
.test_1_selenium_browse_projects_list,Total:3 Passed:3 Failed:0
1747831420466,586,selenium_browse_boards_list,Success,True,
.test_1_selenium_browse_boards_list,Total:4 Passed:4 Failed:0
1747831421620,870,selenium_create_issue:open_quick_create,Success,True,
1747831423076,633,selenium_create_issue:fill_and_submit_issue_form:submit_issue_form,Success,True,
1747831423076,1455,selenium_create_issue:fill_and_submit_issue_form,Success,True,
1747831423077,2326,selenium_create_issue,Success,True,
.test_1_selenium_create_issue,Total:5 Passed:5 Failed:0
1747831423640,546,selenium_edit_issue:open_edit_issue_form,Success,True,
1747831425455,959,selenium_edit_issue:save_edit_issue_form,Success,True,
1747831425455,2361,selenium_edit_issue,Success,True,
.test_1_selenium_edit_issue,Total:6 Passed:6 Failed:0
1747831425671,214,selenium_save_comment:open_comment_form,Success,True,
1747831427162,836,selenium_save_comment:submit_form,Success,True,
1747831427162,1705,selenium_save_comment,Success,True,
.test_1_selenium_save_comment,Total:7 Passed:7 Failed:0
1747831429474,2310,selenium_search_jql,Success,True,
.test_1_selenium_search_jql,Total:8 Passed:8 Failed:0
1747831431066,1589,selenium_view_scrum_board_backlog,Success,True,
.test_1_selenium_view_backlog_for_scrum_board,Total:9 Passed:9 Failed:0
1747831432024,957,selenium_view_scrum_board,Success,True,
.test_1_selenium_view_scrum_board,Total:10 Passed:10 Failed:0
1747831432847,821,selenium_view_kanban_board,Success,True,
.test_1_selenium_view_kanban_board,Total:11 Passed:11 Failed:0
1747831433191,342,selenium_view_dashboard,Success,True,
.test_1_selenium_view_dashboard,Total:12 Passed:12 Failed:0
1747831433662,469,selenium_view_issue,Success,True,
.test_1_selenium_view_issue,Total:13 Passed:13 Failed:0
1747831434030,365,selenium_log_out,Success,True,
.test_2_selenium_z_log_out,Total:14 Passed:14 Failed:0


=============================== warnings summary ===============================
../../root/.bzt/python-packages/3.13.3/_pytest/config/__init__.py:1277
  /root/.bzt/python-packages/3.13.3/_pytest/config/__init__.py:1277: PytestAssertRewriteWarning: Module already imported so cannot be rewritten: apiritif
    self._mark_plugins_for_rewrite(hook)

-- Docs: https://docs.pytest.org/en/stable/how-to/capture-warnings.html
======================== 14 passed, 1 warning in 19.34s ========================
============================= test session starts ==============================
platform linux -- Python 3.13.3, pytest-8.3.5, pluggy-1.6.0
rootdir: /dc-app-performance-toolkit/app
plugins: xdist-3.6.1, apiritif-1.1.3
collected 14 items

selenium_ui/jira_ui.py get driver from global
clear browser cookies
INFO: 2sv login form
1747831435371,1244,selenium_login:open_login_page,Success,True,
node_id:jira-0
1747831436195,823,selenium_login:login_and_view_dashboard,Success,True,
1747831436205,2082,selenium_login,Success,True,
.test_0_selenium_a_login,Total:15 Passed:15 Failed:0
1747831436561,336,selenium_project_summary,Success,True,
.test_1_selenium_view_project_summary,Total:16 Passed:16 Failed:0
1747831436854,291,selenium_browse_projects_list,Success,True,
.test_1_selenium_browse_projects_list,Total:17 Passed:17 Failed:0
1747831437066,210,selenium_browse_boards_list,Success,True,
.test_1_selenium_browse_boards_list,Total:18 Passed:18 Failed:0
1747831438019,755,selenium_create_issue:open_quick_create,Success,True,
1747831439382,641,selenium_create_issue:fill_and_submit_issue_form:submit_issue_form,Success,True,
1747831439382,1362,selenium_create_issue:fill_and_submit_issue_form,Success,True,
1747831439382,2119,selenium_create_issue,Success,True,
.test_1_selenium_create_issue,Total:19 Passed:19 Failed:0
1747831439852,447,selenium_edit_issue:open_edit_issue_form,Success,True,
1747831441344,767,selenium_edit_issue:save_edit_issue_form,Success,True,
1747831441344,1939,selenium_edit_issue,Success,True,
.test_1_selenium_edit_issue,Total:20 Passed:20 Failed:0
1747831441593,247,selenium_save_comment:open_comment_form,Success,True,
1747831442907,650,selenium_save_comment:submit_form,Success,True,
1747831442908,1562,selenium_save_comment,Success,True,
.test_1_selenium_save_comment,Total:21 Passed:21 Failed:0
1747831444284,1374,selenium_search_jql,Success,True,
.test_1_selenium_search_jql,Total:22 Passed:22 Failed:0
1747831445579,1293,selenium_view_scrum_board_backlog,Success,True,
.test_1_selenium_view_backlog_for_scrum_board,Total:23 Passed:23 Failed:0
1747831446356,774,selenium_view_scrum_board,Success,True,
.test_1_selenium_view_scrum_board,Total:24 Passed:24 Failed:0
1747831447111,754,selenium_view_kanban_board,Success,True,
.test_1_selenium_view_kanban_board,Total:25 Passed:25 Failed:0
1747831447320,207,selenium_view_dashboard,Success,True,
.test_1_selenium_view_dashboard,Total:26 Passed:26 Failed:0
1747831447846,524,selenium_view_issue,Success,True,
.test_1_selenium_view_issue,Total:27 Passed:27 Failed:0
1747831448176,328,selenium_log_out,Success,True,
.test_2_selenium_z_log_out,Total:28 Passed:28 Failed:0


=============================== warnings summary ===============================
../../root/.bzt/python-packages/3.13.3/_pytest/config/__init__.py:1277
  /root/.bzt/python-packages/3.13.3/_pytest/config/__init__.py:1277: PytestAssertRewriteWarning: Module already imported so cannot be rewritten: apiritif
    self._mark_plugins_for_rewrite(hook)

-- Docs: https://docs.pytest.org/en/stable/how-to/capture-warnings.html
======================== 14 passed, 1 warning in 14.10s ========================
============================= test session starts ==============================
platform linux -- Python 3.13.3, pytest-8.3.5, pluggy-1.6.0
rootdir: /dc-app-performance-toolkit/app
plugins: xdist-3.6.1, apiritif-1.1.3
collected 14 items

selenium_ui/jira_ui.py get driver from global
clear browser cookies
INFO: 2sv login form
1747831449442,1179,selenium_login:open_login_page,Success,True,
node_id:jira-0
1747831450310,867,selenium_login:login_and_view_dashboard,Success,True,
1747831450320,2060,selenium_login,Success,True,
.test_0_selenium_a_login,Total:29 Passed:29 Failed:0
1747831450714,371,selenium_project_summary,Success,True,
.test_1_selenium_view_project_summary,Total:30 Passed:30 Failed:0
1747831450988,273,selenium_browse_projects_list,Success,True,
.test_1_selenium_browse_projects_list,Total:31 Passed:31 Failed:0
1747831451198,207,selenium_browse_boards_list,Success,True,
.test_1_selenium_browse_boards_list,Total:32 Passed:32 Failed:0
1747831452184,790,selenium_create_issue:open_quick_create,Success,True,
1747831453482,672,selenium_create_issue:fill_and_submit_issue_form:submit_issue_form,Success,True,
1747831453482,1297,selenium_create_issue:fill_and_submit_issue_form,Success,True,
1747831453482,2088,selenium_create_issue,Success,True,
.test_1_selenium_create_issue,Total:33 Passed:33 Failed:0
1747831454003,501,selenium_edit_issue:open_edit_issue_form,Success,True,
1747831455563,723,selenium_edit_issue:save_edit_issue_form,Success,True,
1747831455563,2061,selenium_edit_issue,Success,True,
.test_1_selenium_edit_issue,Total:34 Passed:34 Failed:0
1747831455773,207,selenium_save_comment:open_comment_form,Success,True,
1747831457088,650,selenium_save_comment:submit_form,Success,True,
1747831457088,1523,selenium_save_comment,Success,True,
.test_1_selenium_save_comment,Total:35 Passed:35 Failed:0
1747831458446,1356,selenium_search_jql,Success,True,
.test_1_selenium_search_jql,Total:36 Passed:36 Failed:0
1747831459749,1302,selenium_view_scrum_board_backlog,Success,True,
.test_1_selenium_view_backlog_for_scrum_board,Total:37 Passed:37 Failed:0
1747831460531,779,selenium_view_scrum_board,Success,True,
.test_1_selenium_view_scrum_board,Total:38 Passed:38 Failed:0
1747831461279,747,selenium_view_kanban_board,Success,True,
.test_1_selenium_view_kanban_board,Total:39 Passed:39 Failed:0
1747831461474,193,selenium_view_dashboard,Success,True,
.test_1_selenium_view_dashboard,Total:40 Passed:40 Failed:0
1747831461981,504,selenium_view_issue,Success,True,
.test_1_selenium_view_issue,Total:41 Passed:41 Failed:0
1747831462318,335,selenium_log_out,Success,True,
.test_2_selenium_z_log_out,Total:42 Passed:42 Failed:0


=============================== warnings summary ===============================
../../root/.bzt/python-packages/3.13.3/_pytest/config/__init__.py:1277
  /root/.bzt/python-packages/3.13.3/_pytest/config/__init__.py:1277: PytestAssertRewriteWarning: Module already imported so cannot be rewritten: apiritif
    self._mark_plugins_for_rewrite(hook)

-- Docs: https://docs.pytest.org/en/stable/how-to/capture-warnings.html
======================== 14 passed, 1 warning in 14.10s ========================
============================= test session starts ==============================
platform linux -- Python 3.13.3, pytest-8.3.5, pluggy-1.6.0
rootdir: /dc-app-performance-toolkit/app
plugins: xdist-3.6.1, apiritif-1.1.3
collected 14 items

selenium_ui/jira_ui.py get driver from global
clear browser cookies
INFO: 2sv login form
1747831463596,1189,selenium_login:open_login_page,Success,True,
node_id:jira-0
1747831465206,1609,selenium_login:login_and_view_dashboard,Success,True,
1747831465219,2816,selenium_login,Success,True,
.test_0_selenium_a_login,Total:43 Passed:43 Failed:0
1747831465628,356,selenium_project_summary,Success,True,
.test_1_selenium_view_project_summary,Total:44 Passed:44 Failed:0
1747831465910,280,selenium_browse_projects_list,Success,True,
.test_1_selenium_browse_projects_list,Total:45 Passed:45 Failed:0
1747831466130,218,selenium_browse_boards_list,Success,True,
.test_1_selenium_browse_boards_list,Total:46 Passed:46 Failed:0
1747831467028,703,selenium_create_issue:open_quick_create,Success,True,
1747831468467,648,selenium_create_issue:fill_and_submit_issue_form:submit_issue_form,Success,True,
1747831468468,1439,selenium_create_issue:fill_and_submit_issue_form,Success,True,
1747831468468,2143,selenium_create_issue,Success,True,
.test_1_selenium_create_issue,Total:47 Passed:47 Failed:0
1747831468921,434,selenium_edit_issue:open_edit_issue_form,Success,True,
1747831470362,641,selenium_edit_issue:save_edit_issue_form,Success,True,
1747831470363,1875,selenium_edit_issue,Success,True,
.test_1_selenium_edit_issue,Total:48 Passed:48 Failed:0
1747831470572,207,selenium_save_comment:open_comment_form,Success,True,
1747831471877,626,selenium_save_comment:submit_form,Success,True,
1747831471878,1513,selenium_save_comment,Success,True,
.test_1_selenium_save_comment,Total:49 Passed:49 Failed:0
1747831473480,1601,selenium_search_jql,Success,True,
.test_1_selenium_search_jql,Total:50 Passed:50 Failed:0
1747831474268,786,selenium_view_scrum_board_backlog,Success,True,
.test_1_selenium_view_backlog_for_scrum_board,Total:51 Passed:51 Failed:0
1747831475070,800,selenium_view_scrum_board,Success,True,
.test_1_selenium_view_scrum_board,Total:52 Passed:52 Failed:0
1747831475862,791,selenium_view_kanban_board,Success,True,
.test_1_selenium_view_kanban_board,Total:53 Passed:53 Failed:0
1747831476098,234,selenium_view_dashboard,Success,True,
.test_1_selenium_view_dashboard,Total:54 Passed:54 Failed:0
1747831476548,448,selenium_view_issue,Success,True,
.test_1_selenium_view_issue,Total:55 Passed:55 Failed:0
1747831476902,351,selenium_log_out,Success,True,
.test_2_selenium_z_log_out,Total:56 Passed:56 Failed:0


=============================== warnings summary ===============================
../../root/.bzt/python-packages/3.13.3/_pytest/config/__init__.py:1277
  /root/.bzt/python-packages/3.13.3/_pytest/config/__init__.py:1277: PytestAssertRewriteWarning: Module already imported so cannot be rewritten: apiritif
    self._mark_plugins_for_rewrite(hook)

-- Docs: https://docs.pytest.org/en/stable/how-to/capture-warnings.html
======================== 14 passed, 1 warning in 14.54s ========================
============================= test session starts ==============================
platform linux -- Python 3.13.3, pytest-8.3.5, pluggy-1.6.0
rootdir: /dc-app-performance-toolkit/app
plugins: xdist-3.6.1, apiritif-1.1.3
collected 14 items

selenium_ui/jira_ui.py get driver from global
clear browser cookies
INFO: 2sv login form
1747831478222,1232,selenium_login:open_login_page,Success,True,
node_id:jira-0
1747831479380,1157,selenium_login:login_and_view_dashboard,Success,True,
1747831479391,2405,selenium_login,Success,True,
.test_0_selenium_a_login,Total:57 Passed:57 Failed:0
1747831479750,338,selenium_project_summary,Success,True,
.test_1_selenium_view_project_summary,Total:58 Passed:58 Failed:0
1747831480043,291,selenium_browse_projects_list,Success,True,
.test_1_selenium_browse_projects_list,Total:59 Passed:59 Failed:0
1747831480323,278,selenium_browse_boards_list,Success,True,
.test_1_selenium_browse_boards_list,Total:60 Passed:60 Failed:0
1747831481238,695,selenium_create_issue:open_quick_create,Success,True,
1747831482734,667,selenium_create_issue:fill_and_submit_issue_form:submit_issue_form,Success,True,
1747831482734,1495,selenium_create_issue:fill_and_submit_issue_form,Success,True,
1747831482734,2192,selenium_create_issue,Success,True,
.test_1_selenium_create_issue,Total:61 Passed:61 Failed:0
1747831483223,468,selenium_edit_issue:open_edit_issue_form,Success,True,
1747831484616,662,selenium_edit_issue:save_edit_issue_form,Success,True,
1747831484616,1861,selenium_edit_issue,Success,True,
.test_1_selenium_edit_issue,Total:62 Passed:62 Failed:0
1747831484831,213,selenium_save_comment:open_comment_form,Success,True,
1747831486198,657,selenium_save_comment:submit_form,Success,True,
1747831486198,1581,selenium_save_comment,Success,True,
.test_1_selenium_save_comment,Total:63 Passed:63 Failed:0
1747831487872,1672,selenium_search_jql,Success,True,
.test_1_selenium_search_jql,Total:64 Passed:64 Failed:0
1747831488686,812,selenium_view_scrum_board_backlog,Success,True,
.test_1_selenium_view_backlog_for_scrum_board,Total:65 Passed:65 Failed:0
1747831489502,814,selenium_view_scrum_board,Success,True,
.test_1_selenium_view_scrum_board,Total:66 Passed:66 Failed:0
1747831490289,784,selenium_view_kanban_board,Success,True,
.test_1_selenium_view_kanban_board,Total:67 Passed:67 Failed:0
1747831490521,231,selenium_view_dashboard,Success,True,
.test_1_selenium_view_dashboard,Total:68 Passed:68 Failed:0
1747831491027,503,selenium_view_issue,Success,True,
.test_1_selenium_view_issue,Total:69 Passed:69 Failed:0
1747831491400,371,selenium_log_out,Success,True,
.test_2_selenium_z_log_out,Total:70 Passed:70 Failed:0


=============================== warnings summary ===============================
../../root/.bzt/python-packages/3.13.3/_pytest/config/__init__.py:1277
  /root/.bzt/python-packages/3.13.3/_pytest/config/__init__.py:1277: PytestAssertRewriteWarning: Module already imported so cannot be rewritten: apiritif
    self._mark_plugins_for_rewrite(hook)

-- Docs: https://docs.pytest.org/en/stable/how-to/capture-warnings.html
======================== 14 passed, 1 warning in 14.45s ========================
============================= test session starts ==============================
platform linux -- Python 3.13.3, pytest-8.3.5, pluggy-1.6.0
rootdir: /dc-app-performance-toolkit/app
plugins: xdist-3.6.1, apiritif-1.1.3
collected 14 items

selenium_ui/jira_ui.py get driver from global
clear browser cookies
INFO: 2sv login form
1747831492698,1207,selenium_login:open_login_page,Success,True,
node_id:jira-0
1747831494246,1547,selenium_login:login_and_view_dashboard,Success,True,
1747831494259,2771,selenium_login,Success,True,
.test_0_selenium_a_login,Total:71 Passed:71 Failed:0
1747831494638,345,selenium_project_summary,Success,True,
.test_1_selenium_view_project_summary,Total:72 Passed:72 Failed:0
1747831494917,277,selenium_browse_projects_list,Success,True,
.test_1_selenium_browse_projects_list,Total:73 Passed:73 Failed:0
1747831495140,220,selenium_browse_boards_list,Success,True,
.test_1_selenium_browse_boards_list,Total:74 Passed:74 Failed:0
1747831496148,848,selenium_create_issue:open_quick_create,Success,True,
1747831497627,714,selenium_create_issue:fill_and_submit_issue_form:submit_issue_form,Success,True,
1747831497627,1478,selenium_create_issue:fill_and_submit_issue_form,Success,True,
1747831497627,2327,selenium_create_issue,Success,True,
.test_1_selenium_create_issue,Total:75 Passed:75 Failed:0
1747831498123,456,selenium_edit_issue:open_edit_issue_form,Success,True,
1747831499562,645,selenium_edit_issue:save_edit_issue_form,Success,True,
1747831499563,1896,selenium_edit_issue,Success,True,
.test_1_selenium_edit_issue,Total:76 Passed:76 Failed:0
1747831499788,224,selenium_save_comment:open_comment_form,Success,True,
1747831501194,687,selenium_save_comment:submit_form,Success,True,
1747831501194,1630,selenium_save_comment,Success,True,
.test_1_selenium_save_comment,Total:77 Passed:77 Failed:0
1747831502193,997,selenium_search_jql,Success,True,
.test_1_selenium_search_jql,Total:78 Passed:78 Failed:0
1747831503360,1164,selenium_view_scrum_board_backlog,Success,True,
.test_1_selenium_view_backlog_for_scrum_board,Total:79 Passed:79 Failed:0
1747831504206,844,selenium_view_scrum_board,Success,True,
.test_1_selenium_view_scrum_board,Total:80 Passed:80 Failed:0
1747831505016,808,selenium_view_kanban_board,Success,True,
.test_1_selenium_view_kanban_board,Total:81 Passed:81 Failed:0
1747831505348,330,selenium_view_dashboard,Success,True,
.test_1_selenium_view_dashboard,Total:82 Passed:82 Failed:0
1747831505821,471,selenium_view_issue,Success,True,
.test_1_selenium_view_issue,Total:83 Passed:83 Failed:0
1747831506175,352,selenium_log_out,Success,True,
.test_2_selenium_z_log_out,Total:84 Passed:84 Failed:0


=============================== warnings summary ===============================
../../root/.bzt/python-packages/3.13.3/_pytest/config/__init__.py:1277
  /root/.bzt/python-packages/3.13.3/_pytest/config/__init__.py:1277: PytestAssertRewriteWarning: Module already imported so cannot be rewritten: apiritif
    self._mark_plugins_for_rewrite(hook)

-- Docs: https://docs.pytest.org/en/stable/how-to/capture-warnings.html
======================== 14 passed, 1 warning in 14.73s ========================
============================= test session starts ==============================
platform linux -- Python 3.13.3, pytest-8.3.5, pluggy-1.6.0
rootdir: /dc-app-performance-toolkit/app
plugins: xdist-3.6.1, apiritif-1.1.3
collected 14 items

selenium_ui/jira_ui.py get driver from global
clear browser cookies
INFO: 2sv login form
1747831507511,1216,selenium_login:open_login_page,Success,True,
node_id:jira-0
1747831508108,595,selenium_login:login_and_view_dashboard,Success,True,
1747831508120,1829,selenium_login,Success,True,
.test_0_selenium_a_login,Total:85 Passed:85 Failed:0
1747831508504,365,selenium_project_summary,Success,True,
.test_1_selenium_view_project_summary,Total:86 Passed:86 Failed:0
1747831508812,305,selenium_browse_projects_list,Success,True,
.test_1_selenium_browse_projects_list,Total:87 Passed:87 Failed:0
1747831509028,214,selenium_browse_boards_list,Success,True,
.test_1_selenium_browse_boards_list,Total:88 Passed:88 Failed:0
1747831510031,803,selenium_create_issue:open_quick_create,Success,True,
1747831511429,696,selenium_create_issue:fill_and_submit_issue_form:submit_issue_form,Success,True,
1747831511429,1397,selenium_create_issue:fill_and_submit_issue_form,Success,True,
1747831511429,2201,selenium_create_issue,Success,True,
.test_1_selenium_create_issue,Total:89 Passed:89 Failed:0
1747831511926,468,selenium_edit_issue:open_edit_issue_form,Success,True,
1747831513387,706,selenium_edit_issue:save_edit_issue_form,Success,True,
1747831513388,1930,selenium_edit_issue,Success,True,
.test_1_selenium_edit_issue,Total:90 Passed:90 Failed:0
1747831513604,215,selenium_save_comment:open_comment_form,Success,True,
1747831515010,665,selenium_save_comment:submit_form,Success,True,
1747831515010,1620,selenium_save_comment,Success,True,
.test_1_selenium_save_comment,Total:91 Passed:91 Failed:0
1747831516764,1751,selenium_search_jql,Success,True,
.test_1_selenium_search_jql,Total:92 Passed:92 Failed:0
1747831517595,829,selenium_view_scrum_board_backlog,Success,True,
.test_1_selenium_view_backlog_for_scrum_board,Total:93 Passed:93 Failed:0
1747831518577,979,selenium_view_scrum_board,Success,True,
.test_1_selenium_view_scrum_board,Total:94 Passed:94 Failed:0
1747831519382,804,selenium_view_kanban_board,Success,True,
.test_1_selenium_view_kanban_board,Total:95 Passed:95 Failed:0
1747831519626,242,selenium_view_dashboard,Success,True,
.test_1_selenium_view_dashboard,Total:96 Passed:96 Failed:0
1747831520085,456,selenium_view_issue,Success,True,
.test_1_selenium_view_issue,Total:97 Passed:97 Failed:0
1747831520421,335,selenium_log_out,Success,True,
.test_2_selenium_z_log_out,Total:98 Passed:98 Failed:0


=============================== warnings summary ===============================
../../root/.bzt/python-packages/3.13.3/_pytest/config/__init__.py:1277
  /root/.bzt/python-packages/3.13.3/_pytest/config/__init__.py:1277: PytestAssertRewriteWarning: Module already imported so cannot be rewritten: apiritif
    self._mark_plugins_for_rewrite(hook)

-- Docs: https://docs.pytest.org/en/stable/how-to/capture-warnings.html
======================== 14 passed, 1 warning in 14.18s ========================
============================= test session starts ==============================
platform linux -- Python 3.13.3, pytest-8.3.5, pluggy-1.6.0
rootdir: /dc-app-performance-toolkit/app
plugins: xdist-3.6.1, apiritif-1.1.3
collected 14 items

selenium_ui/jira_ui.py get driver from global
clear browser cookies
INFO: 2sv login form
1747831521712,1202,selenium_login:open_login_page,Success,True,
node_id:jira-0
1747831522403,690,selenium_login:login_and_view_dashboard,Success,True,
1747831522414,1909,selenium_login,Success,True,
.test_0_selenium_a_login,Total:99 Passed:99 Failed:0
1747831522792,359,selenium_project_summary,Success,True,
.test_1_selenium_view_project_summary,Total:100 Passed:100 Failed:0
1747831523048,255,selenium_browse_projects_list,Success,True,
.test_1_selenium_browse_projects_list,Total:101 Passed:101 Failed:0
1747831523280,230,selenium_browse_boards_list,Success,True,
.test_1_selenium_browse_boards_list,Total:102 Passed:102 Failed:0
1747831524270,798,selenium_create_issue:open_quick_create,Success,True,
1747831525723,701,selenium_create_issue:fill_and_submit_issue_form:submit_issue_form,Success,True,
1747831525724,1452,selenium_create_issue:fill_and_submit_issue_form,Success,True,
1747831525724,2251,selenium_create_issue,Success,True,
.test_1_selenium_create_issue,Total:103 Passed:103 Failed:0
1747831526230,487,selenium_edit_issue:open_edit_issue_form,Success,True,
1747831528036,996,selenium_edit_issue:save_edit_issue_form,Success,True,
1747831528036,2293,selenium_edit_issue,Success,True,
.test_1_selenium_edit_issue,Total:104 Passed:104 Failed:0
1747831528248,210,selenium_save_comment:open_comment_form,Success,True,
1747831529750,772,selenium_save_comment:submit_form,Success,True,
1747831529751,1713,selenium_save_comment,Success,True,
.test_1_selenium_save_comment,Total:105 Passed:105 Failed:0
1747831531502,1749,selenium_search_jql,Success,True,
.test_1_selenium_search_jql,Total:106 Passed:106 Failed:0
1747831532365,862,selenium_view_scrum_board_backlog,Success,True,
.test_1_selenium_view_backlog_for_scrum_board,Total:107 Passed:107 Failed:0
1747831533202,835,selenium_view_scrum_board,Success,True,
.test_1_selenium_view_scrum_board,Total:108 Passed:108 Failed:0
1747831534015,811,selenium_view_kanban_board,Success,True,
.test_1_selenium_view_kanban_board,Total:109 Passed:109 Failed:0
1747831534245,228,selenium_view_dashboard,Success,True,
.test_1_selenium_view_dashboard,Total:110 Passed:110 Failed:0
1747831534693,446,selenium_view_issue,Success,True,
.test_1_selenium_view_issue,Total:111 Passed:111 Failed:0
1747831535041,346,selenium_log_out,Success,True,
.test_2_selenium_z_log_out,Total:112 Passed:112 Failed:0


=============================== warnings summary ===============================
../../root/.bzt/python-packages/3.13.3/_pytest/config/__init__.py:1277
  /root/.bzt/python-packages/3.13.3/_pytest/config/__init__.py:1277: PytestAssertRewriteWarning: Module already imported so cannot be rewritten: apiritif
    self._mark_plugins_for_rewrite(hook)

-- Docs: https://docs.pytest.org/en/stable/how-to/capture-warnings.html
======================== 14 passed, 1 warning in 14.58s ========================
============================= test session starts ==============================
platform linux -- Python 3.13.3, pytest-8.3.5, pluggy-1.6.0
rootdir: /dc-app-performance-toolkit/app
plugins: xdist-3.6.1, apiritif-1.1.3
collected 14 items

selenium_ui/jira_ui.py get driver from global
clear browser cookies
INFO: 2sv login form
1747831536324,1192,selenium_login:open_login_page,Success,True,
node_id:jira-0
1747831537025,700,selenium_login:login_and_view_dashboard,Success,True,
1747831537039,1910,selenium_login,Success,True,
.test_0_selenium_a_login,Total:113 Passed:113 Failed:0
1747831537376,314,selenium_project_summary,Success,True,
.test_1_selenium_view_project_summary,Total:114 Passed:114 Failed:0
1747831537680,303,selenium_browse_projects_list,Success,True,
.test_1_selenium_browse_projects_list,Total:115 Passed:115 Failed:0
1747831537902,219,selenium_browse_boards_list,Success,True,
.test_1_selenium_browse_boards_list,Total:116 Passed:116 Failed:0
1747831539095,1022,selenium_create_issue:open_quick_create,Success,True,
1747831540604,717,selenium_create_issue:fill_and_submit_issue_form:submit_issue_form,Success,True,
1747831540605,1509,selenium_create_issue:fill_and_submit_issue_form,Success,True,
1747831540605,2532,selenium_create_issue,Success,True,
.test_1_selenium_create_issue,Total:117 Passed:117 Failed:0
1747831541107,477,selenium_edit_issue:open_edit_issue_form,Success,True,
1747831542616,691,selenium_edit_issue:save_edit_issue_form,Success,True,
1747831542617,1987,selenium_edit_issue,Success,True,
.test_1_selenium_edit_issue,Total:118 Passed:118 Failed:0
1747831542795,176,selenium_save_comment:open_comment_form,Success,True,
1747831544193,662,selenium_save_comment:submit_form,Success,True,
1747831544193,1575,selenium_save_comment,Success,True,
.test_1_selenium_save_comment,Total:119 Passed:119 Failed:0
1747831545297,1102,selenium_search_jql,Success,True,
.test_1_selenium_search_jql,Total:120 Passed:120 Failed:0
1747831546505,1205,selenium_view_scrum_board_backlog,Success,True,
.test_1_selenium_view_backlog_for_scrum_board,Total:121 Passed:121 Failed:0
1747831547452,945,selenium_view_scrum_board,Success,True,
.test_1_selenium_view_scrum_board,Total:122 Passed:122 Failed:0
1747831548379,926,selenium_view_kanban_board,Success,True,
.test_1_selenium_view_kanban_board,Total:123 Passed:123 Failed:0
1747831548639,258,selenium_view_dashboard,Success,True,
.test_1_selenium_view_dashboard,Total:124 Passed:124 Failed:0
1747831549117,476,selenium_view_issue,Success,True,
.test_1_selenium_view_issue,Total:125 Passed:125 Failed:0
1747831549466,347,selenium_log_out,Success,True,
.test_2_selenium_z_log_out,Total:126 Passed:126 Failed:0


=============================== warnings summary ===============================
../../root/.bzt/python-packages/3.13.3/_pytest/config/__init__.py:1277
  /root/.bzt/python-packages/3.13.3/_pytest/config/__init__.py:1277: PytestAssertRewriteWarning: Module already imported so cannot be rewritten: apiritif
    self._mark_plugins_for_rewrite(hook)

-- Docs: https://docs.pytest.org/en/stable/how-to/capture-warnings.html
======================== 14 passed, 1 warning in 14.38s ========================
============================= test session starts ==============================
platform linux -- Python 3.13.3, pytest-8.3.5, pluggy-1.6.0
rootdir: /dc-app-performance-toolkit/app
plugins: xdist-3.6.1, apiritif-1.1.3
collected 14 items

selenium_ui/jira_ui.py get driver from global
clear browser cookies
INFO: 2sv login form
1747831550729,1177,selenium_login:open_login_page,Success,True,
node_id:jira-0
1747831552211,1481,selenium_login:login_and_view_dashboard,Success,True,
1747831552224,2676,selenium_login,Success,True,
.test_0_selenium_a_login,Total:127 Passed:127 Failed:0
1747831552621,359,selenium_project_summary,Success,True,
.test_1_selenium_view_project_summary,Total:128 Passed:128 Failed:0
1747831552921,297,selenium_browse_projects_list,Success,True,
.test_1_selenium_browse_projects_list,Total:129 Passed:129 Failed:0
1747831553197,274,selenium_browse_boards_list,Success,True,
.test_1_selenium_browse_boards_list,Total:130 Passed:130 Failed:0
1747831554155,738,selenium_create_issue:open_quick_create,Success,True,
1747831555674,719,selenium_create_issue:fill_and_submit_issue_form:submit_issue_form,Success,True,
1747831555674,1519,selenium_create_issue:fill_and_submit_issue_form,Success,True,
1747831555674,2258,selenium_create_issue,Success,True,
.test_1_selenium_create_issue,Total:131 Passed:131 Failed:0
1747831556521,830,selenium_edit_issue:open_edit_issue_form,Success,True,
1747831557894,696,selenium_edit_issue:save_edit_issue_form,Success,True,
1747831557895,2204,selenium_edit_issue,Success,True,
.test_1_selenium_edit_issue,Total:132 Passed:132 Failed:0
1747831558136,240,selenium_save_comment:open_comment_form,Success,True,
1747831559650,752,selenium_save_comment:submit_form,Success,True,
1747831559651,1754,selenium_save_comment,Success,True,
.test_1_selenium_save_comment,Total:133 Passed:133 Failed:0
1747831561528,1876,selenium_search_jql,Success,True,
.test_1_selenium_search_jql,Total:134 Passed:134 Failed:0
1747831562819,1289,selenium_view_scrum_board_backlog,Success,True,
.test_1_selenium_view_backlog_for_scrum_board,Total:135 Passed:135 Failed:0
1747831563713,891,selenium_view_scrum_board,Success,True,
.test_1_selenium_view_scrum_board,Total:136 Passed:136 Failed:0
1747831564781,1066,selenium_view_kanban_board,Success,True,
.test_1_selenium_view_kanban_board,Total:137 Passed:137 Failed:0
1747831565027,244,selenium_view_dashboard,Success,True,
.test_1_selenium_view_dashboard,Total:138 Passed:138 Failed:0
1747831565486,456,selenium_view_issue,Success,True,
.test_1_selenium_view_issue,Total:139 Passed:139 Failed:0
1747831565823,335,selenium_log_out,Success,True,
.test_2_selenium_z_log_out,Total:140 Passed:140 Failed:0


=============================== warnings summary ===============================
../../root/.bzt/python-packages/3.13.3/_pytest/config/__init__.py:1277
  /root/.bzt/python-packages/3.13.3/_pytest/config/__init__.py:1277: PytestAssertRewriteWarning: Module already imported so cannot be rewritten: apiritif
    self._mark_plugins_for_rewrite(hook)

-- Docs: https://docs.pytest.org/en/stable/how-to/capture-warnings.html
======================== 14 passed, 1 warning in 16.31s ========================
============================= test session starts ==============================
platform linux -- Python 3.13.3, pytest-8.3.5, pluggy-1.6.0
rootdir: /dc-app-performance-toolkit/app
plugins: xdist-3.6.1, apiritif-1.1.3
collected 14 items

selenium_ui/jira_ui.py get driver from global
clear browser cookies
INFO: 2sv login form
1747831567151,1235,selenium_login:open_login_page,Success,True,
node_id:jira-0
1747831567822,670,selenium_login:login_and_view_dashboard,Success,True,
1747831567835,1922,selenium_login,Success,True,
.test_0_selenium_a_login,Total:141 Passed:141 Failed:0
1747831568216,359,selenium_project_summary,Success,True,
.test_1_selenium_view_project_summary,Total:142 Passed:142 Failed:0
1747831568524,306,selenium_browse_projects_list,Success,True,
.test_1_selenium_browse_projects_list,Total:143 Passed:143 Failed:0
1747831568762,236,selenium_browse_boards_list,Success,True,
.test_1_selenium_browse_boards_list,Total:144 Passed:144 Failed:0
1747831569784,777,selenium_create_issue:open_quick_create,Success,True,
1747831571172,717,selenium_create_issue:fill_and_submit_issue_form:submit_issue_form,Success,True,
1747831571172,1387,selenium_create_issue:fill_and_submit_issue_form,Success,True,
1747831571172,2165,selenium_create_issue,Success,True,
.test_1_selenium_create_issue,Total:145 Passed:145 Failed:0
1747831571689,491,selenium_edit_issue:open_edit_issue_form,Success,True,
1747831573315,776,selenium_edit_issue:save_edit_issue_form,Success,True,
1747831573315,2117,selenium_edit_issue,Success,True,
.test_1_selenium_edit_issue,Total:146 Passed:146 Failed:0
1747831573622,306,selenium_save_comment:open_comment_form,Success,True,
1747831575134,738,selenium_save_comment:submit_form,Success,True,
1747831575134,1817,selenium_save_comment,Success,True,
.test_1_selenium_save_comment,Total:147 Passed:147 Failed:0
1747831576438,1302,selenium_search_jql,Success,True,
.test_1_selenium_search_jql,Total:148 Passed:148 Failed:0
1747831577803,1362,selenium_view_scrum_board_backlog,Success,True,
.test_1_selenium_view_backlog_for_scrum_board,Total:149 Passed:149 Failed:0
1747831578746,942,selenium_view_scrum_board,Success,True,
.test_1_selenium_view_scrum_board,Total:150 Passed:150 Failed:0
1747831579789,1041,selenium_view_kanban_board,Success,True,
.test_1_selenium_view_kanban_board,Total:151 Passed:151 Failed:0
1747831580019,228,selenium_view_dashboard,Success,True,
.test_1_selenium_view_dashboard,Total:152 Passed:152 Failed:0
1747831580546,525,selenium_view_issue,Success,True,
.test_1_selenium_view_issue,Total:153 Passed:153 Failed:0
1747831580896,348,selenium_log_out,Success,True,
.test_2_selenium_z_log_out,Total:154 Passed:154 Failed:0


=============================== warnings summary ===============================
../../root/.bzt/python-packages/3.13.3/_pytest/config/__init__.py:1277
  /root/.bzt/python-packages/3.13.3/_pytest/config/__init__.py:1277: PytestAssertRewriteWarning: Module already imported so cannot be rewritten: apiritif
    self._mark_plugins_for_rewrite(hook)

-- Docs: https://docs.pytest.org/en/stable/how-to/capture-warnings.html
======================== 14 passed, 1 warning in 15.03s ========================
============================= test session starts ==============================
platform linux -- Python 3.13.3, pytest-8.3.5, pluggy-1.6.0
rootdir: /dc-app-performance-toolkit/app
plugins: xdist-3.6.1, apiritif-1.1.3
collected 14 items

selenium_ui/jira_ui.py get driver from global
clear browser cookies
INFO: 2sv login form
1747831582202,1214,selenium_login:open_login_page,Success,True,
node_id:jira-0
1747831582905,702,selenium_login:login_and_view_dashboard,Success,True,
1747831582917,1933,selenium_login,Success,True,
.test_0_selenium_a_login,Total:155 Passed:155 Failed:0
1747831583298,359,selenium_project_summary,Success,True,
.test_1_selenium_view_project_summary,Total:156 Passed:156 Failed:0
1747831583635,335,selenium_browse_projects_list,Success,True,
.test_1_selenium_browse_projects_list,Total:157 Passed:157 Failed:0
1747831583905,269,selenium_browse_boards_list,Success,True,
.test_1_selenium_browse_boards_list,Total:158 Passed:158 Failed:0
1747831585071,933,selenium_create_issue:open_quick_create,Success,True,
1747831586597,794,selenium_create_issue:fill_and_submit_issue_form:submit_issue_form,Success,True,
1747831586598,1526,selenium_create_issue:fill_and_submit_issue_form,Success,True,
1747831586598,2461,selenium_create_issue,Success,True,
.test_1_selenium_create_issue,Total:159 Passed:159 Failed:0
1747831587109,493,selenium_edit_issue:open_edit_issue_form,Success,True,
1747831588567,681,selenium_edit_issue:save_edit_issue_form,Success,True,
1747831588567,1950,selenium_edit_issue,Success,True,
.test_1_selenium_edit_issue,Total:160 Passed:160 Failed:0
1747831588812,243,selenium_save_comment:open_comment_form,Success,True,
1747831590271,686,selenium_save_comment:submit_form,Success,True,
1747831590271,1703,selenium_save_comment,Success,True,
.test_1_selenium_save_comment,Total:161 Passed:161 Failed:0
1747831591522,1249,selenium_search_jql,Success,True,
.test_1_selenium_search_jql,Total:162 Passed:162 Failed:0
1747831592737,1212,selenium_view_scrum_board_backlog,Success,True,
.test_1_selenium_view_backlog_for_scrum_board,Total:163 Passed:163 Failed:0
1747831593673,934,selenium_view_scrum_board,Success,True,
.test_1_selenium_view_scrum_board,Total:164 Passed:164 Failed:0
1747831594571,896,selenium_view_kanban_board,Success,True,
.test_1_selenium_view_kanban_board,Total:165 Passed:165 Failed:0
1747831594911,338,selenium_view_dashboard,Success,True,
.test_1_selenium_view_dashboard,Total:166 Passed:166 Failed:0
1747831595555,642,selenium_view_issue,Success,True,
.test_1_selenium_view_issue,Total:167 Passed:167 Failed:0
1747831595932,375,selenium_log_out,Success,True,
.test_2_selenium_z_log_out,Total:168 Passed:168 Failed:0


=============================== warnings summary ===============================
../../root/.bzt/python-packages/3.13.3/_pytest/config/__init__.py:1277
  /root/.bzt/python-packages/3.13.3/_pytest/config/__init__.py:1277: PytestAssertRewriteWarning: Module already imported so cannot be rewritten: apiritif
    self._mark_plugins_for_rewrite(hook)

-- Docs: https://docs.pytest.org/en/stable/how-to/capture-warnings.html
======================== 14 passed, 1 warning in 14.99s ========================
============================= test session starts ==============================
platform linux -- Python 3.13.3, pytest-8.3.5, pluggy-1.6.0
rootdir: /dc-app-performance-toolkit/app
plugins: xdist-3.6.1, apiritif-1.1.3
collected 14 items

selenium_ui/jira_ui.py get driver from global
clear browser cookies
INFO: 2sv login form
1747831597306,1264,selenium_login:open_login_page,Success,True,
node_id:jira-0
1747831598073,766,selenium_login:login_and_view_dashboard,Success,True,
1747831598088,2050,selenium_login,Success,True,
.test_0_selenium_a_login,Total:169 Passed:169 Failed:0
1747831598486,379,selenium_project_summary,Success,True,
.test_1_selenium_view_project_summary,Total:170 Passed:170 Failed:0
1747831598849,362,selenium_browse_projects_list,Success,True,
.test_1_selenium_browse_projects_list,Total:171 Passed:171 Failed:0
1747831599083,232,selenium_browse_boards_list,Success,True,
.test_1_selenium_browse_boards_list,Total:172 Passed:172 Failed:0
1747831600173,905,selenium_create_issue:open_quick_create,Success,True,
1747831601598,745,selenium_create_issue:fill_and_submit_issue_form:submit_issue_form,Success,True,
1747831601598,1424,selenium_create_issue:fill_and_submit_issue_form,Success,True,
1747831601598,2331,selenium_create_issue,Success,True,
.test_1_selenium_create_issue,Total:173 Passed:173 Failed:0
1747831602098,481,selenium_edit_issue:open_edit_issue_form,Success,True,
1747831603601,690,selenium_edit_issue:save_edit_issue_form,Success,True,
1747831603602,1985,selenium_edit_issue,Success,True,
.test_1_selenium_edit_issue,Total:174 Passed:174 Failed:0
1747831603829,225,selenium_save_comment:open_comment_form,Success,True,
1747831605306,707,selenium_save_comment:submit_form,Success,True,
1747831605306,1702,selenium_save_comment,Success,True,
.test_1_selenium_save_comment,Total:175 Passed:175 Failed:0
1747831606396,1088,selenium_search_jql,Success,True,
.test_1_selenium_search_jql,Total:176 Passed:176 Failed:0
1747831607748,1350,selenium_view_scrum_board_backlog,Success,True,
.test_1_selenium_view_backlog_for_scrum_board,Total:177 Passed:177 Failed:0
1747831608707,957,selenium_view_scrum_board,Success,True,
.test_1_selenium_view_scrum_board,Total:178 Passed:178 Failed:0
1747831609809,1100,selenium_view_kanban_board,Success,True,
.test_1_selenium_view_kanban_board,Total:179 Passed:179 Failed:0
1747831610069,258,selenium_view_dashboard,Success,True,
.test_1_selenium_view_dashboard,Total:180 Passed:180 Failed:0
1747831610552,481,selenium_view_issue,Success,True,
.test_1_selenium_view_issue,Total:181 Passed:181 Failed:0
1747831610936,382,selenium_log_out,Success,True,
.test_2_selenium_z_log_out,Total:182 Passed:182 Failed:0


=============================== warnings summary ===============================
../../root/.bzt/python-packages/3.13.3/_pytest/config/__init__.py:1277
  /root/.bzt/python-packages/3.13.3/_pytest/config/__init__.py:1277: PytestAssertRewriteWarning: Module already imported so cannot be rewritten: apiritif
    self._mark_plugins_for_rewrite(hook)

-- Docs: https://docs.pytest.org/en/stable/how-to/capture-warnings.html
======================== 14 passed, 1 warning in 14.95s ========================
============================= test session starts ==============================
platform linux -- Python 3.13.3, pytest-8.3.5, pluggy-1.6.0
rootdir: /dc-app-performance-toolkit/app
plugins: xdist-3.6.1, apiritif-1.1.3
collected 14 items

selenium_ui/jira_ui.py get driver from global
clear browser cookies
INFO: 2sv login form
1747831612300,1265,selenium_login:open_login_page,Success,True,
node_id:jira-0
1747831612970,669,selenium_login:login_and_view_dashboard,Success,True,
1747831612982,1952,selenium_login,Success,True,
.test_0_selenium_a_login,Total:183 Passed:183 Failed:0
1747831613360,357,selenium_project_summary,Success,True,
.test_1_selenium_view_project_summary,Total:184 Passed:184 Failed:0
1747831613677,315,selenium_browse_projects_list,Success,True,
.test_1_selenium_browse_projects_list,Total:185 Passed:185 Failed:0
1747831613899,220,selenium_browse_boards_list,Success,True,
.test_1_selenium_browse_boards_list,Total:186 Passed:186 Failed:0
1747831615070,972,selenium_create_issue:open_quick_create,Success,True,
1747831616647,784,selenium_create_issue:fill_and_submit_issue_form:submit_issue_form,Success,True,
1747831616647,1577,selenium_create_issue:fill_and_submit_issue_form,Success,True,
1747831616648,2550,selenium_create_issue,Success,True,
.test_1_selenium_create_issue,Total:187 Passed:187 Failed:0
1747831617166,500,selenium_edit_issue:open_edit_issue_form,Success,True,
1747831618803,769,selenium_edit_issue:save_edit_issue_form,Success,True,
1747831618804,2137,selenium_edit_issue,Success,True,
.test_1_selenium_edit_issue,Total:188 Passed:188 Failed:0
1747831619064,259,selenium_save_comment:open_comment_form,Success,True,
1747831620614,742,selenium_save_comment:submit_form,Success,True,
1747831620614,1809,selenium_save_comment,Success,True,
.test_1_selenium_save_comment,Total:189 Passed:189 Failed:0
1747831621831,1214,selenium_search_jql,Success,True,
.test_1_selenium_search_jql,Total:190 Passed:190 Failed:0
1747831622812,979,selenium_view_scrum_board_backlog,Success,True,
.test_1_selenium_view_backlog_for_scrum_board,Total:191 Passed:191 Failed:0
1747831623882,1068,selenium_view_scrum_board,Success,True,
.test_1_selenium_view_scrum_board,Total:192 Passed:192 Failed:0
1747831624824,940,selenium_view_kanban_board,Success,True,
.test_1_selenium_view_kanban_board,Total:193 Passed:193 Failed:0
1747831625084,258,selenium_view_dashboard,Success,True,
.test_1_selenium_view_dashboard,Total:194 Passed:194 Failed:0
1747831625632,545,selenium_view_issue,Success,True,
.test_1_selenium_view_issue,Total:195 Passed:195 Failed:0
1747831626543,908,selenium_log_out,Success,True,
.test_2_selenium_z_log_out,Total:196 Passed:196 Failed:0


=============================== warnings summary ===============================
../../root/.bzt/python-packages/3.13.3/_pytest/config/__init__.py:1277
  /root/.bzt/python-packages/3.13.3/_pytest/config/__init__.py:1277: PytestAssertRewriteWarning: Module already imported so cannot be rewritten: apiritif
    self._mark_plugins_for_rewrite(hook)

-- Docs: https://docs.pytest.org/en/stable/how-to/capture-warnings.html
======================== 14 passed, 1 warning in 15.56s ========================
============================= test session starts ==============================
platform linux -- Python 3.13.3, pytest-8.3.5, pluggy-1.6.0
rootdir: /dc-app-performance-toolkit/app
plugins: xdist-3.6.1, apiritif-1.1.3
collected 14 items

selenium_ui/jira_ui.py get driver from global
clear browser cookies
INFO: 2sv login form
1747831627802,1173,selenium_login:open_login_page,Success,True,
node_id:jira-0
1747831628632,829,selenium_login:login_and_view_dashboard,Success,True,
1747831628646,2020,selenium_login,Success,True,
.test_0_selenium_a_login,Total:197 Passed:197 Failed:0
1747831629062,371,selenium_project_summary,Success,True,
.test_1_selenium_view_project_summary,Total:198 Passed:198 Failed:0
1747831629402,338,selenium_browse_projects_list,Success,True,
.test_1_selenium_browse_projects_list,Total:199 Passed:199 Failed:0
1747831629679,275,selenium_browse_boards_list,Success,True,
.test_1_selenium_browse_boards_list,Total:200 Passed:200 Failed:0
1747831630885,922,selenium_create_issue:open_quick_create,Success,True,
1747831632332,805,selenium_create_issue:fill_and_submit_issue_form:submit_issue_form,Success,True,
1747831632333,1447,selenium_create_issue:fill_and_submit_issue_form,Success,True,
1747831632333,2371,selenium_create_issue,Success,True,
.test_1_selenium_create_issue,Total:201 Passed:201 Failed:0
1747831632837,484,selenium_edit_issue:open_edit_issue_form,Success,True,
1747831634316,722,selenium_edit_issue:save_edit_issue_form,Success,True,
1747831634317,1964,selenium_edit_issue,Success,True,
.test_1_selenium_edit_issue,Total:202 Passed:202 Failed:0
1747831634565,246,selenium_save_comment:open_comment_form,Success,True,
1747831635999,651,selenium_save_comment:submit_form,Success,True,
1747831635999,1680,selenium_save_comment,Success,True,
.test_1_selenium_save_comment,Total:203 Passed:203 Failed:0
1747831637229,1228,selenium_search_jql,Success,True,
.test_1_selenium_search_jql,Total:204 Passed:204 Failed:0
1747831638530,1299,selenium_view_scrum_board_backlog,Success,True,
.test_1_selenium_view_backlog_for_scrum_board,Total:205 Passed:205 Failed:0
1747831639487,954,selenium_view_scrum_board,Success,True,
.test_1_selenium_view_scrum_board,Total:206 Passed:206 Failed:0
1747831640470,981,selenium_view_kanban_board,Success,True,
.test_1_selenium_view_kanban_board,Total:207 Passed:207 Failed:0
1747831640700,228,selenium_view_dashboard,Success,True,
.test_1_selenium_view_dashboard,Total:208 Passed:208 Failed:0
1747831641163,460,selenium_view_issue,Success,True,
.test_1_selenium_view_issue,Total:209 Passed:209 Failed:0
1747831642074,909,selenium_log_out,Success,True,
.test_2_selenium_z_log_out,Total:210 Passed:210 Failed:0


=============================== warnings summary ===============================
../../root/.bzt/python-packages/3.13.3/_pytest/config/__init__.py:1277
  /root/.bzt/python-packages/3.13.3/_pytest/config/__init__.py:1277: PytestAssertRewriteWarning: Module already imported so cannot be rewritten: apiritif
    self._mark_plugins_for_rewrite(hook)

-- Docs: https://docs.pytest.org/en/stable/how-to/capture-warnings.html
======================== 14 passed, 1 warning in 15.49s ========================
============================= test session starts ==============================
platform linux -- Python 3.13.3, pytest-8.3.5, pluggy-1.6.0
rootdir: /dc-app-performance-toolkit/app
plugins: xdist-3.6.1, apiritif-1.1.3
collected 14 items

selenium_ui/jira_ui.py get driver from global
clear browser cookies
INFO: 2sv login form
1747831643360,1200,selenium_login:open_login_page,Success,True,
node_id:jira-0
1747831644011,650,selenium_login:login_and_view_dashboard,Success,True,
1747831644022,1866,selenium_login,Success,True,
.test_0_selenium_a_login,Total:211 Passed:211 Failed:0
1747831644398,355,selenium_project_summary,Success,True,
.test_1_selenium_view_project_summary,Total:212 Passed:212 Failed:0
1747831644699,298,selenium_browse_projects_list,Success,True,
.test_1_selenium_browse_projects_list,Total:213 Passed:213 Failed:0
1747831644923,222,selenium_browse_boards_list,Success,True,
.test_1_selenium_browse_boards_list,Total:214 Passed:214 Failed:0
1747831646325,1158,selenium_create_issue:open_quick_create,Success,True,
1747831647799,792,selenium_create_issue:fill_and_submit_issue_form:submit_issue_form,Success,True,
1747831647800,1474,selenium_create_issue:fill_and_submit_issue_form,Success,True,
1747831647800,2633,selenium_create_issue,Success,True,
.test_1_selenium_create_issue,Total:215 Passed:215 Failed:0
1747831648348,530,selenium_edit_issue:open_edit_issue_form,Success,True,
1747831650071,816,selenium_edit_issue:save_edit_issue_form,Success,True,
1747831650072,2253,selenium_edit_issue,Success,True,
.test_1_selenium_edit_issue,Total:216 Passed:216 Failed:0
1747831650312,239,selenium_save_comment:open_comment_form,Success,True,
1747831651938,812,selenium_save_comment:submit_form,Success,True,
1747831651938,1865,selenium_save_comment,Success,True,
.test_1_selenium_save_comment,Total:217 Passed:217 Failed:0
1747831653165,1225,selenium_search_jql,Success,True,
.test_1_selenium_search_jql,Total:218 Passed:218 Failed:0
1747831654105,938,selenium_view_scrum_board_backlog,Success,True,
.test_1_selenium_view_backlog_for_scrum_board,Total:219 Passed:219 Failed:0
1747831655117,1010,selenium_view_scrum_board,Success,True,
.test_1_selenium_view_scrum_board,Total:220 Passed:220 Failed:0
1747831656228,1108,selenium_view_kanban_board,Success,True,
.test_1_selenium_view_kanban_board,Total:221 Passed:221 Failed:0
1747831656440,211,selenium_view_dashboard,Success,True,
.test_1_selenium_view_dashboard,Total:222 Passed:222 Failed:0
1747831656924,482,selenium_view_issue,Success,True,
.test_1_selenium_view_issue,Total:223 Passed:223 Failed:0
1747831657274,347,selenium_log_out,Success,True,
.test_2_selenium_z_log_out,Total:224 Passed:224 Failed:0


=============================== warnings summary ===============================
../../root/.bzt/python-packages/3.13.3/_pytest/config/__init__.py:1277
  /root/.bzt/python-packages/3.13.3/_pytest/config/__init__.py:1277: PytestAssertRewriteWarning: Module already imported so cannot be rewritten: apiritif
    self._mark_plugins_for_rewrite(hook)

-- Docs: https://docs.pytest.org/en/stable/how-to/capture-warnings.html
======================== 14 passed, 1 warning in 15.16s ========================
============================= test session starts ==============================
platform linux -- Python 3.13.3, pytest-8.3.5, pluggy-1.6.0
rootdir: /dc-app-performance-toolkit/app
plugins: xdist-3.6.1, apiritif-1.1.3
collected 14 items

selenium_ui/jira_ui.py get driver from global
clear browser cookies
INFO: 2sv login form
1747831658560,1198,selenium_login:open_login_page,Success,True,
node_id:jira-0
1747831659245,684,selenium_login:login_and_view_dashboard,Success,True,
1747831659257,1898,selenium_login,Success,True,
.test_0_selenium_a_login,Total:225 Passed:225 Failed:0
1747831659704,426,selenium_project_summary,Success,True,
.test_1_selenium_view_project_summary,Total:226 Passed:226 Failed:0
1747831660021,315,selenium_browse_projects_list,Success,True,
.test_1_selenium_browse_projects_list,Total:227 Passed:227 Failed:0
1747831660317,294,selenium_browse_boards_list,Success,True,
.test_1_selenium_browse_boards_list,Total:228 Passed:228 Failed:0
1747831661361,804,selenium_create_issue:open_quick_create,Success,True,
1747831662892,810,selenium_create_issue:fill_and_submit_issue_form:submit_issue_form,Success,True,
1747831662892,1530,selenium_create_issue:fill_and_submit_issue_form,Success,True,
1747831662892,2335,selenium_create_issue,Success,True,
.test_1_selenium_create_issue,Total:229 Passed:229 Failed:0
1747831663454,543,selenium_edit_issue:open_edit_issue_form,Success,True,
1747831664974,770,selenium_edit_issue:save_edit_issue_form,Success,True,
1747831664974,2063,selenium_edit_issue,Success,True,
.test_1_selenium_edit_issue,Total:230 Passed:230 Failed:0
1747831665212,237,selenium_save_comment:open_comment_form,Success,True,
1747831666773,741,selenium_save_comment:submit_form,Success,True,
1747831666773,1798,selenium_save_comment,Success,True,
.test_1_selenium_save_comment,Total:231 Passed:231 Failed:0
1747831667856,1081,selenium_search_jql,Success,True,
.test_1_selenium_search_jql,Total:232 Passed:232 Failed:0
1747831668972,1113,selenium_view_scrum_board_backlog,Success,True,
.test_1_selenium_view_backlog_for_scrum_board,Total:233 Passed:233 Failed:0
1747831669989,1016,selenium_view_scrum_board,Success,True,
.test_1_selenium_view_scrum_board,Total:234 Passed:234 Failed:0
1747831671035,1044,selenium_view_kanban_board,Success,True,
.test_1_selenium_view_kanban_board,Total:235 Passed:235 Failed:0
1747831671283,246,selenium_view_dashboard,Success,True,
.test_1_selenium_view_dashboard,Total:236 Passed:236 Failed:0
1747831671774,489,selenium_view_issue,Success,True,
.test_1_selenium_view_issue,Total:237 Passed:237 Failed:0
1747831672144,367,selenium_log_out,Success,True,
.test_2_selenium_z_log_out,Total:238 Passed:238 Failed:0


=============================== warnings summary ===============================
../../root/.bzt/python-packages/3.13.3/_pytest/config/__init__.py:1277
  /root/.bzt/python-packages/3.13.3/_pytest/config/__init__.py:1277: PytestAssertRewriteWarning: Module already imported so cannot be rewritten: apiritif
    self._mark_plugins_for_rewrite(hook)

-- Docs: https://docs.pytest.org/en/stable/how-to/capture-warnings.html
======================== 14 passed, 1 warning in 14.83s ========================
============================= test session starts ==============================
platform linux -- Python 3.13.3, pytest-8.3.5, pluggy-1.6.0
rootdir: /dc-app-performance-toolkit/app
plugins: xdist-3.6.1, apiritif-1.1.3
collected 14 items

selenium_ui/jira_ui.py get driver from global
clear browser cookies
INFO: 2sv login form
1747831673441,1210,selenium_login:open_login_page,Success,True,
node_id:jira-0
1747831675201,1759,selenium_login:login_and_view_dashboard,Success,True,
1747831675212,2986,selenium_login,Success,True,
.test_0_selenium_a_login,Total:239 Passed:239 Failed:0
1747831675597,349,selenium_project_summary,Success,True,
.test_1_selenium_view_project_summary,Total:240 Passed:240 Failed:0
1747831675871,273,selenium_browse_projects_list,Success,True,
.test_1_selenium_browse_projects_list,Total:241 Passed:241 Failed:0
1747831676093,220,selenium_browse_boards_list,Success,True,
.test_1_selenium_browse_boards_list,Total:242 Passed:242 Failed:0
1747831677317,988,selenium_create_issue:open_quick_create,Success,True,
1747831678808,809,selenium_create_issue:fill_and_submit_issue_form:submit_issue_form,Success,True,
1747831678808,1490,selenium_create_issue:fill_and_submit_issue_form,Success,True,
1747831678808,2479,selenium_create_issue,Success,True,
.test_1_selenium_create_issue,Total:243 Passed:243 Failed:0
1747831679496,669,selenium_edit_issue:open_edit_issue_form,Success,True,
1747831680855,687,selenium_edit_issue:save_edit_issue_form,Success,True,
1747831680855,2028,selenium_edit_issue,Success,True,
.test_1_selenium_edit_issue,Total:244 Passed:244 Failed:0
1747831681113,256,selenium_save_comment:open_comment_form,Success,True,
1747831682620,680,selenium_save_comment:submit_form,Success,True,
1747831682620,1763,selenium_save_comment,Success,True,
.test_1_selenium_save_comment,Total:245 Passed:245 Failed:0
1747831683925,1303,selenium_search_jql,Success,True,
.test_1_selenium_search_jql,Total:246 Passed:246 Failed:0
1747831685214,1286,selenium_view_scrum_board_backlog,Success,True,
.test_1_selenium_view_backlog_for_scrum_board,Total:247 Passed:247 Failed:0
1747831686215,999,selenium_view_scrum_board,Success,True,
.test_1_selenium_view_scrum_board,Total:248 Passed:248 Failed:0
1747831687275,1057,selenium_view_kanban_board,Success,True,
.test_1_selenium_view_kanban_board,Total:249 Passed:249 Failed:0
1747831687538,261,selenium_view_dashboard,Success,True,
.test_1_selenium_view_dashboard,Total:250 Passed:250 Failed:0
1747831688041,501,selenium_view_issue,Success,True,
.test_1_selenium_view_issue,Total:251 Passed:251 Failed:0
1747831688387,344,selenium_log_out,Success,True,
.test_2_selenium_z_log_out,Total:252 Passed:252 Failed:0


=============================== warnings summary ===============================
../../root/.bzt/python-packages/3.13.3/_pytest/config/__init__.py:1277
  /root/.bzt/python-packages/3.13.3/_pytest/config/__init__.py:1277: PytestAssertRewriteWarning: Module already imported so cannot be rewritten: apiritif
    self._mark_plugins_for_rewrite(hook)

-- Docs: https://docs.pytest.org/en/stable/how-to/capture-warnings.html
======================== 14 passed, 1 warning in 16.20s ========================
============================= test session starts ==============================
platform linux -- Python 3.13.3, pytest-8.3.5, pluggy-1.6.0
rootdir: /dc-app-performance-toolkit/app
plugins: xdist-3.6.1, apiritif-1.1.3
collected 14 items

selenium_ui/jira_ui.py get driver from global
clear browser cookies
INFO: 2sv login form
1747831689673,1201,selenium_login:open_login_page,Success,True,
node_id:jira-0
1747831691076,1401,selenium_login:login_and_view_dashboard,Success,True,
1747831691089,2620,selenium_login,Success,True,
.test_0_selenium_a_login,Total:253 Passed:253 Failed:0
1747831691484,373,selenium_project_summary,Success,True,
.test_1_selenium_view_project_summary,Total:254 Passed:254 Failed:0
1747831691765,279,selenium_browse_projects_list,Success,True,
.test_1_selenium_browse_projects_list,Total:255 Passed:255 Failed:0
1747831692009,241,selenium_browse_boards_list,Success,True,
.test_1_selenium_browse_boards_list,Total:256 Passed:256 Failed:0
1747831693119,928,selenium_create_issue:open_quick_create,Success,True,
1747831694645,827,selenium_create_issue:fill_and_submit_issue_form:submit_issue_form,Success,True,
1747831694646,1526,selenium_create_issue:fill_and_submit_issue_form,Success,True,
1747831694646,2455,selenium_create_issue,Success,True,
.test_1_selenium_create_issue,Total:257 Passed:257 Failed:0
1747831695189,522,selenium_edit_issue:open_edit_issue_form,Success,True,
1747831696740,802,selenium_edit_issue:save_edit_issue_form,Success,True,
1747831696740,2073,selenium_edit_issue,Success,True,
.test_1_selenium_edit_issue,Total:258 Passed:258 Failed:0
1747831696983,241,selenium_save_comment:open_comment_form,Success,True,
1747831698612,797,selenium_save_comment:submit_form,Success,True,
1747831698612,1870,selenium_save_comment,Success,True,
.test_1_selenium_save_comment,Total:259 Passed:259 Failed:0
1747831700094,1479,selenium_search_jql,Success,True,
.test_1_selenium_search_jql,Total:260 Passed:260 Failed:0
1747831701097,1002,selenium_view_scrum_board_backlog,Success,True,
.test_1_selenium_view_backlog_for_scrum_board,Total:261 Passed:261 Failed:0
1747831702245,1146,selenium_view_scrum_board,Success,True,
.test_1_selenium_view_scrum_board,Total:262 Passed:262 Failed:0
1747831703356,1109,selenium_view_kanban_board,Success,True,
.test_1_selenium_view_kanban_board,Total:263 Passed:263 Failed:0
1747831703598,239,selenium_view_dashboard,Success,True,
.test_1_selenium_view_dashboard,Total:264 Passed:264 Failed:0
1747831704131,531,selenium_view_issue,Success,True,
.test_1_selenium_view_issue,Total:265 Passed:265 Failed:0
1747831704478,345,selenium_log_out,Success,True,
.test_2_selenium_z_log_out,Total:266 Passed:266 Failed:0


=============================== warnings summary ===============================
../../root/.bzt/python-packages/3.13.3/_pytest/config/__init__.py:1277
  /root/.bzt/python-packages/3.13.3/_pytest/config/__init__.py:1277: PytestAssertRewriteWarning: Module already imported so cannot be rewritten: apiritif
    self._mark_plugins_for_rewrite(hook)

-- Docs: https://docs.pytest.org/en/stable/how-to/capture-warnings.html
======================== 14 passed, 1 warning in 16.05s ========================
============================= test session starts ==============================
platform linux -- Python 3.13.3, pytest-8.3.5, pluggy-1.6.0
rootdir: /dc-app-performance-toolkit/app
plugins: xdist-3.6.1, apiritif-1.1.3
collected 14 items

selenium_ui/jira_ui.py get driver from global
clear browser cookies
INFO: 2sv login form
1747831705778,1209,selenium_login:open_login_page,Success,True,
node_id:jira-0
1747831707563,1784,selenium_login:login_and_view_dashboard,Success,True,
1747831707576,3011,selenium_login,Success,True,
.test_0_selenium_a_login,Total:267 Passed:267 Failed:0
1747831707976,368,selenium_project_summary,Success,True,
.test_1_selenium_view_project_summary,Total:268 Passed:268 Failed:0
1747831708268,289,selenium_browse_projects_list,Success,True,
.test_1_selenium_browse_projects_list,Total:269 Passed:269 Failed:0
1747831708493,223,selenium_browse_boards_list,Success,True,
.test_1_selenium_browse_boards_list,Total:270 Passed:270 Failed:0
1747831709762,1084,selenium_create_issue:open_quick_create,Success,True,
1747831711364,886,selenium_create_issue:fill_and_submit_issue_form:submit_issue_form,Success,True,
1747831711364,1601,selenium_create_issue:fill_and_submit_issue_form,Success,True,
1747831711364,2686,selenium_create_issue,Success,True,
.test_1_selenium_create_issue,Total:271 Passed:271 Failed:0
1747831711885,503,selenium_edit_issue:open_edit_issue_form,Success,True,
1747831713430,756,selenium_edit_issue:save_edit_issue_form,Success,True,
1747831713430,2048,selenium_edit_issue,Success,True,
.test_1_selenium_edit_issue,Total:272 Passed:272 Failed:0
1747831713732,300,selenium_save_comment:open_comment_form,Success,True,
1747831715241,671,selenium_save_comment:submit_form,Success,True,
1747831715241,1810,selenium_save_comment,Success,True,
.test_1_selenium_save_comment,Total:273 Passed:273 Failed:0
1747831716414,1171,selenium_search_jql,Success,True,
.test_1_selenium_search_jql,Total:274 Passed:274 Failed:0
1747831717731,1315,selenium_view_scrum_board_backlog,Success,True,
.test_1_selenium_view_backlog_for_scrum_board,Total:275 Passed:275 Failed:0
1747831718755,1022,selenium_view_scrum_board,Success,True,
.test_1_selenium_view_scrum_board,Total:276 Passed:276 Failed:0
1747831720043,1286,selenium_view_kanban_board,Success,True,
.test_1_selenium_view_kanban_board,Total:277 Passed:277 Failed:0
1747831720275,230,selenium_view_dashboard,Success,True,
.test_1_selenium_view_dashboard,Total:278 Passed:278 Failed:0
1747831720729,452,selenium_view_issue,Success,True,
.test_1_selenium_view_issue,Total:279 Passed:279 Failed:0
1747831721698,967,selenium_log_out,Success,True,
.test_2_selenium_z_log_out,Total:280 Passed:280 Failed:0


=============================== warnings summary ===============================
../../root/.bzt/python-packages/3.13.3/_pytest/config/__init__.py:1277
  /root/.bzt/python-packages/3.13.3/_pytest/config/__init__.py:1277: PytestAssertRewriteWarning: Module already imported so cannot be rewritten: apiritif
    self._mark_plugins_for_rewrite(hook)

-- Docs: https://docs.pytest.org/en/stable/how-to/capture-warnings.html
======================== 14 passed, 1 warning in 17.18s ========================
============================= test session starts ==============================
platform linux -- Python 3.13.3, pytest-8.3.5, pluggy-1.6.0
rootdir: /dc-app-performance-toolkit/app
plugins: xdist-3.6.1, apiritif-1.1.3
collected 14 items

selenium_ui/jira_ui.py get driver from global
clear browser cookies
INFO: 2sv login form
1747831722987,1204,selenium_login:open_login_page,Success,True,
node_id:jira-0
1747831724302,1315,selenium_login:login_and_view_dashboard,Success,True,
1747831724314,2534,selenium_login,Success,True,
.test_0_selenium_a_login,Total:281 Passed:281 Failed:0
1747831724687,356,selenium_project_summary,Success,True,
.test_1_selenium_view_project_summary,Total:282 Passed:282 Failed:0
1747831724988,299,selenium_browse_projects_list,Success,True,
.test_1_selenium_browse_projects_list,Total:283 Passed:283 Failed:0
1747831725223,233,selenium_browse_boards_list,Success,True,
.test_1_selenium_browse_boards_list,Total:284 Passed:284 Failed:0
1747831726471,1028,selenium_create_issue:open_quick_create,Success,True,
1747831728094,863,selenium_create_issue:fill_and_submit_issue_form:submit_issue_form,Success,True,
1747831728094,1622,selenium_create_issue:fill_and_submit_issue_form,Success,True,
1747831728094,2652,selenium_create_issue,Success,True,
.test_1_selenium_create_issue,Total:285 Passed:285 Failed:0
1747831728613,500,selenium_edit_issue:open_edit_issue_form,Success,True,
1747831730221,790,selenium_edit_issue:save_edit_issue_form,Success,True,
1747831730221,2108,selenium_edit_issue,Success,True,
.test_1_selenium_edit_issue,Total:286 Passed:286 Failed:0
1747831730466,243,selenium_save_comment:open_comment_form,Success,True,
1747831732126,793,selenium_save_comment:submit_form,Success,True,
1747831732126,1903,selenium_save_comment,Success,True,
.test_1_selenium_save_comment,Total:287 Passed:287 Failed:0
1747831733300,1172,selenium_search_jql,Success,True,
.test_1_selenium_search_jql,Total:288 Passed:288 Failed:0
1747831734483,1181,selenium_view_scrum_board_backlog,Success,True,
.test_1_selenium_view_backlog_for_scrum_board,Total:289 Passed:289 Failed:0
1747831735546,1060,selenium_view_scrum_board,Success,True,
.test_1_selenium_view_scrum_board,Total:290 Passed:290 Failed:0
1747831736635,1088,selenium_view_kanban_board,Success,True,
.test_1_selenium_view_kanban_board,Total:291 Passed:291 Failed:0
1747831736880,243,selenium_view_dashboard,Success,True,
.test_1_selenium_view_dashboard,Total:292 Passed:292 Failed:0
1747831737435,552,selenium_view_issue,Success,True,
.test_1_selenium_view_issue,Total:293 Passed:293 Failed:0
1747831738415,978,selenium_log_out,Success,True,
.test_2_selenium_z_log_out,Total:294 Passed:294 Failed:0


=============================== warnings summary ===============================
../../root/.bzt/python-packages/3.13.3/_pytest/config/__init__.py:1277
  /root/.bzt/python-packages/3.13.3/_pytest/config/__init__.py:1277: PytestAssertRewriteWarning: Module already imported so cannot be rewritten: apiritif
    self._mark_plugins_for_rewrite(hook)

-- Docs: https://docs.pytest.org/en/stable/how-to/capture-warnings.html
======================== 14 passed, 1 warning in 16.68s ========================
============================= test session starts ==============================
platform linux -- Python 3.13.3, pytest-8.3.5, pluggy-1.6.0
rootdir: /dc-app-performance-toolkit/app
plugins: xdist-3.6.1, apiritif-1.1.3
collected 14 items

selenium_ui/jira_ui.py get driver from global
clear browser cookies
INFO: 2sv login form
1747831739694,1193,selenium_login:open_login_page,Success,True,
node_id:jira-0
1747831740395,700,selenium_login:login_and_view_dashboard,Success,True,
1747831740407,1910,selenium_login,Success,True,
.test_0_selenium_a_login,Total:295 Passed:295 Failed:0
1747831740807,382,selenium_project_summary,Success,True,
.test_1_selenium_view_project_summary,Total:296 Passed:296 Failed:0
1747831741094,285,selenium_browse_projects_list,Success,True,
.test_1_selenium_browse_projects_list,Total:297 Passed:297 Failed:0
1747831741325,229,selenium_browse_boards_list,Success,True,
.test_1_selenium_browse_boards_list,Total:298 Passed:298 Failed:0
1747831742570,1061,selenium_create_issue:open_quick_create,Success,True,
1747831744046,879,selenium_create_issue:fill_and_submit_issue_form:submit_issue_form,Success,True,
1747831744046,1476,selenium_create_issue:fill_and_submit_issue_form,Success,True,
1747831744047,2538,selenium_create_issue,Success,True,
.test_1_selenium_create_issue,Total:299 Passed:299 Failed:0
1747831744558,493,selenium_edit_issue:open_edit_issue_form,Success,True,
1747831746126,786,selenium_edit_issue:save_edit_issue_form,Success,True,
1747831746126,2060,selenium_edit_issue,Success,True,
.test_1_selenium_edit_issue,Total:300 Passed:300 Failed:0
1747831746340,212,selenium_save_comment:open_comment_form,Success,True,
1747831747832,630,selenium_save_comment:submit_form,Success,True,
1747831747832,1704,selenium_save_comment,Success,True,
.test_1_selenium_save_comment,Total:301 Passed:301 Failed:0
1747831748950,1117,selenium_search_jql,Success,True,
.test_1_selenium_search_jql,Total:302 Passed:302 Failed:0
1747831750658,1705,selenium_view_scrum_board_backlog,Success,True,
.test_1_selenium_view_backlog_for_scrum_board,Total:303 Passed:303 Failed:0
1747831751664,1004,selenium_view_scrum_board,Success,True,
.test_1_selenium_view_scrum_board,Total:304 Passed:304 Failed:0
1747831752807,1141,selenium_view_kanban_board,Success,True,
.test_1_selenium_view_kanban_board,Total:305 Passed:305 Failed:0
1747831753072,263,selenium_view_dashboard,Success,True,
.test_1_selenium_view_dashboard,Total:306 Passed:306 Failed:0
1747831753534,460,selenium_view_issue,Success,True,
.test_1_selenium_view_issue,Total:307 Passed:307 Failed:0
1747831753917,382,selenium_log_out,Success,True,
.test_2_selenium_z_log_out,Total:308 Passed:308 Failed:0


=============================== warnings summary ===============================
../../root/.bzt/python-packages/3.13.3/_pytest/config/__init__.py:1277
  /root/.bzt/python-packages/3.13.3/_pytest/config/__init__.py:1277: PytestAssertRewriteWarning: Module already imported so cannot be rewritten: apiritif
    self._mark_plugins_for_rewrite(hook)

-- Docs: https://docs.pytest.org/en/stable/how-to/capture-warnings.html
======================== 14 passed, 1 warning in 15.46s ========================
============================= test session starts ==============================
platform linux -- Python 3.13.3, pytest-8.3.5, pluggy-1.6.0
rootdir: /dc-app-performance-toolkit/app
plugins: xdist-3.6.1, apiritif-1.1.3
collected 14 items

selenium_ui/jira_ui.py get driver from global
clear browser cookies
INFO: 2sv login form
1747831755215,1208,selenium_login:open_login_page,Success,True,
node_id:jira-0
1747831756629,1412,selenium_login:login_and_view_dashboard,Success,True,
1747831756642,2638,selenium_login,Success,True,
.test_0_selenium_a_login,Total:309 Passed:309 Failed:0
1747831757016,353,selenium_project_summary,Success,True,
.test_1_selenium_view_project_summary,Total:310 Passed:310 Failed:0
1747831757291,273,selenium_browse_projects_list,Success,True,
.test_1_selenium_browse_projects_list,Total:311 Passed:311 Failed:0
1747831757549,256,selenium_browse_boards_list,Success,True,
.test_1_selenium_browse_boards_list,Total:312 Passed:312 Failed:0
1747831758823,1104,selenium_create_issue:open_quick_create,Success,True,
1747831760405,863,selenium_create_issue:fill_and_submit_issue_form:submit_issue_form,Success,True,
1747831760406,1582,selenium_create_issue:fill_and_submit_issue_form,Success,True,
1747831760406,2687,selenium_create_issue,Success,True,
.test_1_selenium_create_issue,Total:313 Passed:313 Failed:0
1747831760896,471,selenium_edit_issue:open_edit_issue_form,Success,True,
1747831762290,711,selenium_edit_issue:save_edit_issue_form,Success,True,
1747831762291,1866,selenium_edit_issue,Success,True,
.test_1_selenium_edit_issue,Total:314 Passed:314 Failed:0
1747831762565,273,selenium_save_comment:open_comment_form,Success,True,
1747831764201,755,selenium_save_comment:submit_form,Success,True,
1747831764201,1909,selenium_save_comment,Success,True,
.test_1_selenium_save_comment,Total:315 Passed:315 Failed:0
1747831766506,2303,selenium_search_jql,Success,True,
.test_1_selenium_search_jql,Total:316 Passed:316 Failed:0
1747831767764,1257,selenium_view_scrum_board_backlog,Success,True,
.test_1_selenium_view_backlog_for_scrum_board,Total:317 Passed:317 Failed:0
1747831768843,1077,selenium_view_scrum_board,Success,True,
.test_1_selenium_view_scrum_board,Total:318 Passed:318 Failed:0
1747831769978,1134,selenium_view_kanban_board,Success,True,
.test_1_selenium_view_kanban_board,Total:319 Passed:319 Failed:0
1747831770230,250,selenium_view_dashboard,Success,True,
.test_1_selenium_view_dashboard,Total:320 Passed:320 Failed:0
1747831770677,445,selenium_view_issue,Success,True,
.test_1_selenium_view_issue,Total:321 Passed:321 Failed:0
1747831771036,356,selenium_log_out,Success,True,
.test_2_selenium_z_log_out,Total:322 Passed:322 Failed:0


=============================== warnings summary ===============================
../../root/.bzt/python-packages/3.13.3/_pytest/config/__init__.py:1277
  /root/.bzt/python-packages/3.13.3/_pytest/config/__init__.py:1277: PytestAssertRewriteWarning: Module already imported so cannot be rewritten: apiritif
    self._mark_plugins_for_rewrite(hook)

-- Docs: https://docs.pytest.org/en/stable/how-to/capture-warnings.html
======================== 14 passed, 1 warning in 17.07s ========================
============================= test session starts ==============================
platform linux -- Python 3.13.3, pytest-8.3.5, pluggy-1.6.0
rootdir: /dc-app-performance-toolkit/app
plugins: xdist-3.6.1, apiritif-1.1.3
collected 14 items

selenium_ui/jira_ui.py get driver from global
clear browser cookies
INFO: 2sv login form
1747831772360,1226,selenium_login:open_login_page,Success,True,
node_id:jira-0
1747831773781,1420,selenium_login:login_and_view_dashboard,Success,True,
1747831773793,2662,selenium_login,Success,True,
.test_0_selenium_a_login,Total:323 Passed:323 Failed:0
1747831774148,336,selenium_project_summary,Success,True,
.test_1_selenium_view_project_summary,Total:324 Passed:324 Failed:0
1747831774411,261,selenium_browse_projects_list,Success,True,
.test_1_selenium_browse_projects_list,Total:325 Passed:325 Failed:0
1747831774630,218,selenium_browse_boards_list,Success,True,
.test_1_selenium_browse_boards_list,Total:326 Passed:326 Failed:0
1747831775947,1103,selenium_create_issue:open_quick_create,Success,True,
1747831777446,902,selenium_create_issue:fill_and_submit_issue_form:submit_issue_form,Success,True,
1747831777446,1498,selenium_create_issue:fill_and_submit_issue_form,Success,True,
1747831777446,2603,selenium_create_issue,Success,True,
.test_1_selenium_create_issue,Total:327 Passed:327 Failed:0
1747831778178,687,selenium_edit_issue:open_edit_issue_form,Success,True,
1747831779624,680,selenium_edit_issue:save_edit_issue_form,Success,True,
1747831779625,2134,selenium_edit_issue,Success,True,
.test_1_selenium_edit_issue,Total:328 Passed:328 Failed:0
1747831779848,221,selenium_save_comment:open_comment_form,Success,True,
1747831781373,639,selenium_save_comment:submit_form,Success,True,
1747831781373,1747,selenium_save_comment,Success,True,
.test_1_selenium_save_comment,Total:329 Passed:329 Failed:0
1747831782524,1149,selenium_search_jql,Success,True,
.test_1_selenium_search_jql,Total:330 Passed:330 Failed:0
1747831783770,1244,selenium_view_scrum_board_backlog,Success,True,
.test_1_selenium_view_backlog_for_scrum_board,Total:331 Passed:331 Failed:0
1747831784857,1085,selenium_view_scrum_board,Success,True,
.test_1_selenium_view_scrum_board,Total:332 Passed:332 Failed:0
1747831786053,1194,selenium_view_kanban_board,Success,True,
.test_1_selenium_view_kanban_board,Total:333 Passed:333 Failed:0
1747831786295,239,selenium_view_dashboard,Success,True,
.test_1_selenium_view_dashboard,Total:334 Passed:334 Failed:0
1747831786742,445,selenium_view_issue,Success,True,
.test_1_selenium_view_issue,Total:335 Passed:335 Failed:0
1747831787089,345,selenium_log_out,Success,True,
.test_2_selenium_z_log_out,Total:336 Passed:336 Failed:0


=============================== warnings summary ===============================
../../root/.bzt/python-packages/3.13.3/_pytest/config/__init__.py:1277
  /root/.bzt/python-packages/3.13.3/_pytest/config/__init__.py:1277: PytestAssertRewriteWarning: Module already imported so cannot be rewritten: apiritif
    self._mark_plugins_for_rewrite(hook)

-- Docs: https://docs.pytest.org/en/stable/how-to/capture-warnings.html
======================== 14 passed, 1 warning in 16.00s ========================
============================= test session starts ==============================
platform linux -- Python 3.13.3, pytest-8.3.5, pluggy-1.6.0
rootdir: /dc-app-performance-toolkit/app
plugins: xdist-3.6.1, apiritif-1.1.3
collected 14 items

selenium_ui/jira_ui.py get driver from global
clear browser cookies
INFO: 2sv login form
1747831788385,1206,selenium_login:open_login_page,Success,True,
node_id:jira-0
1747831789818,1432,selenium_login:login_and_view_dashboard,Success,True,
1747831789828,2653,selenium_login,Success,True,
.test_0_selenium_a_login,Total:337 Passed:337 Failed:0
1747831790230,367,selenium_project_summary,Success,True,
.test_1_selenium_view_project_summary,Total:338 Passed:338 Failed:0
1747831790500,269,selenium_browse_projects_list,Success,True,
.test_1_selenium_browse_projects_list,Total:339 Passed:339 Failed:0
1747831790727,224,selenium_browse_boards_list,Success,True,
.test_1_selenium_browse_boards_list,Total:340 Passed:340 Failed:0
1747831792042,1047,selenium_create_issue:open_quick_create,Success,True,
1747831793620,906,selenium_create_issue:fill_and_submit_issue_form:submit_issue_form,Success,True,
1747831793620,1577,selenium_create_issue:fill_and_submit_issue_form,Success,True,
1747831793620,2625,selenium_create_issue,Success,True,
.test_1_selenium_create_issue,Total:341 Passed:341 Failed:0
1747831794128,486,selenium_edit_issue:open_edit_issue_form,Success,True,
1747831795662,723,selenium_edit_issue:save_edit_issue_form,Success,True,
1747831795663,2021,selenium_edit_issue,Success,True,
.test_1_selenium_edit_issue,Total:342 Passed:342 Failed:0
1747831795935,270,selenium_save_comment:open_comment_form,Success,True,
1747831797508,670,selenium_save_comment:submit_form,Success,True,
1747831797508,1844,selenium_save_comment,Success,True,
.test_1_selenium_save_comment,Total:343 Passed:343 Failed:0
1747831798769,1259,selenium_search_jql,Success,True,
.test_1_selenium_search_jql,Total:344 Passed:344 Failed:0
1747831799961,1190,selenium_view_scrum_board_backlog,Success,True,
.test_1_selenium_view_backlog_for_scrum_board,Total:345 Passed:345 Failed:0
1747831801072,1108,selenium_view_scrum_board,Success,True,
.test_1_selenium_view_scrum_board,Total:346 Passed:346 Failed:0
1747831802149,1076,selenium_view_kanban_board,Success,True,
.test_1_selenium_view_kanban_board,Total:347 Passed:347 Failed:0
1747831802398,246,selenium_view_dashboard,Success,True,
.test_1_selenium_view_dashboard,Total:348 Passed:348 Failed:0
1747831802867,467,selenium_view_issue,Success,True,
.test_1_selenium_view_issue,Total:349 Passed:349 Failed:0
1747831803211,342,selenium_log_out,Success,True,
.test_2_selenium_z_log_out,Total:350 Passed:350 Failed:0


=============================== warnings summary ===============================
../../root/.bzt/python-packages/3.13.3/_pytest/config/__init__.py:1277
  /root/.bzt/python-packages/3.13.3/_pytest/config/__init__.py:1277: PytestAssertRewriteWarning: Module already imported so cannot be rewritten: apiritif
    self._mark_plugins_for_rewrite(hook)

-- Docs: https://docs.pytest.org/en/stable/how-to/capture-warnings.html
======================== 14 passed, 1 warning in 16.08s ========================
============================= test session starts ==============================
platform linux -- Python 3.13.3, pytest-8.3.5, pluggy-1.6.0
rootdir: /dc-app-performance-toolkit/app
plugins: xdist-3.6.1, apiritif-1.1.3
collected 14 items

selenium_ui/jira_ui.py get driver from global
clear browser cookies
INFO: 2sv login form
1747831804495,1196,selenium_login:open_login_page,Success,True,
node_id:jira-0
1747831805980,1485,selenium_login:login_and_view_dashboard,Success,True,
1747831805991,2696,selenium_login,Success,True,
.test_0_selenium_a_login,Total:351 Passed:351 Failed:0
1747831806389,378,selenium_project_summary,Success,True,
.test_1_selenium_view_project_summary,Total:352 Passed:352 Failed:0
[...]
1747833949569,521,selenium_view_issue,Success,True,
.test_1_selenium_view_issue,Total:1763 Passed:1763 Failed:0
1747833949916,345,selenium_log_out,Success,True,
.test_2_selenium_z_log_out,Total:1764 Passed:1764 Failed:0


=============================== warnings summary ===============================
../../root/.bzt/python-packages/3.13.3/_pytest/config/__init__.py:1277
  /root/.bzt/python-packages/3.13.3/_pytest/config/__init__.py:1277: PytestAssertRewriteWarning: Module already imported so cannot be rewritten: apiritif
    self._mark_plugins_for_rewrite(hook)

-- Docs: https://docs.pytest.org/en/stable/how-to/capture-warnings.html
======================== 14 passed, 1 warning in 25.34s ========================
============================= test session starts ==============================
platform linux -- Python 3.13.3, pytest-8.3.5, pluggy-1.6.0
rootdir: /dc-app-performance-toolkit/app
plugins: xdist-3.6.1, apiritif-1.1.3
collected 14 items

selenium_ui/jira_ui.py get driver from global
clear browser cookies
INFO: 2sv login form
1747833951215,1209,selenium_login:open_login_page,Success,True,
node_id:jira-0
1747833954796,3580,selenium_login:login_and_view_dashboard,Success,True,
1747833954808,4805,selenium_login,Success,True,
.test_0_selenium_a_login,Total:1765 Passed:1765 Failed:0
1747833955181,355,selenium_project_summary,Success,True,
.test_1_selenium_view_project_summary,Total:1766 Passed:1766 Failed:0
1747833955491,309,selenium_browse_projects_list,Success,True,
.test_1_selenium_browse_projects_list,Total:1767 Passed:1767 Failed:0
1747833955884,390,selenium_browse_boards_list,Success,True,
.test_1_selenium_browse_boards_list,Total:1768 Passed:1768 Failed:0
1747833958177,2086,selenium_create_issue:open_quick_create,Success,True,
1747833960816,1993,selenium_create_issue:fill_and_submit_issue_form:submit_issue_form,Success,True,
1747833960816,2638,selenium_create_issue:fill_and_submit_issue_form,Success,True,
1747833960816,4725,selenium_create_issue,Success,True,
.test_1_selenium_create_issue,Total:1769 Passed:1769 Failed:0
1747833961320,486,selenium_edit_issue:open_edit_issue_form,Success,True,
1747833962983,834,selenium_edit_issue:save_edit_issue_form,Success,True,
1747833962983,2149,selenium_edit_issue,Success,True,
.test_1_selenium_edit_issue,Total:1770 Passed:1770 Failed:0
1747833963209,225,selenium_save_comment:open_comment_form,Success,True,
1747833965945,719,selenium_save_comment:submit_form,Success,True,
1747833965945,2960,selenium_save_comment,Success,True,
.test_1_selenium_save_comment,Total:1771 Passed:1771 Failed:0
1747833968223,2275,selenium_search_jql,Success,True,
.test_1_selenium_search_jql,Total:1772 Passed:1772 Failed:0
1747833970452,2227,selenium_view_scrum_board_backlog,Success,True,
.test_1_selenium_view_backlog_for_scrum_board,Total:1773 Passed:1773 Failed:0
1747833972551,2097,selenium_view_scrum_board,Success,True,
.test_1_selenium_view_scrum_board,Total:1774 Passed:1774 Failed:0
1747833978488,5936,selenium_view_kanban_board,Success,True,
.test_1_selenium_view_kanban_board,Total:1775 Passed:1775 Failed:0
1747833978755,265,selenium_view_dashboard,Success,True,
.test_1_selenium_view_dashboard,Total:1776 Passed:1776 Failed:0
1747833979216,459,selenium_view_issue,Success,True,
.test_1_selenium_view_issue,Total:1777 Passed:1777 Failed:0
1747833979579,361,selenium_log_out,Success,True,
.test_2_selenium_z_log_out,Total:1778 Passed:1778 Failed:0


=============================== warnings summary ===============================
../../root/.bzt/python-packages/3.13.3/_pytest/config/__init__.py:1277
  /root/.bzt/python-packages/3.13.3/_pytest/config/__init__.py:1277: PytestAssertRewriteWarning: Module already imported so cannot be rewritten: apiritif
    self._mark_plugins_for_rewrite(hook)

-- Docs: https://docs.pytest.org/en/stable/how-to/capture-warnings.html
======================== 14 passed, 1 warning in 29.62s ========================
============================= test session starts ==============================
platform linux -- Python 3.13.3, pytest-8.3.5, pluggy-1.6.0
rootdir: /dc-app-performance-toolkit/app
plugins: xdist-3.6.1, apiritif-1.1.3
collected 14 items

selenium_ui/jira_ui.py get driver from global
clear browser cookies
INFO: 2sv login form
1747833980880,1211,selenium_login:open_login_page,Success,True,
node_id:jira-0
1747833984536,3655,selenium_login:login_and_view_dashboard,Success,True,
1747833984551,4885,selenium_login,Success,True,
.test_0_selenium_a_login,Total:1779 Passed:1779 Failed:0
1747833985146,574,selenium_project_summary,Success,True,
.test_1_selenium_view_project_summary,Total:1780 Passed:1780 Failed:0
1747833985469,321,selenium_browse_projects_list,Success,True,
.test_1_selenium_browse_projects_list,Total:1781 Passed:1781 Failed:0
1747833985723,252,selenium_browse_boards_list,Success,True,
.test_1_selenium_browse_boards_list,Total:1782 Passed:1782 Failed:0
1747833988119,2209,selenium_create_issue:open_quick_create,Success,True,
1747833990805,2029,selenium_create_issue:fill_and_submit_issue_form:submit_issue_form,Success,True,
1747833990805,2685,selenium_create_issue:fill_and_submit_issue_form,Success,True,
1747833990805,4895,selenium_create_issue,Success,True,
.test_1_selenium_create_issue,Total:1783 Passed:1783 Failed:0
1747833991297,472,selenium_edit_issue:open_edit_issue_form,Success,True,
1747833992796,692,selenium_edit_issue:save_edit_issue_form,Success,True,
1747833992797,1972,selenium_edit_issue,Success,True,
.test_1_selenium_edit_issue,Total:1784 Passed:1784 Failed:0
1747833993021,223,selenium_save_comment:open_comment_form,Success,True,
1747833995719,672,selenium_save_comment:submit_form,Success,True,
1747833995720,2921,selenium_save_comment,Success,True,
.test_1_selenium_save_comment,Total:1785 Passed:1785 Failed:0
1747833997981,2260,selenium_search_jql,Success,True,
.test_1_selenium_search_jql,Total:1786 Passed:1786 Failed:0
1747834000717,2734,selenium_view_scrum_board_backlog,Success,True,
.test_1_selenium_view_backlog_for_scrum_board,Total:1787 Passed:1787 Failed:0
1747834002871,2152,selenium_view_scrum_board,Success,True,
.test_1_selenium_view_scrum_board,Total:1788 Passed:1788 Failed:0
1747834005014,2141,selenium_view_kanban_board,Success,True,
.test_1_selenium_view_kanban_board,Total:1789 Passed:1789 Failed:0
1747834005385,368,selenium_view_dashboard,Success,True,
.test_1_selenium_view_dashboard,Total:1790 Passed:1790 Failed:0
1747834005963,576,selenium_view_issue,Success,True,
.test_1_selenium_view_issue,Total:1791 Passed:1791 Failed:0
1747834006314,349,selenium_log_out,Success,True,
.test_2_selenium_z_log_out,Total:1792 Passed:1792 Failed:0


=============================== warnings summary ===============================
../../root/.bzt/python-packages/3.13.3/_pytest/config/__init__.py:1277
  /root/.bzt/python-packages/3.13.3/_pytest/config/__init__.py:1277: PytestAssertRewriteWarning: Module already imported so cannot be rewritten: apiritif
    self._mark_plugins_for_rewrite(hook)

-- Docs: https://docs.pytest.org/en/stable/how-to/capture-warnings.html
======================== 14 passed, 1 warning in 26.69s ========================
============================= test session starts ==============================
platform linux -- Python 3.13.3, pytest-8.3.5, pluggy-1.6.0
rootdir: /dc-app-performance-toolkit/app
plugins: xdist-3.6.1, apiritif-1.1.3
collected 14 items

selenium_ui/jira_ui.py get driver from global
clear browser cookies
INFO: 2sv login form
1747834007610,1207,selenium_login:open_login_page,Success,True,
node_id:jira-0
1747834010412,2802,selenium_login:login_and_view_dashboard,Success,True,
1747834010425,4026,selenium_login,Success,True,
.test_0_selenium_a_login,Total:1793 Passed:1793 Failed:0
1747834011038,569,selenium_project_summary,Success,True,
.test_1_selenium_view_project_summary,Total:1794 Passed:1794 Failed:0
1747834011337,297,selenium_browse_projects_list,Success,True,
.test_1_selenium_browse_projects_list,Total:1795 Passed:1795 Failed:0
1747834011625,285,selenium_browse_boards_list,Success,True,
.test_1_selenium_browse_boards_list,Total:1796 Passed:1796 Failed:0
1747834014054,2250,selenium_create_issue:open_quick_create,Success,True,
1747834016676,2008,selenium_create_issue:fill_and_submit_issue_form:submit_issue_form,Success,True,
1747834016676,2622,selenium_create_issue:fill_and_submit_issue_form,Success,True,
1747834016677,4873,selenium_create_issue,Success,True,
.test_1_selenium_create_issue,Total:1797 Passed:1797 Failed:0
1747834017180,484,selenium_edit_issue:open_edit_issue_form,Success,True,
1747834018573,724,selenium_edit_issue:save_edit_issue_form,Success,True,
1747834018573,1878,selenium_edit_issue,Success,True,
.test_1_selenium_edit_issue,Total:1798 Passed:1798 Failed:0
1747834018795,219,selenium_save_comment:open_comment_form,Success,True,
1747834021492,675,selenium_save_comment:submit_form,Success,True,
1747834021492,2917,selenium_save_comment,Success,True,
.test_1_selenium_save_comment,Total:1799 Passed:1799 Failed:0
1747834023678,2184,selenium_search_jql,Success,True,
.test_1_selenium_search_jql,Total:1800 Passed:1800 Failed:0
1747834026341,2661,selenium_view_scrum_board_backlog,Success,True,
.test_1_selenium_view_backlog_for_scrum_board,Total:1801 Passed:1801 Failed:0
1747834028533,2190,selenium_view_scrum_board,Success,True,
.test_1_selenium_view_scrum_board,Total:1802 Passed:1802 Failed:0
1747834034374,5839,selenium_view_kanban_board,Success,True,
.test_1_selenium_view_kanban_board,Total:1803 Passed:1803 Failed:0
1747834034825,449,selenium_view_dashboard,Success,True,
.test_1_selenium_view_dashboard,Total:1804 Passed:1804 Failed:0
1747834035260,433,selenium_view_issue,Success,True,
.test_1_selenium_view_issue,Total:1805 Passed:1805 Failed:0
1747834035625,363,selenium_log_out,Success,True,
.test_2_selenium_z_log_out,Total:1806 Passed:1806 Failed:0


=============================== warnings summary ===============================
../../root/.bzt/python-packages/3.13.3/_pytest/config/__init__.py:1277
  /root/.bzt/python-packages/3.13.3/_pytest/config/__init__.py:1277: PytestAssertRewriteWarning: Module already imported so cannot be rewritten: apiritif
    self._mark_plugins_for_rewrite(hook)

-- Docs: https://docs.pytest.org/en/stable/how-to/capture-warnings.html
======================== 14 passed, 1 warning in 29.27s ========================
============================= test session starts ==============================
platform linux -- Python 3.13.3, pytest-8.3.5, pluggy-1.6.0
rootdir: /dc-app-performance-toolkit/app
plugins: xdist-3.6.1, apiritif-1.1.3
collected 14 items

selenium_ui/jira_ui.py get driver from global
clear browser cookies
INFO: 2sv login form
1747834036944,1209,selenium_login:open_login_page,Success,True,
node_id:jira-0
1747834040669,3724,selenium_login:login_and_view_dashboard,Success,True,
1747834040683,4953,selenium_login,Success,True,
.test_0_selenium_a_login,Total:1807 Passed:1807 Failed:0
1747834041092,371,selenium_project_summary,Success,True,
.test_1_selenium_view_project_summary,Total:1808 Passed:1808 Failed:0
1747834041357,263,selenium_browse_projects_list,Success,True,
.test_1_selenium_browse_projects_list,Total:1809 Passed:1809 Failed:0
1747834041578,220,selenium_browse_boards_list,Success,True,
.test_1_selenium_browse_boards_list,Total:1810 Passed:1810 Failed:0
1747834043923,2171,selenium_create_issue:open_quick_create,Success,True,
1747834046621,2018,selenium_create_issue:fill_and_submit_issue_form:submit_issue_form,Success,True,
1747834046621,2698,selenium_create_issue:fill_and_submit_issue_form,Success,True,
1747834046622,4870,selenium_create_issue,Success,True,
.test_1_selenium_create_issue,Total:1811 Passed:1811 Failed:0
1747834047116,470,selenium_edit_issue:open_edit_issue_form,Success,True,
1747834048650,723,selenium_edit_issue:save_edit_issue_form,Success,True,
1747834048651,2005,selenium_edit_issue,Success,True,
.test_1_selenium_edit_issue,Total:1812 Passed:1812 Failed:0
1747834048892,239,selenium_save_comment:open_comment_form,Success,True,
1747834051611,694,selenium_save_comment:submit_form,Success,True,
1747834051611,2959,selenium_save_comment,Success,True,
.test_1_selenium_save_comment,Total:1813 Passed:1813 Failed:0
1747834053960,2347,selenium_search_jql,Success,True,
.test_1_selenium_search_jql,Total:1814 Passed:1814 Failed:0
1747834056739,2777,selenium_view_scrum_board_backlog,Success,True,
.test_1_selenium_view_backlog_for_scrum_board,Total:1815 Passed:1815 Failed:0
1747834058936,2194,selenium_view_scrum_board,Success,True,
.test_1_selenium_view_scrum_board,Total:1816 Passed:1816 Failed:0
1747834061278,2341,selenium_view_kanban_board,Success,True,
.test_1_selenium_view_kanban_board,Total:1817 Passed:1817 Failed:0
1747834061518,238,selenium_view_dashboard,Success,True,
.test_1_selenium_view_dashboard,Total:1818 Passed:1818 Failed:0
1747834062031,511,selenium_view_issue,Success,True,
.test_1_selenium_view_issue,Total:1819 Passed:1819 Failed:0
1747834062391,358,selenium_log_out,Success,True,
.test_2_selenium_z_log_out,Total:1820 Passed:1820 Failed:0


=============================== warnings summary ===============================
../../root/.bzt/python-packages/3.13.3/_pytest/config/__init__.py:1277
  /root/.bzt/python-packages/3.13.3/_pytest/config/__init__.py:1277: PytestAssertRewriteWarning: Module already imported so cannot be rewritten: apiritif
    self._mark_plugins_for_rewrite(hook)

-- Docs: https://docs.pytest.org/en/stable/how-to/capture-warnings.html
======================== 14 passed, 1 warning in 26.72s ========================
============================= test session starts ==============================
platform linux -- Python 3.13.3, pytest-8.3.5, pluggy-1.6.0
rootdir: /dc-app-performance-toolkit/app
plugins: xdist-3.6.1, apiritif-1.1.3
collected 14 items

selenium_ui/jira_ui.py get driver from global
clear browser cookies
INFO: 2sv login form
1747834063690,1209,selenium_login:open_login_page,Success,True,
node_id:jira-0
1747834067333,3642,selenium_login:login_and_view_dashboard,Success,True,
1747834067346,4868,selenium_login,Success,True,
.test_0_selenium_a_login,Total:1821 Passed:1821 Failed:0
1747834067718,352,selenium_project_summary,Success,True,
.test_1_selenium_view_project_summary,Total:1822 Passed:1822 Failed:0
1747834068014,294,selenium_browse_projects_list,Success,True,
.test_1_selenium_browse_projects_list,Total:1823 Passed:1823 Failed:0
1747834068253,237,selenium_browse_boards_list,Success,True,
.test_1_selenium_browse_boards_list,Total:1824 Passed:1824 Failed:0
1747834070513,2098,selenium_create_issue:open_quick_create,Success,True,
1747834073351,2050,selenium_create_issue:fill_and_submit_issue_form:submit_issue_form,Success,True,
1747834073351,2838,selenium_create_issue:fill_and_submit_issue_form,Success,True,
1747834073351,4937,selenium_create_issue,Success,True,
.test_1_selenium_create_issue,Total:1825 Passed:1825 Failed:0
1747834073831,461,selenium_edit_issue:open_edit_issue_form,Success,True,
1747834075267,658,selenium_edit_issue:save_edit_issue_form,Success,True,
1747834075268,1898,selenium_edit_issue,Success,True,
.test_1_selenium_edit_issue,Total:1826 Passed:1826 Failed:0
1747834075493,224,selenium_save_comment:open_comment_form,Success,True,
1747834078215,678,selenium_save_comment:submit_form,Success,True,
1747834078216,2946,selenium_save_comment,Success,True,
.test_1_selenium_save_comment,Total:1827 Passed:1827 Failed:0
1747834080521,2304,selenium_search_jql,Success,True,
.test_1_selenium_search_jql,Total:1828 Passed:1828 Failed:0
1747834083190,2667,selenium_view_scrum_board_backlog,Success,True,
.test_1_selenium_view_backlog_for_scrum_board,Total:1829 Passed:1829 Failed:0
1747834085449,2257,selenium_view_scrum_board,Success,True,
.test_1_selenium_view_scrum_board,Total:1830 Passed:1830 Failed:0
1747834087672,2221,selenium_view_kanban_board,Success,True,
.test_1_selenium_view_kanban_board,Total:1831 Passed:1831 Failed:0
1747834087879,204,selenium_view_dashboard,Success,True,
.test_1_selenium_view_dashboard,Total:1832 Passed:1832 Failed:0
1747834088329,448,selenium_view_issue,Success,True,
.test_1_selenium_view_issue,Total:1833 Passed:1833 Failed:0
1747834088664,333,selenium_log_out,Success,True,
.test_2_selenium_z_log_out,Total:1834 Passed:1834 Failed:0


=============================== warnings summary ===============================
../../root/.bzt/python-packages/3.13.3/_pytest/config/__init__.py:1277
  /root/.bzt/python-packages/3.13.3/_pytest/config/__init__.py:1277: PytestAssertRewriteWarning: Module already imported so cannot be rewritten: apiritif
    self._mark_plugins_for_rewrite(hook)

-- Docs: https://docs.pytest.org/en/stable/how-to/capture-warnings.html
======================== 14 passed, 1 warning in 26.23s ========================
============================= test session starts ==============================
platform linux -- Python 3.13.3, pytest-8.3.5, pluggy-1.6.0
rootdir: /dc-app-performance-toolkit/app
plugins: xdist-3.6.1, apiritif-1.1.3
collected 14 items

selenium_ui/jira_ui.py get driver from global
clear browser cookies
INFO: 2sv login form
1747834089951,1200,selenium_login:open_login_page,Success,True,
node_id:jira-0
1747834093631,3679,selenium_login:login_and_view_dashboard,Success,True,
1747834093644,4897,selenium_login,Success,True,
.test_0_selenium_a_login,Total:1835 Passed:1835 Failed:0
1747834094038,375,selenium_project_summary,Success,True,
.test_1_selenium_view_project_summary,Total:1836 Passed:1836 Failed:0
1747834094317,277,selenium_browse_projects_list,Success,True,
.test_1_selenium_browse_projects_list,Total:1837 Passed:1837 Failed:0
1747834094539,220,selenium_browse_boards_list,Success,True,
.test_1_selenium_browse_boards_list,Total:1838 Passed:1838 Failed:0
1747834096955,2236,selenium_create_issue:open_quick_create,Success,True,
1747834099706,2039,selenium_create_issue:fill_and_submit_issue_form:submit_issue_form,Success,True,
1747834099706,2751,selenium_create_issue:fill_and_submit_issue_form,Success,True,
1747834099706,4988,selenium_create_issue,Success,True,
.test_1_selenium_create_issue,Total:1839 Passed:1839 Failed:0
1747834100190,465,selenium_edit_issue:open_edit_issue_form,Success,True,
1747834101680,645,selenium_edit_issue:save_edit_issue_form,Success,True,
1747834101680,1955,selenium_edit_issue,Success,True,
.test_1_selenium_edit_issue,Total:1840 Passed:1840 Failed:0
1747834101904,221,selenium_save_comment:open_comment_form,Success,True,
1747834104656,688,selenium_save_comment:submit_form,Success,True,
1747834104656,2974,selenium_save_comment,Success,True,
.test_1_selenium_save_comment,Total:1841 Passed:1841 Failed:0
1747834106895,2237,selenium_search_jql,Success,True,
.test_1_selenium_search_jql,Total:1842 Passed:1842 Failed:0
1747834109810,2913,selenium_view_scrum_board_backlog,Success,True,
.test_1_selenium_view_backlog_for_scrum_board,Total:1843 Passed:1843 Failed:0
1747834112083,2271,selenium_view_scrum_board,Success,True,
.test_1_selenium_view_scrum_board,Total:1844 Passed:1844 Failed:0
1747834114303,2218,selenium_view_kanban_board,Success,True,
.test_1_selenium_view_kanban_board,Total:1845 Passed:1845 Failed:0
1747834114604,299,selenium_view_dashboard,Success,True,
.test_1_selenium_view_dashboard,Total:1846 Passed:1846 Failed:0
1747834115063,457,selenium_view_issue,Success,True,
.test_1_selenium_view_issue,Total:1847 Passed:1847 Failed:0
1747834115447,382,selenium_log_out,Success,True,
.test_2_selenium_z_log_out,Total:1848 Passed:1848 Failed:0


=============================== warnings summary ===============================
../../root/.bzt/python-packages/3.13.3/_pytest/config/__init__.py:1277
  /root/.bzt/python-packages/3.13.3/_pytest/config/__init__.py:1277: PytestAssertRewriteWarning: Module already imported so cannot be rewritten: apiritif
    self._mark_plugins_for_rewrite(hook)

-- Docs: https://docs.pytest.org/en/stable/how-to/capture-warnings.html
======================== 14 passed, 1 warning in 26.74s ========================
