============================= test session starts ==============================
platform linux -- Python 3.13.3, pytest-8.3.5, pluggy-1.6.0
rootdir: /dc-app-performance-toolkit/app
plugins: xdist-3.6.1, apiritif-1.1.3
collected 14 items

selenium_ui/jira_ui.py first driver inits
INFO: 2sv login form
1747897366311,1681,selenium_login:open_login_page,Success,True,
node_id:jira-0
1747897369631,3319,selenium_login:login_and_view_dashboard,Success,True,
1747897369642,5054,selenium_login,Success,True,
.test_0_selenium_a_login,Total:1 Passed:1 Failed:0
1747897371473,1804,selenium_project_summary,Success,True,
.test_1_selenium_view_project_summary,Total:2 Passed:2 Failed:0
1747897371693,218,selenium_browse_projects_list,Success,True,
.test_1_selenium_browse_projects_list,Total:3 Passed:3 Failed:0
1747897372995,1300,selenium_browse_boards_list,Success,True,
.test_1_selenium_browse_boards_list,Total:4 Passed:4 Failed:0
1747897373943,789,selenium_create_issue:open_quick_create,Success,True,
1747897375326,635,selenium_create_issue:fill_and_submit_issue_form:submit_issue_form,Success,True,
1747897375327,1383,selenium_create_issue:fill_and_submit_issue_form,Success,True,
1747897375327,2173,selenium_create_issue,Success,True,
.test_1_selenium_create_issue,Total:5 Passed:5 Failed:0
1747897376231,865,selenium_edit_issue:open_edit_issue_form,Success,True,
1747897379161,2155,selenium_edit_issue:save_edit_issue_form,Success,True,
1747897379161,3796,selenium_edit_issue,Success,True,
.test_1_selenium_edit_issue,Total:6 Passed:6 Failed:0
1747897379372,209,selenium_save_comment:open_comment_form,Success,True,
1747897380569,566,selenium_save_comment:submit_form,Success,True,
1747897380569,1406,selenium_save_comment,Success,True,
.test_1_selenium_save_comment,Total:7 Passed:7 Failed:0
1747897412469,31898,selenium_search_jql,Success,True,
.test_1_selenium_search_jql,Total:8 Passed:8 Failed:0
1747897415089,2618,selenium_view_scrum_board_backlog,Success,True,
.test_1_selenium_view_backlog_for_scrum_board,Total:9 Passed:9 Failed:0
1747897417132,2041,selenium_view_scrum_board,Success,True,
.test_1_selenium_view_scrum_board,Total:10 Passed:10 Failed:0
1747897417885,751,selenium_view_kanban_board,Success,True,
.test_1_selenium_view_kanban_board,Total:11 Passed:11 Failed:0
1747897418309,423,selenium_view_dashboard,Success,True,
.test_1_selenium_view_dashboard,Total:12 Passed:12 Failed:0
1747897418757,445,selenium_view_issue,Success,True,
.test_1_selenium_view_issue,Total:13 Passed:13 Failed:0
1747897419110,352,selenium_log_out,Success,True,
.test_2_selenium_z_log_out,Total:14 Passed:14 Failed:0


=============================== warnings summary ===============================
../../root/.bzt/python-packages/3.13.3/_pytest/config/__init__.py:1277
  /root/.bzt/python-packages/3.13.3/_pytest/config/__init__.py:1277: PytestAssertRewriteWarning: Module already imported so cannot be rewritten: apiritif
    self._mark_plugins_for_rewrite(hook)

-- Docs: https://docs.pytest.org/en/stable/how-to/capture-warnings.html
======================== 14 passed, 1 warning in 54.95s ========================
============================= test session starts ==============================
platform linux -- Python 3.13.3, pytest-8.3.5, pluggy-1.6.0
rootdir: /dc-app-performance-toolkit/app
plugins: xdist-3.6.1, apiritif-1.1.3
collected 14 items

selenium_ui/jira_ui.py get driver from global
clear browser cookies
INFO: 2sv login form
1747897420431,1237,selenium_login:open_login_page,Success,True,
node_id:jira-1
1747897421730,1298,selenium_login:login_and_view_dashboard,Success,True,
1747897421741,2550,selenium_login,Success,True,
.test_0_selenium_a_login,Total:15 Passed:15 Failed:0
1747897422163,327,selenium_project_summary,Success,True,
.test_1_selenium_view_project_summary,Total:16 Passed:16 Failed:0
1747897422384,219,selenium_browse_projects_list,Success,True,
.test_1_selenium_browse_projects_list,Total:17 Passed:17 Failed:0
1747897422582,196,selenium_browse_boards_list,Success,True,
.test_1_selenium_browse_boards_list,Total:18 Passed:18 Failed:0
1747897423722,964,selenium_create_issue:open_quick_create,Success,True,
1747897426485,640,selenium_create_issue:fill_and_submit_issue_form:submit_issue_form,Success,True,
1747897426486,2763,selenium_create_issue:fill_and_submit_issue_form,Success,True,
1747897426486,3728,selenium_create_issue,Success,True,
.test_1_selenium_create_issue,Total:19 Passed:19 Failed:0
1747897426947,444,selenium_edit_issue:open_edit_issue_form,Success,True,
1747897428388,704,selenium_edit_issue:save_edit_issue_form,Success,True,
1747897428388,1885,selenium_edit_issue,Success,True,
.test_1_selenium_edit_issue,Total:20 Passed:20 Failed:0
1747897428584,194,selenium_save_comment:open_comment_form,Success,True,
1747897429732,508,selenium_save_comment:submit_form,Success,True,
1747897429732,1342,selenium_save_comment,Success,True,
.test_1_selenium_save_comment,Total:21 Passed:21 Failed:0
1747897431412,1678,selenium_search_jql,Success,True,
.test_1_selenium_search_jql,Total:22 Passed:22 Failed:0
1747897432182,768,selenium_view_scrum_board_backlog,Success,True,
.test_1_selenium_view_backlog_for_scrum_board,Total:23 Passed:23 Failed:0
1747897432914,731,selenium_view_scrum_board,Success,True,
.test_1_selenium_view_scrum_board,Total:24 Passed:24 Failed:0
1747897433683,767,selenium_view_kanban_board,Success,True,
.test_1_selenium_view_kanban_board,Total:25 Passed:25 Failed:0
1747897433899,214,selenium_view_dashboard,Success,True,
.test_1_selenium_view_dashboard,Total:26 Passed:26 Failed:0
1747897434309,407,selenium_view_issue,Success,True,
.test_1_selenium_view_issue,Total:27 Passed:27 Failed:0
1747897434667,356,selenium_log_out,Success,True,
.test_2_selenium_z_log_out,Total:28 Passed:28 Failed:0


=============================== warnings summary ===============================
../../root/.bzt/python-packages/3.13.3/_pytest/config/__init__.py:1277
  /root/.bzt/python-packages/3.13.3/_pytest/config/__init__.py:1277: PytestAssertRewriteWarning: Module already imported so cannot be rewritten: apiritif
    self._mark_plugins_for_rewrite(hook)

-- Docs: https://docs.pytest.org/en/stable/how-to/capture-warnings.html
======================== 14 passed, 1 warning in 15.52s ========================
============================= test session starts ==============================
platform linux -- Python 3.13.3, pytest-8.3.5, pluggy-1.6.0
rootdir: /dc-app-performance-toolkit/app
plugins: xdist-3.6.1, apiritif-1.1.3
collected 14 items

selenium_ui/jira_ui.py get driver from global
clear browser cookies
INFO: 2sv login form
1747897435939,1167,selenium_login:open_login_page,Success,True,
node_id:jira-0
1747897437380,1439,selenium_login:login_and_view_dashboard,Success,True,
1747897437391,2621,selenium_login,Success,True,
.test_0_selenium_a_login,Total:29 Passed:29 Failed:0
1747897437750,326,selenium_project_summary,Success,True,
.test_1_selenium_view_project_summary,Total:30 Passed:30 Failed:0
1747897437964,212,selenium_browse_projects_list,Success,True,
.test_1_selenium_browse_projects_list,Total:31 Passed:31 Failed:0
1747897438159,194,selenium_browse_boards_list,Success,True,
.test_1_selenium_browse_boards_list,Total:32 Passed:32 Failed:0
1747897439098,740,selenium_create_issue:open_quick_create,Success,True,
1747897440354,643,selenium_create_issue:fill_and_submit_issue_form:submit_issue_form,Success,True,
1747897440354,1255,selenium_create_issue:fill_and_submit_issue_form,Success,True,
1747897440354,1996,selenium_create_issue,Success,True,
.test_1_selenium_create_issue,Total:33 Passed:33 Failed:0
1747897440780,409,selenium_edit_issue:open_edit_issue_form,Success,True,
1747897442015,513,selenium_edit_issue:save_edit_issue_form,Success,True,
1747897442015,1643,selenium_edit_issue,Success,True,
.test_1_selenium_edit_issue,Total:34 Passed:34 Failed:0
1747897442203,187,selenium_save_comment:open_comment_form,Success,True,
1747897443335,475,selenium_save_comment:submit_form,Success,True,
1747897443335,1319,selenium_save_comment,Success,True,
.test_1_selenium_save_comment,Total:35 Passed:35 Failed:0
1747897444783,1446,selenium_search_jql,Success,True,
.test_1_selenium_search_jql,Total:36 Passed:36 Failed:0
1747897445946,1162,selenium_view_scrum_board_backlog,Success,True,
.test_1_selenium_view_backlog_for_scrum_board,Total:37 Passed:37 Failed:0
1747897446718,770,selenium_view_scrum_board,Success,True,
.test_1_selenium_view_scrum_board,Total:38 Passed:38 Failed:0
1747897447448,728,selenium_view_kanban_board,Success,True,
.test_1_selenium_view_kanban_board,Total:39 Passed:39 Failed:0
1747897447661,211,selenium_view_dashboard,Success,True,
.test_1_selenium_view_dashboard,Total:40 Passed:40 Failed:0
1747897448013,350,selenium_view_issue,Success,True,
.test_1_selenium_view_issue,Total:41 Passed:41 Failed:0
1747897448317,303,selenium_log_out,Success,True,
.test_2_selenium_z_log_out,Total:42 Passed:42 Failed:0


=============================== warnings summary ===============================
../../root/.bzt/python-packages/3.13.3/_pytest/config/__init__.py:1277
  /root/.bzt/python-packages/3.13.3/_pytest/config/__init__.py:1277: PytestAssertRewriteWarning: Module already imported so cannot be rewritten: apiritif
    self._mark_plugins_for_rewrite(hook)

-- Docs: https://docs.pytest.org/en/stable/how-to/capture-warnings.html
======================== 14 passed, 1 warning in 13.59s ========================
============================= test session starts ==============================
platform linux -- Python 3.13.3, pytest-8.3.5, pluggy-1.6.0
rootdir: /dc-app-performance-toolkit/app
plugins: xdist-3.6.1, apiritif-1.1.3
collected 14 items

selenium_ui/jira_ui.py get driver from global
clear browser cookies
INFO: 2sv login form
1747897449582,1181,selenium_login:open_login_page,Success,True,
node_id:jira-1
1747897450122,539,selenium_login:login_and_view_dashboard,Success,True,
1747897450133,1734,selenium_login,Success,True,
.test_0_selenium_a_login,Total:43 Passed:43 Failed:0
1747897450446,292,selenium_project_summary,Success,True,
.test_1_selenium_view_project_summary,Total:44 Passed:44 Failed:0
1747897450702,254,selenium_browse_projects_list,Success,True,
.test_1_selenium_browse_projects_list,Total:45 Passed:45 Failed:0
1747897450895,191,selenium_browse_boards_list,Success,True,
.test_1_selenium_browse_boards_list,Total:46 Passed:46 Failed:0
1747897451828,748,selenium_create_issue:open_quick_create,Success,True,
1747897453117,659,selenium_create_issue:fill_and_submit_issue_form:submit_issue_form,Success,True,
1747897453117,1288,selenium_create_issue:fill_and_submit_issue_form,Success,True,
1747897453117,2037,selenium_create_issue,Success,True,
.test_1_selenium_create_issue,Total:47 Passed:47 Failed:0
1747897453605,453,selenium_edit_issue:open_edit_issue_form,Success,True,
1747897454927,653,selenium_edit_issue:save_edit_issue_form,Success,True,
1747897454927,1775,selenium_edit_issue,Success,True,
.test_1_selenium_edit_issue,Total:48 Passed:48 Failed:0
1747897455127,198,selenium_save_comment:open_comment_form,Success,True,
1747897456321,508,selenium_save_comment:submit_form,Success,True,
1747897456321,1392,selenium_save_comment,Success,True,
.test_1_selenium_save_comment,Total:49 Passed:49 Failed:0
1747897457796,1474,selenium_search_jql,Success,True,
.test_1_selenium_search_jql,Total:50 Passed:50 Failed:0
1747897458543,744,selenium_view_scrum_board_backlog,Success,True,
.test_1_selenium_view_backlog_for_scrum_board,Total:51 Passed:51 Failed:0
1747897459311,767,selenium_view_scrum_board,Success,True,
.test_1_selenium_view_scrum_board,Total:52 Passed:52 Failed:0
1747897460043,730,selenium_view_kanban_board,Success,True,
.test_1_selenium_view_kanban_board,Total:53 Passed:53 Failed:0
1747897460244,198,selenium_view_dashboard,Success,True,
.test_1_selenium_view_dashboard,Total:54 Passed:54 Failed:0
1747897460636,390,selenium_view_issue,Success,True,
.test_1_selenium_view_issue,Total:55 Passed:55 Failed:0
1747897460924,286,selenium_log_out,Success,True,
.test_2_selenium_z_log_out,Total:56 Passed:56 Failed:0


=============================== warnings summary ===============================
../../root/.bzt/python-packages/3.13.3/_pytest/config/__init__.py:1277
  /root/.bzt/python-packages/3.13.3/_pytest/config/__init__.py:1277: PytestAssertRewriteWarning: Module already imported so cannot be rewritten: apiritif
    self._mark_plugins_for_rewrite(hook)

-- Docs: https://docs.pytest.org/en/stable/how-to/capture-warnings.html
======================== 14 passed, 1 warning in 12.56s ========================
============================= test session starts ==============================
platform linux -- Python 3.13.3, pytest-8.3.5, pluggy-1.6.0
rootdir: /dc-app-performance-toolkit/app
plugins: xdist-3.6.1, apiritif-1.1.3
collected 14 items

selenium_ui/jira_ui.py get driver from global
clear browser cookies
INFO: 2sv login form
1747897462184,1183,selenium_login:open_login_page,Success,True,
node_id:jira-0
1747897463472,1287,selenium_login:login_and_view_dashboard,Success,True,
1747897463482,2483,selenium_login,Success,True,
.test_0_selenium_a_login,Total:57 Passed:57 Failed:0
1747897463804,293,selenium_project_summary,Success,True,
.test_1_selenium_view_project_summary,Total:58 Passed:58 Failed:0
1747897464026,220,selenium_browse_projects_list,Success,True,
.test_1_selenium_browse_projects_list,Total:59 Passed:59 Failed:0
1747897464219,191,selenium_browse_boards_list,Success,True,
.test_1_selenium_browse_boards_list,Total:60 Passed:60 Failed:0
1747897465080,685,selenium_create_issue:open_quick_create,Success,True,
1747897467979,649,selenium_create_issue:fill_and_submit_issue_form:submit_issue_form,Success,True,
1747897467979,2898,selenium_create_issue:fill_and_submit_issue_form,Success,True,
1747897467979,3585,selenium_create_issue,Success,True,
.test_1_selenium_create_issue,Total:61 Passed:61 Failed:0
1747897468413,416,selenium_edit_issue:open_edit_issue_form,Success,True,
1747897469642,569,selenium_edit_issue:save_edit_issue_form,Success,True,
1747897469642,1645,selenium_edit_issue,Success,True,
.test_1_selenium_edit_issue,Total:62 Passed:62 Failed:0
1747897469875,231,selenium_save_comment:open_comment_form,Success,True,
1747897471150,535,selenium_save_comment:submit_form,Success,True,
1747897471150,1506,selenium_save_comment,Success,True,
.test_1_selenium_save_comment,Total:63 Passed:63 Failed:0
1747897472102,950,selenium_search_jql,Success,True,
.test_1_selenium_search_jql,Total:64 Passed:64 Failed:0
1747897472880,776,selenium_view_scrum_board_backlog,Success,True,
.test_1_selenium_view_backlog_for_scrum_board,Total:65 Passed:65 Failed:0
1747897473772,891,selenium_view_scrum_board,Success,True,
.test_1_selenium_view_scrum_board,Total:66 Passed:66 Failed:0
1747897474598,824,selenium_view_kanban_board,Success,True,
.test_1_selenium_view_kanban_board,Total:67 Passed:67 Failed:0
1747897474834,234,selenium_view_dashboard,Success,True,
.test_1_selenium_view_dashboard,Total:68 Passed:68 Failed:0
1747897475257,421,selenium_view_issue,Success,True,
.test_1_selenium_view_issue,Total:69 Passed:69 Failed:0
1747897475554,295,selenium_log_out,Success,True,
.test_2_selenium_z_log_out,Total:70 Passed:70 Failed:0


=============================== warnings summary ===============================
../../root/.bzt/python-packages/3.13.3/_pytest/config/__init__.py:1277
  /root/.bzt/python-packages/3.13.3/_pytest/config/__init__.py:1277: PytestAssertRewriteWarning: Module already imported so cannot be rewritten: apiritif
    self._mark_plugins_for_rewrite(hook)

-- Docs: https://docs.pytest.org/en/stable/how-to/capture-warnings.html
======================== 14 passed, 1 warning in 14.59s ========================
============================= test session starts ==============================
platform linux -- Python 3.13.3, pytest-8.3.5, pluggy-1.6.0
rootdir: /dc-app-performance-toolkit/app
plugins: xdist-3.6.1, apiritif-1.1.3
collected 14 items

selenium_ui/jira_ui.py get driver from global
clear browser cookies
INFO: 2sv login form
1747897476834,1198,selenium_login:open_login_page,Success,True,
node_id:jira-0
1747897477378,543,selenium_login:login_and_view_dashboard,Success,True,
1747897477388,1755,selenium_login,Success,True,
.test_0_selenium_a_login,Total:71 Passed:71 Failed:0
1747897477758,352,selenium_project_summary,Success,True,
.test_1_selenium_view_project_summary,Total:72 Passed:72 Failed:0
1747897478015,255,selenium_browse_projects_list,Success,True,
.test_1_selenium_browse_projects_list,Total:73 Passed:73 Failed:0
1747897478223,207,selenium_browse_boards_list,Success,True,
.test_1_selenium_browse_boards_list,Total:74 Passed:74 Failed:0
1747897479189,778,selenium_create_issue:open_quick_create,Success,True,
1747897480502,686,selenium_create_issue:fill_and_submit_issue_form:submit_issue_form,Success,True,
1747897480503,1313,selenium_create_issue:fill_and_submit_issue_form,Success,True,
1747897480503,2092,selenium_create_issue,Success,True,
.test_1_selenium_create_issue,Total:75 Passed:75 Failed:0
1747897480959,437,selenium_edit_issue:open_edit_issue_form,Success,True,
1747897482258,601,selenium_edit_issue:save_edit_issue_form,Success,True,
1747897482259,1737,selenium_edit_issue,Success,True,
.test_1_selenium_edit_issue,Total:76 Passed:76 Failed:0
1747897482450,189,selenium_save_comment:open_comment_form,Success,True,
1747897483669,517,selenium_save_comment:submit_form,Success,True,
1747897483669,1409,selenium_save_comment,Success,True,
.test_1_selenium_save_comment,Total:77 Passed:77 Failed:0
1747897485317,1646,selenium_search_jql,Success,True,
.test_1_selenium_search_jql,Total:78 Passed:78 Failed:0
1747897486460,1141,selenium_view_scrum_board_backlog,Success,True,
.test_1_selenium_view_backlog_for_scrum_board,Total:79 Passed:79 Failed:0
1747897487247,786,selenium_view_scrum_board,Success,True,
.test_1_selenium_view_scrum_board,Total:80 Passed:80 Failed:0
1747897488012,762,selenium_view_kanban_board,Success,True,
.test_1_selenium_view_kanban_board,Total:81 Passed:81 Failed:0
1747897488232,218,selenium_view_dashboard,Success,True,
.test_1_selenium_view_dashboard,Total:82 Passed:82 Failed:0
1747897488637,403,selenium_view_issue,Success,True,
.test_1_selenium_view_issue,Total:83 Passed:83 Failed:0
1747897489579,940,selenium_log_out,Success,True,
.test_2_selenium_z_log_out,Total:84 Passed:84 Failed:0


=============================== warnings summary ===============================
../../root/.bzt/python-packages/3.13.3/_pytest/config/__init__.py:1277
  /root/.bzt/python-packages/3.13.3/_pytest/config/__init__.py:1277: PytestAssertRewriteWarning: Module already imported so cannot be rewritten: apiritif
    self._mark_plugins_for_rewrite(hook)

-- Docs: https://docs.pytest.org/en/stable/how-to/capture-warnings.html
======================== 14 passed, 1 warning in 13.99s ========================
============================= test session starts ==============================
platform linux -- Python 3.13.3, pytest-8.3.5, pluggy-1.6.0
rootdir: /dc-app-performance-toolkit/app
plugins: xdist-3.6.1, apiritif-1.1.3
collected 14 items

selenium_ui/jira_ui.py get driver from global
clear browser cookies
INFO: 2sv login form
1747897490855,1190,selenium_login:open_login_page,Success,True,
node_id:jira-1
1747897492309,1452,selenium_login:login_and_view_dashboard,Success,True,
1747897492320,2658,selenium_login,Success,True,
.test_0_selenium_a_login,Total:85 Passed:85 Failed:0
1747897492658,305,selenium_project_summary,Success,True,
.test_1_selenium_view_project_summary,Total:86 Passed:86 Failed:0
1747897492887,227,selenium_browse_projects_list,Success,True,
.test_1_selenium_browse_projects_list,Total:87 Passed:87 Failed:0
1747897493102,213,selenium_browse_boards_list,Success,True,
.test_1_selenium_browse_boards_list,Total:88 Passed:88 Failed:0
1747897494034,788,selenium_create_issue:open_quick_create,Success,True,
1747897495439,699,selenium_create_issue:fill_and_submit_issue_form:submit_issue_form,Success,True,
1747897495439,1404,selenium_create_issue:fill_and_submit_issue_form,Success,True,
1747897495439,2194,selenium_create_issue,Success,True,
.test_1_selenium_create_issue,Total:89 Passed:89 Failed:0
1747897495868,412,selenium_edit_issue:open_edit_issue_form,Success,True,
1747897497081,536,selenium_edit_issue:save_edit_issue_form,Success,True,
1747897497081,1625,selenium_edit_issue,Success,True,
.test_1_selenium_edit_issue,Total:90 Passed:90 Failed:0
1747897497285,202,selenium_save_comment:open_comment_form,Success,True,
1747897498515,504,selenium_save_comment:submit_form,Success,True,
1747897498515,1432,selenium_save_comment,Success,True,
.test_1_selenium_save_comment,Total:91 Passed:91 Failed:0
1747897500159,1642,selenium_search_jql,Success,True,
.test_1_selenium_search_jql,Total:92 Passed:92 Failed:0
1747897501326,1165,selenium_view_scrum_board_backlog,Success,True,
.test_1_selenium_view_backlog_for_scrum_board,Total:93 Passed:93 Failed:0
1747897502150,821,selenium_view_scrum_board,Success,True,
.test_1_selenium_view_scrum_board,Total:94 Passed:94 Failed:0
1747897502944,792,selenium_view_kanban_board,Success,True,
.test_1_selenium_view_kanban_board,Total:95 Passed:95 Failed:0
1747897503155,210,selenium_view_dashboard,Success,True,
.test_1_selenium_view_dashboard,Total:96 Passed:96 Failed:0
1747897503550,393,selenium_view_issue,Success,True,
.test_1_selenium_view_issue,Total:97 Passed:97 Failed:0
1747897504491,939,selenium_log_out,Success,True,
.test_2_selenium_z_log_out,Total:98 Passed:98 Failed:0


=============================== warnings summary ===============================
../../root/.bzt/python-packages/3.13.3/_pytest/config/__init__.py:1277
  /root/.bzt/python-packages/3.13.3/_pytest/config/__init__.py:1277: PytestAssertRewriteWarning: Module already imported so cannot be rewritten: apiritif
    self._mark_plugins_for_rewrite(hook)

-- Docs: https://docs.pytest.org/en/stable/how-to/capture-warnings.html
======================== 14 passed, 1 warning in 14.87s ========================
============================= test session starts ==============================
platform linux -- Python 3.13.3, pytest-8.3.5, pluggy-1.6.0
rootdir: /dc-app-performance-toolkit/app
plugins: xdist-3.6.1, apiritif-1.1.3
collected 14 items

selenium_ui/jira_ui.py get driver from global
clear browser cookies
INFO: 2sv login form
1747897505750,1180,selenium_login:open_login_page,Success,True,
node_id:jira-0
1747897506486,735,selenium_login:login_and_view_dashboard,Success,True,
1747897506497,1930,selenium_login,Success,True,
.test_0_selenium_a_login,Total:99 Passed:99 Failed:0
1747897506874,336,selenium_project_summary,Success,True,
.test_1_selenium_view_project_summary,Total:100 Passed:100 Failed:0
1747897507129,253,selenium_browse_projects_list,Success,True,
.test_1_selenium_browse_projects_list,Total:101 Passed:101 Failed:0
1747897507328,197,selenium_browse_boards_list,Success,True,
.test_1_selenium_browse_boards_list,Total:102 Passed:102 Failed:0
1747897508233,728,selenium_create_issue:open_quick_create,Success,True,
1747897509584,684,selenium_create_issue:fill_and_submit_issue_form:submit_issue_form,Success,True,
1747897509584,1351,selenium_create_issue:fill_and_submit_issue_form,Success,True,
1747897509584,2080,selenium_create_issue,Success,True,
.test_1_selenium_create_issue,Total:103 Passed:103 Failed:0
1747897510035,415,selenium_edit_issue:open_edit_issue_form,Success,True,
1747897511413,646,selenium_edit_issue:save_edit_issue_form,Success,True,
1747897511413,1793,selenium_edit_issue,Success,True,
.test_1_selenium_edit_issue,Total:104 Passed:104 Failed:0
1747897511604,189,selenium_save_comment:open_comment_form,Success,True,
1747897512813,483,selenium_save_comment:submit_form,Success,True,
1747897512813,1398,selenium_save_comment,Success,True,
.test_1_selenium_save_comment,Total:105 Passed:105 Failed:0
1747897513751,936,selenium_search_jql,Success,True,
.test_1_selenium_search_jql,Total:106 Passed:106 Failed:0
1747897514876,1123,selenium_view_scrum_board_backlog,Success,True,
.test_1_selenium_view_backlog_for_scrum_board,Total:107 Passed:107 Failed:0
1747897515759,881,selenium_view_scrum_board,Success,True,
.test_1_selenium_view_scrum_board,Total:108 Passed:108 Failed:0
1747897516861,1100,selenium_view_kanban_board,Success,True,
.test_1_selenium_view_kanban_board,Total:109 Passed:109 Failed:0
1747897517056,194,selenium_view_dashboard,Success,True,
.test_1_selenium_view_dashboard,Total:110 Passed:110 Failed:0
1747897517450,391,selenium_view_issue,Success,True,
.test_1_selenium_view_issue,Total:111 Passed:111 Failed:0
1747897517764,312,selenium_log_out,Success,True,
.test_2_selenium_z_log_out,Total:112 Passed:112 Failed:0


=============================== warnings summary ===============================
../../root/.bzt/python-packages/3.13.3/_pytest/config/__init__.py:1277
  /root/.bzt/python-packages/3.13.3/_pytest/config/__init__.py:1277: PytestAssertRewriteWarning: Module already imported so cannot be rewritten: apiritif
    self._mark_plugins_for_rewrite(hook)

-- Docs: https://docs.pytest.org/en/stable/how-to/capture-warnings.html
======================== 14 passed, 1 warning in 13.23s ========================
============================= test session starts ==============================
platform linux -- Python 3.13.3, pytest-8.3.5, pluggy-1.6.0
rootdir: /dc-app-performance-toolkit/app
plugins: xdist-3.6.1, apiritif-1.1.3
collected 14 items

selenium_ui/jira_ui.py get driver from global
clear browser cookies
INFO: 2sv login form
1747897519027,1180,selenium_login:open_login_page,Success,True,
node_id:jira-1
1747897519594,566,selenium_login:login_and_view_dashboard,Success,True,
1747897519616,1772,selenium_login,Success,True,
.test_0_selenium_a_login,Total:113 Passed:113 Failed:0
1747897519956,322,selenium_project_summary,Success,True,
.test_1_selenium_view_project_summary,Total:114 Passed:114 Failed:0
1747897520199,241,selenium_browse_projects_list,Success,True,
.test_1_selenium_browse_projects_list,Total:115 Passed:115 Failed:0
1747897520404,203,selenium_browse_boards_list,Success,True,
.test_1_selenium_browse_boards_list,Total:116 Passed:116 Failed:0
1747897521338,733,selenium_create_issue:open_quick_create,Success,True,
1747897524179,701,selenium_create_issue:fill_and_submit_issue_form:submit_issue_form,Success,True,
1747897524180,2841,selenium_create_issue:fill_and_submit_issue_form,Success,True,
1747897524180,3575,selenium_create_issue,Success,True,
.test_1_selenium_create_issue,Total:117 Passed:117 Failed:0
1747897524625,412,selenium_edit_issue:open_edit_issue_form,Success,True,
1747897525996,718,selenium_edit_issue:save_edit_issue_form,Success,True,
1747897525996,1783,selenium_edit_issue,Success,True,
.test_1_selenium_edit_issue,Total:118 Passed:118 Failed:0
1747897526420,421,selenium_save_comment:open_comment_form,Success,True,
1747897527043,523,selenium_save_comment:submit_form,Success,True,
1747897527043,1045,selenium_save_comment,Success,True,
.test_1_selenium_save_comment,Total:119 Passed:119 Failed:0
1747897527963,917,selenium_search_jql,Success,True,
.test_1_selenium_search_jql,Total:120 Passed:120 Failed:0
1747897529017,1052,selenium_view_scrum_board_backlog,Success,True,
.test_1_selenium_view_backlog_for_scrum_board,Total:121 Passed:121 Failed:0
1747897529907,888,selenium_view_scrum_board,Success,True,
.test_1_selenium_view_scrum_board,Total:122 Passed:122 Failed:0
1747897530887,978,selenium_view_kanban_board,Success,True,
.test_1_selenium_view_kanban_board,Total:123 Passed:123 Failed:0
1747897531091,202,selenium_view_dashboard,Success,True,
.test_1_selenium_view_dashboard,Total:124 Passed:124 Failed:0
1747897531529,436,selenium_view_issue,Success,True,
.test_1_selenium_view_issue,Total:125 Passed:125 Failed:0
1747897531895,363,selenium_log_out,Success,True,
.test_2_selenium_z_log_out,Total:126 Passed:126 Failed:0


=============================== warnings summary ===============================
../../root/.bzt/python-packages/3.13.3/_pytest/config/__init__.py:1277
  /root/.bzt/python-packages/3.13.3/_pytest/config/__init__.py:1277: PytestAssertRewriteWarning: Module already imported so cannot be rewritten: apiritif
    self._mark_plugins_for_rewrite(hook)

-- Docs: https://docs.pytest.org/en/stable/how-to/capture-warnings.html
======================== 14 passed, 1 warning in 14.09s ========================
============================= test session starts ==============================
platform linux -- Python 3.13.3, pytest-8.3.5, pluggy-1.6.0
rootdir: /dc-app-performance-toolkit/app
plugins: xdist-3.6.1, apiritif-1.1.3
collected 14 items

selenium_ui/jira_ui.py get driver from global
clear browser cookies
INFO: 2sv login form
1747897533150,1174,selenium_login:open_login_page,Success,True,
node_id:jira-1
1747897533722,571,selenium_login:login_and_view_dashboard,Success,True,
1747897533733,1761,selenium_login,Success,True,
.test_0_selenium_a_login,Total:127 Passed:127 Failed:0
1747897534098,333,selenium_project_summary,Success,True,
.test_1_selenium_view_project_summary,Total:128 Passed:128 Failed:0
1747897534334,234,selenium_browse_projects_list,Success,True,
.test_1_selenium_browse_projects_list,Total:129 Passed:129 Failed:0
1747897534521,185,selenium_browse_boards_list,Success,True,
.test_1_selenium_browse_boards_list,Total:130 Passed:130 Failed:0
1747897535448,730,selenium_create_issue:open_quick_create,Success,True,
1747897536820,717,selenium_create_issue:fill_and_submit_issue_form:submit_issue_form,Success,True,
1747897536821,1372,selenium_create_issue:fill_and_submit_issue_form,Success,True,
1747897536821,2104,selenium_create_issue,Success,True,
.test_1_selenium_create_issue,Total:131 Passed:131 Failed:0
1747897537243,406,selenium_edit_issue:open_edit_issue_form,Success,True,
1747897538570,592,selenium_edit_issue:save_edit_issue_form,Success,True,
1747897538570,1732,selenium_edit_issue,Success,True,
.test_1_selenium_edit_issue,Total:132 Passed:132 Failed:0
1747897538784,212,selenium_save_comment:open_comment_form,Success,True,
1747897540082,558,selenium_save_comment:submit_form,Success,True,
1747897540082,1511,selenium_save_comment,Success,True,
.test_1_selenium_save_comment,Total:133 Passed:133 Failed:0
1747897540976,891,selenium_search_jql,Success,True,
.test_1_selenium_search_jql,Total:134 Passed:134 Failed:0
1747897542185,1207,selenium_view_scrum_board_backlog,Success,True,
.test_1_selenium_view_backlog_for_scrum_board,Total:135 Passed:135 Failed:0
1747897543052,865,selenium_view_scrum_board,Success,True,
.test_1_selenium_view_scrum_board,Total:136 Passed:136 Failed:0
1747897543878,824,selenium_view_kanban_board,Success,True,
.test_1_selenium_view_kanban_board,Total:137 Passed:137 Failed:0
1747897544177,298,selenium_view_dashboard,Success,True,
.test_1_selenium_view_dashboard,Total:138 Passed:138 Failed:0
1747897544623,444,selenium_view_issue,Success,True,
.test_1_selenium_view_issue,Total:139 Passed:139 Failed:0
1747897544927,302,selenium_log_out,Success,True,
.test_2_selenium_z_log_out,Total:140 Passed:140 Failed:0


=============================== warnings summary ===============================
../../root/.bzt/python-packages/3.13.3/_pytest/config/__init__.py:1277
  /root/.bzt/python-packages/3.13.3/_pytest/config/__init__.py:1277: PytestAssertRewriteWarning: Module already imported so cannot be rewritten: apiritif
    self._mark_plugins_for_rewrite(hook)

-- Docs: https://docs.pytest.org/en/stable/how-to/capture-warnings.html
======================== 14 passed, 1 warning in 12.99s ========================
============================= test session starts ==============================
platform linux -- Python 3.13.3, pytest-8.3.5, pluggy-1.6.0
rootdir: /dc-app-performance-toolkit/app
plugins: xdist-3.6.1, apiritif-1.1.3
collected 14 items

selenium_ui/jira_ui.py get driver from global
clear browser cookies
INFO: 2sv login form
1747897546193,1185,selenium_login:open_login_page,Success,True,
node_id:jira-0
1747897547705,1512,selenium_login:login_and_view_dashboard,Success,True,
1747897547717,2711,selenium_login,Success,True,
.test_0_selenium_a_login,Total:141 Passed:141 Failed:0
1747897548066,321,selenium_project_summary,Success,True,
.test_1_selenium_view_project_summary,Total:142 Passed:142 Failed:0
1747897548290,222,selenium_browse_projects_list,Success,True,
.test_1_selenium_browse_projects_list,Total:143 Passed:143 Failed:0
1747897548490,197,selenium_browse_boards_list,Success,True,
.test_1_selenium_browse_boards_list,Total:144 Passed:144 Failed:0
1747897549583,937,selenium_create_issue:open_quick_create,Success,True,
1747897550842,715,selenium_create_issue:fill_and_submit_issue_form:submit_issue_form,Success,True,
1747897550842,1259,selenium_create_issue:fill_and_submit_issue_form,Success,True,
1747897550842,2197,selenium_create_issue,Success,True,
.test_1_selenium_create_issue,Total:145 Passed:145 Failed:0
1747897551276,416,selenium_edit_issue:open_edit_issue_form,Success,True,
1747897552808,843,selenium_edit_issue:save_edit_issue_form,Success,True,
1747897552808,1949,selenium_edit_issue,Success,True,
.test_1_selenium_edit_issue,Total:146 Passed:146 Failed:0
1747897553013,203,selenium_save_comment:open_comment_form,Success,True,
1747897554285,546,selenium_save_comment:submit_form,Success,True,
1747897554286,1476,selenium_save_comment,Success,True,
.test_1_selenium_save_comment,Total:147 Passed:147 Failed:0
1747897555219,932,selenium_search_jql,Success,True,
.test_1_selenium_search_jql,Total:148 Passed:148 Failed:0
1747897556239,1018,selenium_view_scrum_board_backlog,Success,True,
.test_1_selenium_view_backlog_for_scrum_board,Total:149 Passed:149 Failed:0
1747897557167,927,selenium_view_scrum_board,Success,True,
.test_1_selenium_view_scrum_board,Total:150 Passed:150 Failed:0
1747897558086,918,selenium_view_kanban_board,Success,True,
.test_1_selenium_view_kanban_board,Total:151 Passed:151 Failed:0
1747897558302,214,selenium_view_dashboard,Success,True,
.test_1_selenium_view_dashboard,Total:152 Passed:152 Failed:0
1747897558666,362,selenium_view_issue,Success,True,
.test_1_selenium_view_issue,Total:153 Passed:153 Failed:0
1747897559479,811,selenium_log_out,Success,True,
.test_2_selenium_z_log_out,Total:154 Passed:154 Failed:0


=============================== warnings summary ===============================
../../root/.bzt/python-packages/3.13.3/_pytest/config/__init__.py:1277
  /root/.bzt/python-packages/3.13.3/_pytest/config/__init__.py:1277: PytestAssertRewriteWarning: Module already imported so cannot be rewritten: apiritif
    self._mark_plugins_for_rewrite(hook)

-- Docs: https://docs.pytest.org/en/stable/how-to/capture-warnings.html
======================== 14 passed, 1 warning in 14.51s ========================
============================= test session starts ==============================
platform linux -- Python 3.13.3, pytest-8.3.5, pluggy-1.6.0
rootdir: /dc-app-performance-toolkit/app
plugins: xdist-3.6.1, apiritif-1.1.3
collected 14 items

selenium_ui/jira_ui.py get driver from global
clear browser cookies
INFO: 2sv login form
1747897560741,1181,selenium_login:open_login_page,Success,True,
node_id:jira-1
1747897561395,653,selenium_login:login_and_view_dashboard,Success,True,
1747897561408,1851,selenium_login,Success,True,
.test_0_selenium_a_login,Total:155 Passed:155 Failed:0
1747897561787,350,selenium_project_summary,Success,True,
.test_1_selenium_view_project_summary,Total:156 Passed:156 Failed:0
1747897562052,263,selenium_browse_projects_list,Success,True,
.test_1_selenium_browse_projects_list,Total:157 Passed:157 Failed:0
1747897562289,235,selenium_browse_boards_list,Success,True,
.test_1_selenium_browse_boards_list,Total:158 Passed:158 Failed:0
1747897563471,984,selenium_create_issue:open_quick_create,Success,True,
1747897564901,730,selenium_create_issue:fill_and_submit_issue_form:submit_issue_form,Success,True,
1747897564901,1429,selenium_create_issue:fill_and_submit_issue_form,Success,True,
1747897564902,2415,selenium_create_issue,Success,True,
.test_1_selenium_create_issue,Total:159 Passed:159 Failed:0
1747897565350,431,selenium_edit_issue:open_edit_issue_form,Success,True,
1747897566687,602,selenium_edit_issue:save_edit_issue_form,Success,True,
1747897566687,1768,selenium_edit_issue,Success,True,
.test_1_selenium_edit_issue,Total:160 Passed:160 Failed:0
1747897566885,196,selenium_save_comment:open_comment_form,Success,True,
1747897568140,522,selenium_save_comment:submit_form,Success,True,
1747897568140,1452,selenium_save_comment,Success,True,
.test_1_selenium_save_comment,Total:161 Passed:161 Failed:0
1747897569135,993,selenium_search_jql,Success,True,
.test_1_selenium_search_jql,Total:162 Passed:162 Failed:0
1747897570192,1056,selenium_view_scrum_board_backlog,Success,True,
.test_1_selenium_view_backlog_for_scrum_board,Total:163 Passed:163 Failed:0
1747897571157,963,selenium_view_scrum_board,Success,True,
.test_1_selenium_view_scrum_board,Total:164 Passed:164 Failed:0
1747897572133,974,selenium_view_kanban_board,Success,True,
.test_1_selenium_view_kanban_board,Total:165 Passed:165 Failed:0
1747897572325,190,selenium_view_dashboard,Success,True,
.test_1_selenium_view_dashboard,Total:166 Passed:166 Failed:0
1747897572737,410,selenium_view_issue,Success,True,
.test_1_selenium_view_issue,Total:167 Passed:167 Failed:0
1747897573031,292,selenium_log_out,Success,True,
.test_2_selenium_z_log_out,Total:168 Passed:168 Failed:0


=============================== warnings summary ===============================
../../root/.bzt/python-packages/3.13.3/_pytest/config/__init__.py:1277
  /root/.bzt/python-packages/3.13.3/_pytest/config/__init__.py:1277: PytestAssertRewriteWarning: Module already imported so cannot be rewritten: apiritif
    self._mark_plugins_for_rewrite(hook)

-- Docs: https://docs.pytest.org/en/stable/how-to/capture-warnings.html
======================== 14 passed, 1 warning in 13.51s ========================
============================= test session starts ==============================
platform linux -- Python 3.13.3, pytest-8.3.5, pluggy-1.6.0
rootdir: /dc-app-performance-toolkit/app
plugins: xdist-3.6.1, apiritif-1.1.3
collected 14 items

selenium_ui/jira_ui.py get driver from global
clear browser cookies
INFO: 2sv login form
1747897574287,1174,selenium_login:open_login_page,Success,True,
node_id:jira-1
1747897575966,1678,selenium_login:login_and_view_dashboard,Success,True,
1747897575977,2867,selenium_login,Success,True,
.test_0_selenium_a_login,Total:169 Passed:169 Failed:0
1747897576441,434,selenium_project_summary,Success,True,
.test_1_selenium_view_project_summary,Total:170 Passed:170 Failed:0
1747897576686,243,selenium_browse_projects_list,Success,True,
.test_1_selenium_browse_projects_list,Total:171 Passed:171 Failed:0
1747897576951,263,selenium_browse_boards_list,Success,True,
.test_1_selenium_browse_boards_list,Total:172 Passed:172 Failed:0
1747897578070,908,selenium_create_issue:open_quick_create,Success,True,
1747897579500,739,selenium_create_issue:fill_and_submit_issue_form:submit_issue_form,Success,True,
1747897579501,1430,selenium_create_issue:fill_and_submit_issue_form,Success,True,
1747897579501,2339,selenium_create_issue,Success,True,
.test_1_selenium_create_issue,Total:173 Passed:173 Failed:0
1747897579999,481,selenium_edit_issue:open_edit_issue_form,Success,True,
1747897581242,592,selenium_edit_issue:save_edit_issue_form,Success,True,
1747897581242,1724,selenium_edit_issue,Success,True,
.test_1_selenium_edit_issue,Total:174 Passed:174 Failed:0
1747897581436,192,selenium_save_comment:open_comment_form,Success,True,
1747897582711,529,selenium_save_comment:submit_form,Success,True,
1747897582711,1467,selenium_save_comment,Success,True,
.test_1_selenium_save_comment,Total:175 Passed:175 Failed:0
1747897583661,948,selenium_search_jql,Success,True,
.test_1_selenium_search_jql,Total:176 Passed:176 Failed:0
1747897584911,1248,selenium_view_scrum_board_backlog,Success,True,
.test_1_selenium_view_backlog_for_scrum_board,Total:177 Passed:177 Failed:0
1747897585786,872,selenium_view_scrum_board,Success,True,
.test_1_selenium_view_scrum_board,Total:178 Passed:178 Failed:0
1747897586704,916,selenium_view_kanban_board,Success,True,
.test_1_selenium_view_kanban_board,Total:179 Passed:179 Failed:0
1747897586920,214,selenium_view_dashboard,Success,True,
.test_1_selenium_view_dashboard,Total:180 Passed:180 Failed:0
1747897587309,387,selenium_view_issue,Success,True,
.test_1_selenium_view_issue,Total:181 Passed:181 Failed:0
1747897588385,1075,selenium_log_out,Success,True,
.test_2_selenium_z_log_out,Total:182 Passed:182 Failed:0


=============================== warnings summary ===============================
../../root/.bzt/python-packages/3.13.3/_pytest/config/__init__.py:1277
  /root/.bzt/python-packages/3.13.3/_pytest/config/__init__.py:1277: PytestAssertRewriteWarning: Module already imported so cannot be rewritten: apiritif
    self._mark_plugins_for_rewrite(hook)

-- Docs: https://docs.pytest.org/en/stable/how-to/capture-warnings.html
======================== 14 passed, 1 warning in 15.31s ========================
============================= test session starts ==============================
platform linux -- Python 3.13.3, pytest-8.3.5, pluggy-1.6.0
rootdir: /dc-app-performance-toolkit/app
plugins: xdist-3.6.1, apiritif-1.1.3
collected 14 items

selenium_ui/jira_ui.py get driver from global
clear browser cookies
INFO: 2sv login form
1747897589641,1176,selenium_login:open_login_page,Success,True,
node_id:jira-0
1747897591001,1360,selenium_login:login_and_view_dashboard,Success,True,
1747897591012,2550,selenium_login,Success,True,
.test_0_selenium_a_login,Total:183 Passed:183 Failed:0
1747897591394,351,selenium_project_summary,Success,True,
.test_1_selenium_view_project_summary,Total:184 Passed:184 Failed:0
1747897591621,225,selenium_browse_projects_list,Success,True,
.test_1_selenium_browse_projects_list,Total:185 Passed:185 Failed:0
1747897591825,202,selenium_browse_boards_list,Success,True,
.test_1_selenium_browse_boards_list,Total:186 Passed:186 Failed:0
1747897592903,890,selenium_create_issue:open_quick_create,Success,True,
1747897594227,733,selenium_create_issue:fill_and_submit_issue_form:submit_issue_form,Success,True,
1747897594227,1323,selenium_create_issue:fill_and_submit_issue_form,Success,True,
1747897594227,2214,selenium_create_issue,Success,True,
.test_1_selenium_create_issue,Total:187 Passed:187 Failed:0
1747897594668,423,selenium_edit_issue:open_edit_issue_form,Success,True,
1747897595938,599,selenium_edit_issue:save_edit_issue_form,Success,True,
1747897595939,1694,selenium_edit_issue,Success,True,
.test_1_selenium_edit_issue,Total:188 Passed:188 Failed:0
1747897596142,201,selenium_save_comment:open_comment_form,Success,True,
1747897597420,532,selenium_save_comment:submit_form,Success,True,
1747897597420,1479,selenium_save_comment,Success,True,
.test_1_selenium_save_comment,Total:189 Passed:189 Failed:0
1747897598456,1034,selenium_search_jql,Success,True,
.test_1_selenium_search_jql,Total:190 Passed:190 Failed:0
1747897599680,1223,selenium_view_scrum_board_backlog,Success,True,
.test_1_selenium_view_backlog_for_scrum_board,Total:191 Passed:191 Failed:0
1747897600567,885,selenium_view_scrum_board,Success,True,
.test_1_selenium_view_scrum_board,Total:192 Passed:192 Failed:0
1747897601608,1040,selenium_view_kanban_board,Success,True,
.test_1_selenium_view_kanban_board,Total:193 Passed:193 Failed:0
1747897601873,262,selenium_view_dashboard,Success,True,
.test_1_selenium_view_dashboard,Total:194 Passed:194 Failed:0
1747897602270,395,selenium_view_issue,Success,True,
.test_1_selenium_view_issue,Total:195 Passed:195 Failed:0
1747897602578,306,selenium_log_out,Success,True,
.test_2_selenium_z_log_out,Total:196 Passed:196 Failed:0


=============================== warnings summary ===============================
../../root/.bzt/python-packages/3.13.3/_pytest/config/__init__.py:1277
  /root/.bzt/python-packages/3.13.3/_pytest/config/__init__.py:1277: PytestAssertRewriteWarning: Module already imported so cannot be rewritten: apiritif
    self._mark_plugins_for_rewrite(hook)

-- Docs: https://docs.pytest.org/en/stable/how-to/capture-warnings.html
======================== 14 passed, 1 warning in 14.15s ========================
============================= test session starts ==============================
platform linux -- Python 3.13.3, pytest-8.3.5, pluggy-1.6.0
rootdir: /dc-app-performance-toolkit/app
plugins: xdist-3.6.1, apiritif-1.1.3
collected 14 items

selenium_ui/jira_ui.py get driver from global
clear browser cookies
INFO: 2sv login form
1747897603877,1213,selenium_login:open_login_page,Success,True,
node_id:jira-0
1747897605507,1629,selenium_login:login_and_view_dashboard,Success,True,
1747897605518,2857,selenium_login,Success,True,
.test_0_selenium_a_login,Total:197 Passed:197 Failed:0
1747897605903,352,selenium_project_summary,Success,True,
.test_1_selenium_view_project_summary,Total:198 Passed:198 Failed:0
1747897606128,223,selenium_browse_projects_list,Success,True,
.test_1_selenium_browse_projects_list,Total:199 Passed:199 Failed:0
1747897606319,189,selenium_browse_boards_list,Success,True,
.test_1_selenium_browse_boards_list,Total:200 Passed:200 Failed:0
1747897607440,928,selenium_create_issue:open_quick_create,Success,True,
1747897608764,745,selenium_create_issue:fill_and_submit_issue_form:submit_issue_form,Success,True,
1747897608764,1324,selenium_create_issue:fill_and_submit_issue_form,Success,True,
1747897608764,2253,selenium_create_issue,Success,True,
.test_1_selenium_create_issue,Total:201 Passed:201 Failed:0
1747897609214,432,selenium_edit_issue:open_edit_issue_form,Success,True,
1747897610728,811,selenium_edit_issue:save_edit_issue_form,Success,True,
1747897610729,1947,selenium_edit_issue,Success,True,
.test_1_selenium_edit_issue,Total:202 Passed:202 Failed:0
1747897610914,184,selenium_save_comment:open_comment_form,Success,True,
1747897612149,480,selenium_save_comment:submit_form,Success,True,
1747897612149,1419,selenium_save_comment,Success,True,
.test_1_selenium_save_comment,Total:203 Passed:203 Failed:0
1747897613138,987,selenium_search_jql,Success,True,
.test_1_selenium_search_jql,Total:204 Passed:204 Failed:0
1747897614288,1148,selenium_view_scrum_board_backlog,Success,True,
.test_1_selenium_view_backlog_for_scrum_board,Total:205 Passed:205 Failed:0
1747897615178,887,selenium_view_scrum_board,Success,True,
.test_1_selenium_view_scrum_board,Total:206 Passed:206 Failed:0
1747897616053,874,selenium_view_kanban_board,Success,True,
.test_1_selenium_view_kanban_board,Total:207 Passed:207 Failed:0
1747897616287,232,selenium_view_dashboard,Success,True,
.test_1_selenium_view_dashboard,Total:208 Passed:208 Failed:0
1747897616690,401,selenium_view_issue,Success,True,
.test_1_selenium_view_issue,Total:209 Passed:209 Failed:0
1747897616995,304,selenium_log_out,Success,True,
.test_2_selenium_z_log_out,Total:210 Passed:210 Failed:0


=============================== warnings summary ===============================
../../root/.bzt/python-packages/3.13.3/_pytest/config/__init__.py:1277
  /root/.bzt/python-packages/3.13.3/_pytest/config/__init__.py:1277: PytestAssertRewriteWarning: Module already imported so cannot be rewritten: apiritif
    self._mark_plugins_for_rewrite(hook)

-- Docs: https://docs.pytest.org/en/stable/how-to/capture-warnings.html
======================== 14 passed, 1 warning in 14.37s ========================
============================= test session starts ==============================
platform linux -- Python 3.13.3, pytest-8.3.5, pluggy-1.6.0
rootdir: /dc-app-performance-toolkit/app
plugins: xdist-3.6.1, apiritif-1.1.3
collected 14 items

selenium_ui/jira_ui.py get driver from global
clear browser cookies
INFO: 2sv login form
1747897618302,1224,selenium_login:open_login_page,Success,True,
node_id:jira-0
1747897619872,1569,selenium_login:login_and_view_dashboard,Success,True,
1747897619888,2813,selenium_login,Success,True,
.test_0_selenium_a_login,Total:211 Passed:211 Failed:0
1747897620279,339,selenium_project_summary,Success,True,
.test_1_selenium_view_project_summary,Total:212 Passed:212 Failed:0
1747897620541,260,selenium_browse_projects_list,Success,True,
.test_1_selenium_browse_projects_list,Total:213 Passed:213 Failed:0
1747897620747,204,selenium_browse_boards_list,Success,True,
.test_1_selenium_browse_boards_list,Total:214 Passed:214 Failed:0
1747897621838,938,selenium_create_issue:open_quick_create,Success,True,
1747897623213,759,selenium_create_issue:fill_and_submit_issue_form:submit_issue_form,Success,True,
1747897623213,1374,selenium_create_issue:fill_and_submit_issue_form,Success,True,
1747897623214,2313,selenium_create_issue,Success,True,
.test_1_selenium_create_issue,Total:215 Passed:215 Failed:0
1747897623639,404,selenium_edit_issue:open_edit_issue_form,Success,True,
1747897624967,595,selenium_edit_issue:save_edit_issue_form,Success,True,
1747897624968,1732,selenium_edit_issue,Success,True,
.test_1_selenium_edit_issue,Total:216 Passed:216 Failed:0
1747897625165,195,selenium_save_comment:open_comment_form,Success,True,
1747897626466,535,selenium_save_comment:submit_form,Success,True,
1747897626467,1497,selenium_save_comment,Success,True,
.test_1_selenium_save_comment,Total:217 Passed:217 Failed:0
1747897627392,924,selenium_search_jql,Success,True,
.test_1_selenium_search_jql,Total:218 Passed:218 Failed:0
1747897628438,1044,selenium_view_scrum_board_backlog,Success,True,
.test_1_selenium_view_backlog_for_scrum_board,Total:219 Passed:219 Failed:0
1747897629365,925,selenium_view_scrum_board,Success,True,
.test_1_selenium_view_scrum_board,Total:220 Passed:220 Failed:0
1747897630302,935,selenium_view_kanban_board,Success,True,
.test_1_selenium_view_kanban_board,Total:221 Passed:221 Failed:0
1747897630497,194,selenium_view_dashboard,Success,True,
.test_1_selenium_view_dashboard,Total:222 Passed:222 Failed:0
1747897630979,479,selenium_view_issue,Success,True,
.test_1_selenium_view_issue,Total:223 Passed:223 Failed:0
1747897631315,334,selenium_log_out,Success,True,
.test_2_selenium_z_log_out,Total:224 Passed:224 Failed:0


=============================== warnings summary ===============================
../../root/.bzt/python-packages/3.13.3/_pytest/config/__init__.py:1277
  /root/.bzt/python-packages/3.13.3/_pytest/config/__init__.py:1277: PytestAssertRewriteWarning: Module already imported so cannot be rewritten: apiritif
    self._mark_plugins_for_rewrite(hook)

-- Docs: https://docs.pytest.org/en/stable/how-to/capture-warnings.html
======================== 14 passed, 1 warning in 14.28s ========================
============================= test session starts ==============================
platform linux -- Python 3.13.3, pytest-8.3.5, pluggy-1.6.0
rootdir: /dc-app-performance-toolkit/app
plugins: xdist-3.6.1, apiritif-1.1.3
collected 14 items

selenium_ui/jira_ui.py get driver from global
clear browser cookies
INFO: 2sv login form
1747897632576,1179,selenium_login:open_login_page,Success,True,
node_id:jira-0
1747897633760,1183,selenium_login:login_and_view_dashboard,Success,True,
1747897633772,2378,selenium_login,Success,True,
.test_0_selenium_a_login,Total:225 Passed:225 Failed:0
1747897634131,331,selenium_project_summary,Success,True,
.test_1_selenium_view_project_summary,Total:226 Passed:226 Failed:0
1747897634377,244,selenium_browse_projects_list,Success,True,
.test_1_selenium_browse_projects_list,Total:227 Passed:227 Failed:0
1747897634569,190,selenium_browse_boards_list,Success,True,
.test_1_selenium_browse_boards_list,Total:228 Passed:228 Failed:0
1747897635880,1114,selenium_create_issue:open_quick_create,Success,True,
1747897637273,770,selenium_create_issue:fill_and_submit_issue_form:submit_issue_form,Success,True,
1747897637274,1392,selenium_create_issue:fill_and_submit_issue_form,Success,True,
1747897637274,2507,selenium_create_issue,Success,True,
.test_1_selenium_create_issue,Total:229 Passed:229 Failed:0
1747897637695,405,selenium_edit_issue:open_edit_issue_form,Success,True,
1747897639029,625,selenium_edit_issue:save_edit_issue_form,Success,True,
1747897639029,1738,selenium_edit_issue,Success,True,
.test_1_selenium_edit_issue,Total:230 Passed:230 Failed:0
1747897639215,185,selenium_save_comment:open_comment_form,Success,True,
1747897640511,519,selenium_save_comment:submit_form,Success,True,
1747897640511,1480,selenium_save_comment,Success,True,
.test_1_selenium_save_comment,Total:231 Passed:231 Failed:0
1747897641460,947,selenium_search_jql,Success,True,
.test_1_selenium_search_jql,Total:232 Passed:232 Failed:0
1747897642964,1502,selenium_view_scrum_board_backlog,Success,True,
.test_1_selenium_view_backlog_for_scrum_board,Total:233 Passed:233 Failed:0
1747897643840,875,selenium_view_scrum_board,Success,True,
.test_1_selenium_view_scrum_board,Total:234 Passed:234 Failed:0
1747897644834,992,selenium_view_kanban_board,Success,True,
.test_1_selenium_view_kanban_board,Total:235 Passed:235 Failed:0
1747897645039,203,selenium_view_dashboard,Success,True,
.test_1_selenium_view_dashboard,Total:236 Passed:236 Failed:0
1747897645459,417,selenium_view_issue,Success,True,
.test_1_selenium_view_issue,Total:237 Passed:237 Failed:0
1747897645771,310,selenium_log_out,Success,True,
.test_2_selenium_z_log_out,Total:238 Passed:238 Failed:0


=============================== warnings summary ===============================
../../root/.bzt/python-packages/3.13.3/_pytest/config/__init__.py:1277
  /root/.bzt/python-packages/3.13.3/_pytest/config/__init__.py:1277: PytestAssertRewriteWarning: Module already imported so cannot be rewritten: apiritif
    self._mark_plugins_for_rewrite(hook)

-- Docs: https://docs.pytest.org/en/stable/how-to/capture-warnings.html
======================== 14 passed, 1 warning in 14.42s ========================
============================= test session starts ==============================
platform linux -- Python 3.13.3, pytest-8.3.5, pluggy-1.6.0
rootdir: /dc-app-performance-toolkit/app
plugins: xdist-3.6.1, apiritif-1.1.3
collected 14 items

selenium_ui/jira_ui.py get driver from global
clear browser cookies
INFO: 2sv login form
1747897647041,1183,selenium_login:open_login_page,Success,True,
node_id:jira-1
1747897648305,1263,selenium_login:login_and_view_dashboard,Success,True,
1747897648317,2462,selenium_login,Success,True,
.test_0_selenium_a_login,Total:239 Passed:239 Failed:0
1747897648680,332,selenium_project_summary,Success,True,
.test_1_selenium_view_project_summary,Total:240 Passed:240 Failed:0
1747897648909,227,selenium_browse_projects_list,Success,True,
.test_1_selenium_browse_projects_list,Total:241 Passed:241 Failed:0
1747897649112,201,selenium_browse_boards_list,Success,True,
.test_1_selenium_browse_boards_list,Total:242 Passed:242 Failed:0
1747897650315,1049,selenium_create_issue:open_quick_create,Success,True,
1747897651724,790,selenium_create_issue:fill_and_submit_issue_form:submit_issue_form,Success,True,
1747897651724,1409,selenium_create_issue:fill_and_submit_issue_form,Success,True,
1747897651724,2459,selenium_create_issue,Success,True,
.test_1_selenium_create_issue,Total:243 Passed:243 Failed:0
1747897652179,437,selenium_edit_issue:open_edit_issue_form,Success,True,
1747897653507,628,selenium_edit_issue:save_edit_issue_form,Success,True,
1747897653507,1766,selenium_edit_issue,Success,True,
.test_1_selenium_edit_issue,Total:244 Passed:244 Failed:0
1747897653764,254,selenium_save_comment:open_comment_form,Success,True,
1747897655181,555,selenium_save_comment:submit_form,Success,True,
1747897655181,1672,selenium_save_comment,Success,True,
.test_1_selenium_save_comment,Total:245 Passed:245 Failed:0
1747897656130,947,selenium_search_jql,Success,True,
.test_1_selenium_search_jql,Total:246 Passed:246 Failed:0
1747897657174,1043,selenium_view_scrum_board_backlog,Success,True,
.test_1_selenium_view_backlog_for_scrum_board,Total:247 Passed:247 Failed:0
1747897658137,960,selenium_view_scrum_board,Success,True,
.test_1_selenium_view_scrum_board,Total:248 Passed:248 Failed:0
1747897659143,1004,selenium_view_kanban_board,Success,True,
.test_1_selenium_view_kanban_board,Total:249 Passed:249 Failed:0
1747897659348,203,selenium_view_dashboard,Success,True,
.test_1_selenium_view_dashboard,Total:250 Passed:250 Failed:0
1747897659779,429,selenium_view_issue,Success,True,
.test_1_selenium_view_issue,Total:251 Passed:251 Failed:0
1747897660107,326,selenium_log_out,Success,True,
.test_2_selenium_z_log_out,Total:252 Passed:252 Failed:0


=============================== warnings summary ===============================
../../root/.bzt/python-packages/3.13.3/_pytest/config/__init__.py:1277
  /root/.bzt/python-packages/3.13.3/_pytest/config/__init__.py:1277: PytestAssertRewriteWarning: Module already imported so cannot be rewritten: apiritif
    self._mark_plugins_for_rewrite(hook)

-- Docs: https://docs.pytest.org/en/stable/how-to/capture-warnings.html
======================== 14 passed, 1 warning in 14.30s ========================
============================= test session starts ==============================
platform linux -- Python 3.13.3, pytest-8.3.5, pluggy-1.6.0
rootdir: /dc-app-performance-toolkit/app
plugins: xdist-3.6.1, apiritif-1.1.3
collected 14 items

selenium_ui/jira_ui.py get driver from global
clear browser cookies
INFO: 2sv login form
1747897661368,1177,selenium_login:open_login_page,Success,True,
node_id:jira-1
1747897662744,1375,selenium_login:login_and_view_dashboard,Success,True,
1747897662756,2568,selenium_login,Success,True,
.test_0_selenium_a_login,Total:253 Passed:253 Failed:0
1747897663109,320,selenium_project_summary,Success,True,
.test_1_selenium_view_project_summary,Total:254 Passed:254 Failed:0
1747897663341,230,selenium_browse_projects_list,Success,True,
.test_1_selenium_browse_projects_list,Total:255 Passed:255 Failed:0
1747897663526,183,selenium_browse_boards_list,Success,True,
.test_1_selenium_browse_boards_list,Total:256 Passed:256 Failed:0
1747897664644,922,selenium_create_issue:open_quick_create,Success,True,
1747897666001,796,selenium_create_issue:fill_and_submit_issue_form:submit_issue_form,Success,True,
1747897666001,1356,selenium_create_issue:fill_and_submit_issue_form,Success,True,
1747897666001,2279,selenium_create_issue,Success,True,
.test_1_selenium_create_issue,Total:257 Passed:257 Failed:0
1747897666467,449,selenium_edit_issue:open_edit_issue_form,Success,True,
1747897667808,599,selenium_edit_issue:save_edit_issue_form,Success,True,
1747897667809,1790,selenium_edit_issue,Success,True,
.test_1_selenium_edit_issue,Total:258 Passed:258 Failed:0
1747897668013,203,selenium_save_comment:open_comment_form,Success,True,
1747897669280,478,selenium_save_comment:submit_form,Success,True,
1747897669280,1470,selenium_save_comment,Success,True,
.test_1_selenium_save_comment,Total:259 Passed:259 Failed:0
1747897670281,999,selenium_search_jql,Success,True,
.test_1_selenium_search_jql,Total:260 Passed:260 Failed:0
1747897671491,1208,selenium_view_scrum_board_backlog,Success,True,
.test_1_selenium_view_backlog_for_scrum_board,Total:261 Passed:261 Failed:0
1747897672390,898,selenium_view_scrum_board,Success,True,
.test_1_selenium_view_scrum_board,Total:262 Passed:262 Failed:0
1747897673400,1008,selenium_view_kanban_board,Success,True,
.test_1_selenium_view_kanban_board,Total:263 Passed:263 Failed:0
1747897673672,270,selenium_view_dashboard,Success,True,
.test_1_selenium_view_dashboard,Total:264 Passed:264 Failed:0
1747897674089,415,selenium_view_issue,Success,True,
.test_1_selenium_view_issue,Total:265 Passed:265 Failed:0
1747897674404,313,selenium_log_out,Success,True,
.test_2_selenium_z_log_out,Total:266 Passed:266 Failed:0


=============================== warnings summary ===============================
../../root/.bzt/python-packages/3.13.3/_pytest/config/__init__.py:1277
  /root/.bzt/python-packages/3.13.3/_pytest/config/__init__.py:1277: PytestAssertRewriteWarning: Module already imported so cannot be rewritten: apiritif
    self._mark_plugins_for_rewrite(hook)

-- Docs: https://docs.pytest.org/en/stable/how-to/capture-warnings.html
======================== 14 passed, 1 warning in 14.26s ========================
============================= test session starts ==============================
platform linux -- Python 3.13.3, pytest-8.3.5, pluggy-1.6.0
rootdir: /dc-app-performance-toolkit/app
plugins: xdist-3.6.1, apiritif-1.1.3
collected 14 items

selenium_ui/jira_ui.py get driver from global
clear browser cookies
INFO: 2sv login form
1747897675677,1192,selenium_login:open_login_page,Success,True,
node_id:jira-1
1747897677136,1458,selenium_login:login_and_view_dashboard,Success,True,
1747897677147,2665,selenium_login,Success,True,
.test_0_selenium_a_login,Total:267 Passed:267 Failed:0
1747897677498,304,selenium_project_summary,Success,True,
.test_1_selenium_view_project_summary,Total:268 Passed:268 Failed:0
1747897677727,227,selenium_browse_projects_list,Success,True,
.test_1_selenium_browse_projects_list,Total:269 Passed:269 Failed:0
1747897677941,212,selenium_browse_boards_list,Success,True,
.test_1_selenium_browse_boards_list,Total:270 Passed:270 Failed:0
1747897679017,896,selenium_create_issue:open_quick_create,Success,True,
1747897680420,793,selenium_create_issue:fill_and_submit_issue_form:submit_issue_form,Success,True,
1747897680420,1403,selenium_create_issue:fill_and_submit_issue_form,Success,True,
1747897680420,2300,selenium_create_issue,Success,True,
.test_1_selenium_create_issue,Total:271 Passed:271 Failed:0
1747897680863,425,selenium_edit_issue:open_edit_issue_form,Success,True,
1747897682091,569,selenium_edit_issue:save_edit_issue_form,Success,True,
1747897682092,1654,selenium_edit_issue,Success,True,
.test_1_selenium_edit_issue,Total:272 Passed:272 Failed:0
1747897682279,185,selenium_save_comment:open_comment_form,Success,True,
1747897683591,518,selenium_save_comment:submit_form,Success,True,
1747897683592,1498,selenium_save_comment,Success,True,
.test_1_selenium_save_comment,Total:273 Passed:273 Failed:0
1747897684531,937,selenium_search_jql,Success,True,
.test_1_selenium_search_jql,Total:274 Passed:274 Failed:0
1747897685624,1091,selenium_view_scrum_board_backlog,Success,True,
.test_1_selenium_view_backlog_for_scrum_board,Total:275 Passed:275 Failed:0
1747897686572,946,selenium_view_scrum_board,Success,True,
.test_1_selenium_view_scrum_board,Total:276 Passed:276 Failed:0
1747897687574,1000,selenium_view_kanban_board,Success,True,
.test_1_selenium_view_kanban_board,Total:277 Passed:277 Failed:0
1747897687767,191,selenium_view_dashboard,Success,True,
.test_1_selenium_view_dashboard,Total:278 Passed:278 Failed:0
1747897688133,364,selenium_view_issue,Success,True,
.test_1_selenium_view_issue,Total:279 Passed:279 Failed:0
1747897688461,326,selenium_log_out,Success,True,
.test_2_selenium_z_log_out,Total:280 Passed:280 Failed:0


=============================== warnings summary ===============================
../../root/.bzt/python-packages/3.13.3/_pytest/config/__init__.py:1277
  /root/.bzt/python-packages/3.13.3/_pytest/config/__init__.py:1277: PytestAssertRewriteWarning: Module already imported so cannot be rewritten: apiritif
    self._mark_plugins_for_rewrite(hook)

-- Docs: https://docs.pytest.org/en/stable/how-to/capture-warnings.html
======================== 14 passed, 1 warning in 14.02s ========================
============================= test session starts ==============================
platform linux -- Python 3.13.3, pytest-8.3.5, pluggy-1.6.0
rootdir: /dc-app-performance-toolkit/app
plugins: xdist-3.6.1, apiritif-1.1.3
collected 14 items

selenium_ui/jira_ui.py get driver from global
clear browser cookies
INFO: 2sv login form
1747897689722,1177,selenium_login:open_login_page,Success,True,
node_id:jira-1
1747897691033,1310,selenium_login:login_and_view_dashboard,Success,True,
1747897691043,2501,selenium_login,Success,True,
.test_0_selenium_a_login,Total:281 Passed:281 Failed:0
1747897691376,315,selenium_project_summary,Success,True,
.test_1_selenium_view_project_summary,Total:282 Passed:282 Failed:0
1747897691642,264,selenium_browse_projects_list,Success,True,
.test_1_selenium_browse_projects_list,Total:283 Passed:283 Failed:0
1747897691823,179,selenium_browse_boards_list,Success,True,
.test_1_selenium_browse_boards_list,Total:284 Passed:284 Failed:0
1747897693037,1038,selenium_create_issue:open_quick_create,Success,True,
1747897694437,803,selenium_create_issue:fill_and_submit_issue_form:submit_issue_form,Success,True,
1747897694437,1400,selenium_create_issue:fill_and_submit_issue_form,Success,True,
1747897694437,2439,selenium_create_issue,Success,True,
.test_1_selenium_create_issue,Total:285 Passed:285 Failed:0
1747897694862,409,selenium_edit_issue:open_edit_issue_form,Success,True,
1747897696057,515,selenium_edit_issue:save_edit_issue_form,Success,True,
1747897696058,1604,selenium_edit_issue,Success,True,
.test_1_selenium_edit_issue,Total:286 Passed:286 Failed:0
1747897696260,201,selenium_save_comment:open_comment_form,Success,True,
1747897697583,508,selenium_save_comment:submit_form,Success,True,
1747897697583,1524,selenium_save_comment,Success,True,
.test_1_selenium_save_comment,Total:287 Passed:287 Failed:0
1747897698638,1053,selenium_search_jql,Success,True,
.test_1_selenium_search_jql,Total:288 Passed:288 Failed:0
1747897699822,1182,selenium_view_scrum_board_backlog,Success,True,
.test_1_selenium_view_backlog_for_scrum_board,Total:289 Passed:289 Failed:0
1747897700782,958,selenium_view_scrum_board,Success,True,
.test_1_selenium_view_scrum_board,Total:290 Passed:290 Failed:0
1747897701708,924,selenium_view_kanban_board,Success,True,
.test_1_selenium_view_kanban_board,Total:291 Passed:291 Failed:0
1747897701931,221,selenium_view_dashboard,Success,True,
.test_1_selenium_view_dashboard,Total:292 Passed:292 Failed:0
1747897702382,448,selenium_view_issue,Success,True,
.test_1_selenium_view_issue,Total:293 Passed:293 Failed:0
1747897702703,320,selenium_log_out,Success,True,
.test_2_selenium_z_log_out,Total:294 Passed:294 Failed:0


=============================== warnings summary ===============================
../../root/.bzt/python-packages/3.13.3/_pytest/config/__init__.py:1277
  /root/.bzt/python-packages/3.13.3/_pytest/config/__init__.py:1277: PytestAssertRewriteWarning: Module already imported so cannot be rewritten: apiritif
    self._mark_plugins_for_rewrite(hook)

-- Docs: https://docs.pytest.org/en/stable/how-to/capture-warnings.html
======================== 14 passed, 1 warning in 14.20s ========================
============================= test session starts ==============================
platform linux -- Python 3.13.3, pytest-8.3.5, pluggy-1.6.0
rootdir: /dc-app-performance-toolkit/app
plugins: xdist-3.6.1, apiritif-1.1.3
collected 14 items

selenium_ui/jira_ui.py get driver from global
clear browser cookies
INFO: 2sv login form
1747897703949,1164,selenium_login:open_login_page,Success,True,
node_id:jira-0
1747897705264,1314,selenium_login:login_and_view_dashboard,Success,True,
1747897705273,2491,selenium_login,Success,True,
.test_0_selenium_a_login,Total:295 Passed:295 Failed:0
1747897705626,322,selenium_project_summary,Success,True,
.test_1_selenium_view_project_summary,Total:296 Passed:296 Failed:0
1747897705855,227,selenium_browse_projects_list,Success,True,
.test_1_selenium_browse_projects_list,Total:297 Passed:297 Failed:0
1747897706058,201,selenium_browse_boards_list,Success,True,
.test_1_selenium_browse_boards_list,Total:298 Passed:298 Failed:0
1747897707129,888,selenium_create_issue:open_quick_create,Success,True,
1747897708549,807,selenium_create_issue:fill_and_submit_issue_form:submit_issue_form,Success,True,
1747897708549,1420,selenium_create_issue:fill_and_submit_issue_form,Success,True,
1747897708550,2309,selenium_create_issue,Success,True,
.test_1_selenium_create_issue,Total:299 Passed:299 Failed:0
1747897708961,394,selenium_edit_issue:open_edit_issue_form,Success,True,
1747897710140,509,selenium_edit_issue:save_edit_issue_form,Success,True,
1747897710141,1573,selenium_edit_issue,Success,True,
.test_1_selenium_edit_issue,Total:300 Passed:300 Failed:0
1747897710327,185,selenium_save_comment:open_comment_form,Success,True,
1747897711624,474,selenium_save_comment:submit_form,Success,True,
1747897711624,1482,selenium_save_comment,Success,True,
.test_1_selenium_save_comment,Total:301 Passed:301 Failed:0
1747897712616,990,selenium_search_jql,Success,True,
.test_1_selenium_search_jql,Total:302 Passed:302 Failed:0
1747897713672,1054,selenium_view_scrum_board_backlog,Success,True,
.test_1_selenium_view_backlog_for_scrum_board,Total:303 Passed:303 Failed:0
1747897714617,943,selenium_view_scrum_board,Success,True,
.test_1_selenium_view_scrum_board,Total:304 Passed:304 Failed:0
1747897715644,1025,selenium_view_kanban_board,Success,True,
.test_1_selenium_view_kanban_board,Total:305 Passed:305 Failed:0
1747897715859,214,selenium_view_dashboard,Success,True,
.test_1_selenium_view_dashboard,Total:306 Passed:306 Failed:0
1747897716391,530,selenium_view_issue,Success,True,
.test_1_selenium_view_issue,Total:307 Passed:307 Failed:0
1747897716760,367,selenium_log_out,Success,True,
.test_2_selenium_z_log_out,Total:308 Passed:308 Failed:0


=============================== warnings summary ===============================
../../root/.bzt/python-packages/3.13.3/_pytest/config/__init__.py:1277
  /root/.bzt/python-packages/3.13.3/_pytest/config/__init__.py:1277: PytestAssertRewriteWarning: Module already imported so cannot be rewritten: apiritif
    self._mark_plugins_for_rewrite(hook)

-- Docs: https://docs.pytest.org/en/stable/how-to/capture-warnings.html
======================== 14 passed, 1 warning in 14.02s ========================
============================= test session starts ==============================
platform linux -- Python 3.13.3, pytest-8.3.5, pluggy-1.6.0
rootdir: /dc-app-performance-toolkit/app
plugins: xdist-3.6.1, apiritif-1.1.3
collected 14 items

selenium_ui/jira_ui.py get driver from global
clear browser cookies
INFO: 2sv login form
1747897718026,1181,selenium_login:open_login_page,Success,True,
node_id:jira-1
1747897719377,1350,selenium_login:login_and_view_dashboard,Success,True,
1747897719386,2543,selenium_login,Success,True,
.test_0_selenium_a_login,Total:309 Passed:309 Failed:0
1747897719712,311,selenium_project_summary,Success,True,
.test_1_selenium_view_project_summary,Total:310 Passed:310 Failed:0
1747897719964,250,selenium_browse_projects_list,Success,True,
.test_1_selenium_browse_projects_list,Total:311 Passed:311 Failed:0
1747897720144,178,selenium_browse_boards_list,Success,True,
.test_1_selenium_browse_boards_list,Total:312 Passed:312 Failed:0
1747897721228,937,selenium_create_issue:open_quick_create,Success,True,
1747897722778,826,selenium_create_issue:fill_and_submit_issue_form:submit_issue_form,Success,True,
1747897722778,1549,selenium_create_issue:fill_and_submit_issue_form,Success,True,
1747897722778,2488,selenium_create_issue,Success,True,
.test_1_selenium_create_issue,Total:313 Passed:313 Failed:0
1747897723222,403,selenium_edit_issue:open_edit_issue_form,Success,True,
1747897724411,545,selenium_edit_issue:save_edit_issue_form,Success,True,
1747897724411,1593,selenium_edit_issue,Success,True,
.test_1_selenium_edit_issue,Total:314 Passed:314 Failed:0
1747897724599,186,selenium_save_comment:open_comment_form,Success,True,
1747897725928,501,selenium_save_comment:submit_form,Success,True,
1747897725929,1516,selenium_save_comment,Success,True,
.test_1_selenium_save_comment,Total:315 Passed:315 Failed:0
1747897726888,957,selenium_search_jql,Success,True,
.test_1_selenium_search_jql,Total:316 Passed:316 Failed:0
1747897727957,1067,selenium_view_scrum_board_backlog,Success,True,
.test_1_selenium_view_backlog_for_scrum_board,Total:317 Passed:317 Failed:0
1747897728948,989,selenium_view_scrum_board,Success,True,
.test_1_selenium_view_scrum_board,Total:318 Passed:318 Failed:0
1747897729976,1026,selenium_view_kanban_board,Success,True,
.test_1_selenium_view_kanban_board,Total:319 Passed:319 Failed:0
1747897730183,205,selenium_view_dashboard,Success,True,
.test_1_selenium_view_dashboard,Total:320 Passed:320 Failed:0
1747897730599,414,selenium_view_issue,Success,True,
.test_1_selenium_view_issue,Total:321 Passed:321 Failed:0
1747897730913,312,selenium_log_out,Success,True,
.test_2_selenium_z_log_out,Total:322 Passed:322 Failed:0


=============================== warnings summary ===============================
../../root/.bzt/python-packages/3.13.3/_pytest/config/__init__.py:1277
  /root/.bzt/python-packages/3.13.3/_pytest/config/__init__.py:1277: PytestAssertRewriteWarning: Module already imported so cannot be rewritten: apiritif
    self._mark_plugins_for_rewrite(hook)

-- Docs: https://docs.pytest.org/en/stable/how-to/capture-warnings.html
======================== 14 passed, 1 warning in 14.11s ========================
============================= test session starts ==============================
platform linux -- Python 3.13.3, pytest-8.3.5, pluggy-1.6.0
rootdir: /dc-app-performance-toolkit/app
plugins: xdist-3.6.1, apiritif-1.1.3
collected 14 items

selenium_ui/jira_ui.py get driver from global
clear browser cookies
INFO: 2sv login form
1747897732175,1177,selenium_login:open_login_page,Success,True,
node_id:jira-0
1747897733541,1365,selenium_login:login_and_view_dashboard,Success,True,
1747897733551,2556,selenium_login,Success,True,
.test_0_selenium_a_login,Total:323 Passed:323 Failed:0
1747897733887,307,selenium_project_summary,Success,True,
.test_1_selenium_view_project_summary,Total:324 Passed:324 Failed:0
1747897734107,219,selenium_browse_projects_list,Success,True,
.test_1_selenium_browse_projects_list,Total:325 Passed:325 Failed:0
1747897734301,192,selenium_browse_boards_list,Success,True,
.test_1_selenium_browse_boards_list,Total:326 Passed:326 Failed:0
1747897735405,967,selenium_create_issue:open_quick_create,Success,True,
1747897736897,824,selenium_create_issue:fill_and_submit_issue_form:submit_issue_form,Success,True,
1747897736897,1492,selenium_create_issue:fill_and_submit_issue_form,Success,True,
1747897736897,2460,selenium_create_issue,Success,True,
.test_1_selenium_create_issue,Total:327 Passed:327 Failed:0
1747897737307,393,selenium_edit_issue:open_edit_issue_form,Success,True,
1747897738526,529,selenium_edit_issue:save_edit_issue_form,Success,True,
1747897738526,1612,selenium_edit_issue,Success,True,
.test_1_selenium_edit_issue,Total:328 Passed:328 Failed:0
1747897738719,191,selenium_save_comment:open_comment_form,Success,True,
1747897740080,515,selenium_save_comment:submit_form,Success,True,
1747897740081,1553,selenium_save_comment,Success,True,
.test_1_selenium_save_comment,Total:329 Passed:329 Failed:0
1747897741059,976,selenium_search_jql,Success,True,
.test_1_selenium_search_jql,Total:330 Passed:330 Failed:0
1747897742135,1074,selenium_view_scrum_board_backlog,Success,True,
.test_1_selenium_view_backlog_for_scrum_board,Total:331 Passed:331 Failed:0
1747897743148,1011,selenium_view_scrum_board,Success,True,
.test_1_selenium_view_scrum_board,Total:332 Passed:332 Failed:0
1747897744160,1011,selenium_view_kanban_board,Success,True,
.test_1_selenium_view_kanban_board,Total:333 Passed:333 Failed:0
1747897744364,202,selenium_view_dashboard,Success,True,
.test_1_selenium_view_dashboard,Total:334 Passed:334 Failed:0
1747897744777,411,selenium_view_issue,Success,True,
.test_1_selenium_view_issue,Total:335 Passed:335 Failed:0
1747897745098,319,selenium_log_out,Success,True,
.test_2_selenium_z_log_out,Total:336 Passed:336 Failed:0


=============================== warnings summary ===============================
../../root/.bzt/python-packages/3.13.3/_pytest/config/__init__.py:1277
  /root/.bzt/python-packages/3.13.3/_pytest/config/__init__.py:1277: PytestAssertRewriteWarning: Module already imported so cannot be rewritten: apiritif
    self._mark_plugins_for_rewrite(hook)

-- Docs: https://docs.pytest.org/en/stable/how-to/capture-warnings.html
======================== 14 passed, 1 warning in 14.14s ========================
============================= test session starts ==============================
platform linux -- Python 3.13.3, pytest-8.3.5, pluggy-1.6.0
rootdir: /dc-app-performance-toolkit/app
plugins: xdist-3.6.1, apiritif-1.1.3
collected 14 items

selenium_ui/jira_ui.py get driver from global
clear browser cookies
INFO: 2sv login form
1747897746364,1182,selenium_login:open_login_page,Success,True,
node_id:jira-0
1747897747756,1391,selenium_login:login_and_view_dashboard,Success,True,
1747897747765,2586,selenium_login,Success,True,
.test_0_selenium_a_login,Total:337 Passed:337 Failed:0
1747897748103,322,selenium_project_summary,Success,True,
.test_1_selenium_view_project_summary,Total:338 Passed:338 Failed:0
1747897748345,239,selenium_browse_projects_list,Success,True,
.test_1_selenium_browse_projects_list,Total:339 Passed:339 Failed:0
1747897748540,193,selenium_browse_boards_list,Success,True,
.test_1_selenium_browse_boards_list,Total:340 Passed:340 Failed:0
1747897749659,926,selenium_create_issue:open_quick_create,Success,True,
1747897751032,833,selenium_create_issue:fill_and_submit_issue_form:submit_issue_form,Success,True,
1747897751033,1373,selenium_create_issue:fill_and_submit_issue_form,Success,True,
1747897751033,2300,selenium_create_issue,Success,True,
.test_1_selenium_create_issue,Total:341 Passed:341 Failed:0
1747897751473,424,selenium_edit_issue:open_edit_issue_form,Success,True,
1747897752729,566,selenium_edit_issue:save_edit_issue_form,Success,True,
1747897752729,1680,selenium_edit_issue,Success,True,
.test_1_selenium_edit_issue,Total:342 Passed:342 Failed:0
1747897752924,193,selenium_save_comment:open_comment_form,Success,True,
1747897754250,474,selenium_save_comment:submit_form,Success,True,
1747897754250,1520,selenium_save_comment,Success,True,
.test_1_selenium_save_comment,Total:343 Passed:343 Failed:0
1747897755210,957,selenium_search_jql,Success,True,
.test_1_selenium_search_jql,Total:344 Passed:344 Failed:0
1747897756896,1685,selenium_view_scrum_board_backlog,Success,True,
.test_1_selenium_view_backlog_for_scrum_board,Total:345 Passed:345 Failed:0
1747897757876,978,selenium_view_scrum_board,Success,True,
.test_1_selenium_view_scrum_board,Total:346 Passed:346 Failed:0
1747897758859,982,selenium_view_kanban_board,Success,True,
.test_1_selenium_view_kanban_board,Total:347 Passed:347 Failed:0
1747897759069,208,selenium_view_dashboard,Success,True,
.test_1_selenium_view_dashboard,Total:348 Passed:348 Failed:0
1747897759470,398,selenium_view_issue,Success,True,
.test_1_selenium_view_issue,Total:349 Passed:349 Failed:0
1747897760447,975,selenium_log_out,Success,True,
.test_2_selenium_z_log_out,Total:350 Passed:350 Failed:0


=============================== warnings summary ===============================
../../root/.bzt/python-packages/3.13.3/_pytest/config/__init__.py:1277
  /root/.bzt/python-packages/3.13.3/_pytest/config/__init__.py:1277: PytestAssertRewriteWarning: Module already imported so cannot be rewritten: apiritif
    self._mark_plugins_for_rewrite(hook)

-- Docs: https://docs.pytest.org/en/stable/how-to/capture-warnings.html
======================== 14 passed, 1 warning in 15.31s ========================
============================= test session starts ==============================
platform linux -- Python 3.13.3, pytest-8.3.5, pluggy-1.6.0
rootdir: /dc-app-performance-toolkit/app
plugins: xdist-3.6.1, apiritif-1.1.3
collected 14 items

selenium_ui/jira_ui.py get driver from global
clear browser cookies
INFO: 2sv login form
1747897761710,1180,selenium_login:open_login_page,Success,True,
node_id:jira-0
1747897763137,1426,selenium_login:login_and_view_dashboard,Success,True,
1747897763147,2620,selenium_login,Success,True,
.test_0_selenium_a_login,Total:351 Passed:351 Failed:0
1747897763552,354,selenium_project_summary,Success,True,
.test_1_selenium_view_project_summary,Total:352 Passed:352 Failed:0
1747897763786,232,selenium_browse_projects_list,Success,True,
[...]
1747899916772,395,selenium_view_issue,Success,True,
.test_1_selenium_view_issue,Total:1889 Passed:1889 Failed:0
1747899917088,314,selenium_log_out,Success,True,
.test_2_selenium_z_log_out,Total:1890 Passed:1890 Failed:0


=============================== warnings summary ===============================
../../root/.bzt/python-packages/3.13.3/_pytest/config/__init__.py:1277
  /root/.bzt/python-packages/3.13.3/_pytest/config/__init__.py:1277: PytestAssertRewriteWarning: Module already imported so cannot be rewritten: apiritif
    self._mark_plugins_for_rewrite(hook)

-- Docs: https://docs.pytest.org/en/stable/how-to/capture-warnings.html
======================== 14 passed, 1 warning in 24.47s ========================
============================= test session starts ==============================
platform linux -- Python 3.13.3, pytest-8.3.5, pluggy-1.6.0
rootdir: /dc-app-performance-toolkit/app
plugins: xdist-3.6.1, apiritif-1.1.3
collected 14 items

selenium_ui/jira_ui.py get driver from global
clear browser cookies
INFO: 2sv login form
1747899918355,1185,selenium_login:open_login_page,Success,True,
node_id:jira-1
1747899920839,2483,selenium_login:login_and_view_dashboard,Success,True,
1747899920850,3683,selenium_login,Success,True,
.test_0_selenium_a_login,Total:1891 Passed:1891 Failed:0
1747899921249,359,selenium_project_summary,Success,True,
.test_1_selenium_view_project_summary,Total:1892 Passed:1892 Failed:0
1747899921491,241,selenium_browse_projects_list,Success,True,
.test_1_selenium_browse_projects_list,Total:1893 Passed:1893 Failed:0
1747899921694,201,selenium_browse_boards_list,Success,True,
.test_1_selenium_browse_boards_list,Total:1894 Passed:1894 Failed:0
1747899924068,2182,selenium_create_issue:open_quick_create,Success,True,
1747899926545,1925,selenium_create_issue:fill_and_submit_issue_form:submit_issue_form,Success,True,
1747899926545,2477,selenium_create_issue:fill_and_submit_issue_form,Success,True,
1747899926546,4661,selenium_create_issue,Success,True,
.test_1_selenium_create_issue,Total:1895 Passed:1895 Failed:0
1747899926989,404,selenium_edit_issue:open_edit_issue_form,Success,True,
1747899928400,745,selenium_edit_issue:save_edit_issue_form,Success,True,
1747899928400,1816,selenium_edit_issue,Success,True,
.test_1_selenium_edit_issue,Total:1896 Passed:1896 Failed:0
1747899928597,195,selenium_save_comment:open_comment_form,Success,True,
1747899931085,544,selenium_save_comment:submit_form,Success,True,
1747899931085,2682,selenium_save_comment,Success,True,
.test_1_selenium_save_comment,Total:1897 Passed:1897 Failed:0
1747899933162,2075,selenium_search_jql,Success,True,
.test_1_selenium_search_jql,Total:1898 Passed:1898 Failed:0
1747899935473,2309,selenium_view_scrum_board_backlog,Success,True,
.test_1_selenium_view_backlog_for_scrum_board,Total:1899 Passed:1899 Failed:0
1747899937644,2169,selenium_view_scrum_board,Success,True,
.test_1_selenium_view_scrum_board,Total:1900 Passed:1900 Failed:0
1747899939689,2043,selenium_view_kanban_board,Success,True,
.test_1_selenium_view_kanban_board,Total:1901 Passed:1901 Failed:0
1747899939908,217,selenium_view_dashboard,Success,True,
.test_1_selenium_view_dashboard,Total:1902 Passed:1902 Failed:0
1747899940341,431,selenium_view_issue,Success,True,
.test_1_selenium_view_issue,Total:1903 Passed:1903 Failed:0
1747899940661,318,selenium_log_out,Success,True,
.test_2_selenium_z_log_out,Total:1904 Passed:1904 Failed:0


=============================== warnings summary ===============================
../../root/.bzt/python-packages/3.13.3/_pytest/config/__init__.py:1277
  /root/.bzt/python-packages/3.13.3/_pytest/config/__init__.py:1277: PytestAssertRewriteWarning: Module already imported so cannot be rewritten: apiritif
    self._mark_plugins_for_rewrite(hook)

-- Docs: https://docs.pytest.org/en/stable/how-to/capture-warnings.html
======================== 14 passed, 1 warning in 23.53s ========================
============================= test session starts ==============================
platform linux -- Python 3.13.3, pytest-8.3.5, pluggy-1.6.0
rootdir: /dc-app-performance-toolkit/app
plugins: xdist-3.6.1, apiritif-1.1.3
collected 14 items

selenium_ui/jira_ui.py get driver from global
clear browser cookies
INFO: 2sv login form
1747899941921,1178,selenium_login:open_login_page,Success,True,
node_id:jira-0
1747899945492,3571,selenium_login:login_and_view_dashboard,Success,True,
1747899945503,4764,selenium_login,Success,True,
.test_0_selenium_a_login,Total:1905 Passed:1905 Failed:0
1747899945853,333,selenium_project_summary,Success,True,
.test_1_selenium_view_project_summary,Total:1906 Passed:1906 Failed:0
1747899946112,257,selenium_browse_projects_list,Success,True,
.test_1_selenium_browse_projects_list,Total:1907 Passed:1907 Failed:0
1747899946304,190,selenium_browse_boards_list,Success,True,
.test_1_selenium_browse_boards_list,Total:1908 Passed:1908 Failed:0
1747899948702,2204,selenium_create_issue:open_quick_create,Success,True,
1747899951328,2015,selenium_create_issue:fill_and_submit_issue_form:submit_issue_form,Success,True,
1747899951328,2625,selenium_create_issue:fill_and_submit_issue_form,Success,True,
1747899951328,4830,selenium_create_issue,Success,True,
.test_1_selenium_create_issue,Total:1909 Passed:1909 Failed:0
1747899951789,444,selenium_edit_issue:open_edit_issue_form,Success,True,
1747899953036,513,selenium_edit_issue:save_edit_issue_form,Success,True,
1747899953036,1692,selenium_edit_issue,Success,True,
.test_1_selenium_edit_issue,Total:1910 Passed:1910 Failed:0
1747899953230,192,selenium_save_comment:open_comment_form,Success,True,
1747899955617,468,selenium_save_comment:submit_form,Success,True,
1747899955618,2580,selenium_save_comment,Success,True,
.test_1_selenium_save_comment,Total:1911 Passed:1911 Failed:0
1747899957591,1971,selenium_search_jql,Success,True,
.test_1_selenium_search_jql,Total:1912 Passed:1912 Failed:0
1747899959906,2313,selenium_view_scrum_board_backlog,Success,True,
.test_1_selenium_view_backlog_for_scrum_board,Total:1913 Passed:1913 Failed:0
1747899962104,2196,selenium_view_scrum_board,Success,True,
.test_1_selenium_view_scrum_board,Total:1914 Passed:1914 Failed:0
1747899964281,2175,selenium_view_kanban_board,Success,True,
.test_1_selenium_view_kanban_board,Total:1915 Passed:1915 Failed:0
1747899964496,213,selenium_view_dashboard,Success,True,
.test_1_selenium_view_dashboard,Total:1916 Passed:1916 Failed:0
1747899964929,430,selenium_view_issue,Success,True,
.test_1_selenium_view_issue,Total:1917 Passed:1917 Failed:0
1747899965233,303,selenium_log_out,Success,True,
.test_2_selenium_z_log_out,Total:1918 Passed:1918 Failed:0


=============================== warnings summary ===============================
../../root/.bzt/python-packages/3.13.3/_pytest/config/__init__.py:1277
  /root/.bzt/python-packages/3.13.3/_pytest/config/__init__.py:1277: PytestAssertRewriteWarning: Module already imported so cannot be rewritten: apiritif
    self._mark_plugins_for_rewrite(hook)

-- Docs: https://docs.pytest.org/en/stable/how-to/capture-warnings.html
======================== 14 passed, 1 warning in 24.53s ========================
============================= test session starts ==============================
platform linux -- Python 3.13.3, pytest-8.3.5, pluggy-1.6.0
rootdir: /dc-app-performance-toolkit/app
plugins: xdist-3.6.1, apiritif-1.1.3
collected 14 items

selenium_ui/jira_ui.py get driver from global
clear browser cookies
INFO: 2sv login form
1747899966498,1182,selenium_login:open_login_page,Success,True,
node_id:jira-0
1747899970005,3506,selenium_login:login_and_view_dashboard,Success,True,
1747899970014,4701,selenium_login,Success,True,
.test_0_selenium_a_login,Total:1919 Passed:1919 Failed:0
1747899970445,396,selenium_project_summary,Success,True,
.test_1_selenium_view_project_summary,Total:1920 Passed:1920 Failed:0
1747899970707,260,selenium_browse_projects_list,Success,True,
.test_1_selenium_browse_projects_list,Total:1921 Passed:1921 Failed:0
1747899970899,191,selenium_browse_boards_list,Success,True,
.test_1_selenium_browse_boards_list,Total:1922 Passed:1922 Failed:0
1747899973184,2116,selenium_create_issue:open_quick_create,Success,True,
1747899975855,2067,selenium_create_issue:fill_and_submit_issue_form:submit_issue_form,Success,True,
1747899975856,2671,selenium_create_issue:fill_and_submit_issue_form,Success,True,
1747899975856,4787,selenium_create_issue,Success,True,
.test_1_selenium_create_issue,Total:1923 Passed:1923 Failed:0
1747899976324,449,selenium_edit_issue:open_edit_issue_form,Success,True,
1747899977643,611,selenium_edit_issue:save_edit_issue_form,Success,True,
1747899977643,1769,selenium_edit_issue,Success,True,
.test_1_selenium_edit_issue,Total:1924 Passed:1924 Failed:0
1747899977848,202,selenium_save_comment:open_comment_form,Success,True,
1747899980444,539,selenium_save_comment:submit_form,Success,True,
1747899980444,2799,selenium_save_comment,Success,True,
.test_1_selenium_save_comment,Total:1925 Passed:1925 Failed:0
1747899982448,2002,selenium_search_jql,Success,True,
.test_1_selenium_search_jql,Total:1926 Passed:1926 Failed:0
1747899984673,2223,selenium_view_scrum_board_backlog,Success,True,
.test_1_selenium_view_backlog_for_scrum_board,Total:1927 Passed:1927 Failed:0
1747899986803,2128,selenium_view_scrum_board,Success,True,
.test_1_selenium_view_scrum_board,Total:1928 Passed:1928 Failed:0
1747899988974,2168,selenium_view_kanban_board,Success,True,
.test_1_selenium_view_kanban_board,Total:1929 Passed:1929 Failed:0
1747899989176,200,selenium_view_dashboard,Success,True,
.test_1_selenium_view_dashboard,Total:1930 Passed:1930 Failed:0
1747899989601,423,selenium_view_issue,Success,True,
.test_1_selenium_view_issue,Total:1931 Passed:1931 Failed:0
1747899989937,334,selenium_log_out,Success,True,
.test_2_selenium_z_log_out,Total:1932 Passed:1932 Failed:0


=============================== warnings summary ===============================
../../root/.bzt/python-packages/3.13.3/_pytest/config/__init__.py:1277
  /root/.bzt/python-packages/3.13.3/_pytest/config/__init__.py:1277: PytestAssertRewriteWarning: Module already imported so cannot be rewritten: apiritif
    self._mark_plugins_for_rewrite(hook)

-- Docs: https://docs.pytest.org/en/stable/how-to/capture-warnings.html
======================== 14 passed, 1 warning in 24.66s ========================
============================= test session starts ==============================
platform linux -- Python 3.13.3, pytest-8.3.5, pluggy-1.6.0
rootdir: /dc-app-performance-toolkit/app
plugins: xdist-3.6.1, apiritif-1.1.3
collected 14 items

selenium_ui/jira_ui.py get driver from global
clear browser cookies
INFO: 2sv login form
1747899991205,1180,selenium_login:open_login_page,Success,True,
node_id:jira-1
1747899994868,3662,selenium_login:login_and_view_dashboard,Success,True,
1747899994879,4857,selenium_login,Success,True,
.test_0_selenium_a_login,Total:1933 Passed:1933 Failed:0
1747899995131,235,selenium_project_summary,Success,True,
.test_1_selenium_view_project_summary,Total:1934 Passed:1934 Failed:0
1747899995406,273,selenium_browse_projects_list,Success,True,
.test_1_selenium_browse_projects_list,Total:1935 Passed:1935 Failed:0
1747899995601,193,selenium_browse_boards_list,Success,True,
.test_1_selenium_browse_boards_list,Total:1936 Passed:1936 Failed:0
1747899997856,2072,selenium_create_issue:open_quick_create,Success,True,
1747900000474,2002,selenium_create_issue:fill_and_submit_issue_form:submit_issue_form,Success,True,
1747900000474,2617,selenium_create_issue:fill_and_submit_issue_form,Success,True,
1747900000474,4690,selenium_create_issue,Success,True,
.test_1_selenium_create_issue,Total:1937 Passed:1937 Failed:0
1747900000923,432,selenium_edit_issue:open_edit_issue_form,Success,True,
1747900002208,604,selenium_edit_issue:save_edit_issue_form,Success,True,
1747900002208,1717,selenium_edit_issue,Success,True,
.test_1_selenium_edit_issue,Total:1938 Passed:1938 Failed:0
1747900002429,219,selenium_save_comment:open_comment_form,Success,True,
1747900005070,555,selenium_save_comment:submit_form,Success,True,
1747900005071,2861,selenium_save_comment,Success,True,
.test_1_selenium_save_comment,Total:1939 Passed:1939 Failed:0
1747900007198,2125,selenium_search_jql,Success,True,
.test_1_selenium_search_jql,Total:1940 Passed:1940 Failed:0
1747900009518,2318,selenium_view_scrum_board_backlog,Success,True,
.test_1_selenium_view_backlog_for_scrum_board,Total:1941 Passed:1941 Failed:0
1747900011636,2116,selenium_view_scrum_board,Success,True,
.test_1_selenium_view_scrum_board,Total:1942 Passed:1942 Failed:0
1747900017435,5797,selenium_view_kanban_board,Success,True,
.test_1_selenium_view_kanban_board,Total:1943 Passed:1943 Failed:0
1747900017705,268,selenium_view_dashboard,Success,True,
.test_1_selenium_view_dashboard,Total:1944 Passed:1944 Failed:0
1747900018137,430,selenium_view_issue,Success,True,
.test_1_selenium_view_issue,Total:1945 Passed:1945 Failed:0
1747900018460,321,selenium_log_out,Success,True,
.test_2_selenium_z_log_out,Total:1946 Passed:1946 Failed:0


=============================== warnings summary ===============================
../../root/.bzt/python-packages/3.13.3/_pytest/config/__init__.py:1277
  /root/.bzt/python-packages/3.13.3/_pytest/config/__init__.py:1277: PytestAssertRewriteWarning: Module already imported so cannot be rewritten: apiritif
    self._mark_plugins_for_rewrite(hook)

-- Docs: https://docs.pytest.org/en/stable/how-to/capture-warnings.html
======================== 14 passed, 1 warning in 28.48s ========================
============================= test session starts ==============================
platform linux -- Python 3.13.3, pytest-8.3.5, pluggy-1.6.0
rootdir: /dc-app-performance-toolkit/app
plugins: xdist-3.6.1, apiritif-1.1.3
collected 14 items

selenium_ui/jira_ui.py get driver from global
clear browser cookies
INFO: 2sv login form
1747900019733,1190,selenium_login:open_login_page,Success,True,
node_id:jira-1
1747900023543,3809,selenium_login:login_and_view_dashboard,Success,True,
1747900023553,5012,selenium_login,Success,True,
.test_0_selenium_a_login,Total:1947 Passed:1947 Failed:0
1747900023877,292,selenium_project_summary,Success,True,
.test_1_selenium_view_project_summary,Total:1948 Passed:1948 Failed:0
1747900024117,238,selenium_browse_projects_list,Success,True,
.test_1_selenium_browse_projects_list,Total:1949 Passed:1949 Failed:0
1747900024312,193,selenium_browse_boards_list,Success,True,
.test_1_selenium_browse_boards_list,Total:1950 Passed:1950 Failed:0
1747900026609,2112,selenium_create_issue:open_quick_create,Success,True,
1747900029176,2049,selenium_create_issue:fill_and_submit_issue_form:submit_issue_form,Success,True,
1747900029176,2566,selenium_create_issue:fill_and_submit_issue_form,Success,True,
1747900029176,4679,selenium_create_issue,Success,True,
.test_1_selenium_create_issue,Total:1951 Passed:1951 Failed:0
1747900029612,418,selenium_edit_issue:open_edit_issue_form,Success,True,
1747900030875,597,selenium_edit_issue:save_edit_issue_form,Success,True,
1747900030876,1682,selenium_edit_issue,Success,True,
.test_1_selenium_edit_issue,Total:1952 Passed:1952 Failed:0
1747900031088,211,selenium_save_comment:open_comment_form,Success,True,
1747900033639,475,selenium_save_comment:submit_form,Success,True,
1747900033639,2762,selenium_save_comment,Success,True,
.test_1_selenium_save_comment,Total:1953 Passed:1953 Failed:0
1747900035777,2136,selenium_search_jql,Success,True,
.test_1_selenium_search_jql,Total:1954 Passed:1954 Failed:0
1747900038038,2259,selenium_view_scrum_board_backlog,Success,True,
.test_1_selenium_view_backlog_for_scrum_board,Total:1955 Passed:1955 Failed:0
1747900040195,2156,selenium_view_scrum_board,Success,True,
.test_1_selenium_view_scrum_board,Total:1956 Passed:1956 Failed:0
1747900042303,2105,selenium_view_kanban_board,Success,True,
.test_1_selenium_view_kanban_board,Total:1957 Passed:1957 Failed:0
1747900042496,192,selenium_view_dashboard,Success,True,
.test_1_selenium_view_dashboard,Total:1958 Passed:1958 Failed:0
1747900042893,395,selenium_view_issue,Success,True,
.test_1_selenium_view_issue,Total:1959 Passed:1959 Failed:0
1747900043207,312,selenium_log_out,Success,True,
.test_2_selenium_z_log_out,Total:1960 Passed:1960 Failed:0


=============================== warnings summary ===============================
../../root/.bzt/python-packages/3.13.3/_pytest/config/__init__.py:1277
  /root/.bzt/python-packages/3.13.3/_pytest/config/__init__.py:1277: PytestAssertRewriteWarning: Module already imported so cannot be rewritten: apiritif
    self._mark_plugins_for_rewrite(hook)

-- Docs: https://docs.pytest.org/en/stable/how-to/capture-warnings.html
======================== 14 passed, 1 warning in 24.70s ========================
============================= test session starts ==============================
platform linux -- Python 3.13.3, pytest-8.3.5, pluggy-1.6.0
rootdir: /dc-app-performance-toolkit/app
plugins: xdist-3.6.1, apiritif-1.1.3
collected 14 items

selenium_ui/jira_ui.py get driver from global
clear browser cookies
INFO: 2sv login form
1747900044460,1170,selenium_login:open_login_page,Success,True,
node_id:jira-0
1747900048236,3775,selenium_login:login_and_view_dashboard,Success,True,
1747900048247,4960,selenium_login,Success,True,
.test_0_selenium_a_login,Total:1961 Passed:1961 Failed:0
1747900048565,303,selenium_project_summary,Success,True,
.test_1_selenium_view_project_summary,Total:1962 Passed:1962 Failed:0
1747900048814,248,selenium_browse_projects_list,Success,True,
.test_1_selenium_browse_projects_list,Total:1963 Passed:1963 Failed:0
1747900049019,202,selenium_browse_boards_list,Success,True,
.test_1_selenium_browse_boards_list,Total:1964 Passed:1964 Failed:0
1747900051393,2193,selenium_create_issue:open_quick_create,Success,True,
1747900053881,1933,selenium_create_issue:fill_and_submit_issue_form:submit_issue_form,Success,True,
1747900053881,2488,selenium_create_issue:fill_and_submit_issue_form,Success,True,
1747900053882,4682,selenium_create_issue,Success,True,
.test_1_selenium_create_issue,Total:1965 Passed:1965 Failed:0
1747900054364,443,selenium_edit_issue:open_edit_issue_form,Success,True,
1747900055605,503,selenium_edit_issue:save_edit_issue_form,Success,True,
1747900055605,1685,selenium_edit_issue,Success,True,
.test_1_selenium_edit_issue,Total:1966 Passed:1966 Failed:0
1747900055806,198,selenium_save_comment:open_comment_form,Success,True,
1747900058342,470,selenium_save_comment:submit_form,Success,True,
1747900058343,2735,selenium_save_comment,Success,True,
.test_1_selenium_save_comment,Total:1967 Passed:1967 Failed:0
1747900060539,2194,selenium_search_jql,Success,True,
.test_1_selenium_search_jql,Total:1968 Passed:1968 Failed:0
1747900062916,2375,selenium_view_scrum_board_backlog,Success,True,
.test_1_selenium_view_backlog_for_scrum_board,Total:1969 Passed:1969 Failed:0
1747900065118,2200,selenium_view_scrum_board,Success,True,
.test_1_selenium_view_scrum_board,Total:1970 Passed:1970 Failed:0
1747900067254,2134,selenium_view_kanban_board,Success,True,
.test_1_selenium_view_kanban_board,Total:1971 Passed:1971 Failed:0
1747900067475,219,selenium_view_dashboard,Success,True,
.test_1_selenium_view_dashboard,Total:1972 Passed:1972 Failed:0
1747900067871,395,selenium_view_issue,Success,True,
.test_1_selenium_view_issue,Total:1973 Passed:1973 Failed:0
1747900068164,291,selenium_log_out,Success,True,
.test_2_selenium_z_log_out,Total:1974 Passed:1974 Failed:0


=============================== warnings summary ===============================
../../root/.bzt/python-packages/3.13.3/_pytest/config/__init__.py:1277
  /root/.bzt/python-packages/3.13.3/_pytest/config/__init__.py:1277: PytestAssertRewriteWarning: Module already imported so cannot be rewritten: apiritif
    self._mark_plugins_for_rewrite(hook)

-- Docs: https://docs.pytest.org/en/stable/how-to/capture-warnings.html
======================== 14 passed, 1 warning in 24.92s ========================
