============================= test session starts ==============================
platform linux -- Python 3.13.3, pytest-8.3.5, pluggy-1.6.0
rootdir: /dc-app-performance-toolkit/app
plugins: xdist-3.6.1, apiritif-1.1.3
collected 14 items

selenium_ui/jira_ui.py first driver inits
INFO: 2sv login form
1747905655458,4208,selenium_login:open_login_page,Success,True,
node_id:jira-2
1747905677974,22515,selenium_login:login_and_view_dashboard,Success,True,
1747905678082,26838,selenium_login,Success,True,
.test_0_selenium_a_login,Total:1 Passed:1 Failed:0
1747905680540,2417,selenium_project_summary,Success,True,
.test_1_selenium_view_project_summary,Total:2 Passed:2 Failed:0
1747905680864,322,selenium_browse_projects_list,Success,True,
.test_1_selenium_browse_projects_list,Total:3 Passed:3 Failed:0
1747905683260,2394,selenium_browse_boards_list,Success,True,
.test_1_selenium_browse_boards_list,Total:4 Passed:4 Failed:0
1747905684358,910,selenium_create_issue:open_quick_create,Success,True,
1747905685838,645,selenium_create_issue:fill_and_submit_issue_form:submit_issue_form,Success,True,
1747905685838,1479,selenium_create_issue:fill_and_submit_issue_form,Success,True,
1747905685839,2391,selenium_create_issue,Success,True,
.test_1_selenium_create_issue,Total:5 Passed:5 Failed:0
1747905686939,1072,selenium_edit_issue:open_edit_issue_form,Success,True,
1747905691018,3244,selenium_edit_issue:save_edit_issue_form,Success,True,
1747905691018,5151,selenium_edit_issue,Success,True,
.test_1_selenium_edit_issue,Total:6 Passed:6 Failed:0
1747905691276,256,selenium_save_comment:open_comment_form,Success,True,
1747905692576,672,selenium_save_comment:submit_form,Success,True,
1747905692577,1557,selenium_save_comment,Success,True,
.test_1_selenium_save_comment,Total:7 Passed:7 Failed:0
1747905696092,3514,selenium_search_jql,Success,True,
.test_1_selenium_search_jql,Total:8 Passed:8 Failed:0
1747905698548,2454,selenium_view_scrum_board_backlog,Success,True,
.test_1_selenium_view_backlog_for_scrum_board,Total:9 Passed:9 Failed:0
1747905700912,2362,selenium_view_scrum_board,Success,True,
.test_1_selenium_view_scrum_board,Total:10 Passed:10 Failed:0
1747905701722,808,selenium_view_kanban_board,Success,True,
.test_1_selenium_view_kanban_board,Total:11 Passed:11 Failed:0
1747905702001,277,selenium_view_dashboard,Success,True,
.test_1_selenium_view_dashboard,Total:12 Passed:12 Failed:0
1747905702416,413,selenium_view_issue,Success,True,
.test_1_selenium_view_issue,Total:13 Passed:13 Failed:0
1747905702823,405,selenium_log_out,Success,True,
.test_2_selenium_z_log_out,Total:14 Passed:14 Failed:0


=============================== warnings summary ===============================
../../root/.bzt/python-packages/3.13.3/_pytest/config/__init__.py:1277
  /root/.bzt/python-packages/3.13.3/_pytest/config/__init__.py:1277: PytestAssertRewriteWarning: Module already imported so cannot be rewritten: apiritif
    self._mark_plugins_for_rewrite(hook)

-- Docs: https://docs.pytest.org/en/stable/how-to/capture-warnings.html
======================== 14 passed, 1 warning in 53.33s ========================
============================= test session starts ==============================
platform linux -- Python 3.13.3, pytest-8.3.5, pluggy-1.6.0
rootdir: /dc-app-performance-toolkit/app
plugins: xdist-3.6.1, apiritif-1.1.3
collected 14 items

selenium_ui/jira_ui.py get driver from global
clear browser cookies
INFO: 2sv login form
1747905704129,1219,selenium_login:open_login_page,Success,True,
node_id:jira-1
1747905704943,813,selenium_login:login_and_view_dashboard,Success,True,
1747905705049,2142,selenium_login,Success,True,
.test_0_selenium_a_login,Total:15 Passed:15 Failed:0
1747905705730,657,selenium_project_summary,Success,True,
.test_1_selenium_view_project_summary,Total:16 Passed:16 Failed:0
1747905705998,267,selenium_browse_projects_list,Success,True,
.test_1_selenium_browse_projects_list,Total:17 Passed:17 Failed:0
1747905706709,709,selenium_browse_boards_list,Success,True,
.test_1_selenium_browse_boards_list,Total:18 Passed:18 Failed:0
1747905707704,826,selenium_create_issue:open_quick_create,Success,True,
1747905708972,635,selenium_create_issue:fill_and_submit_issue_form:submit_issue_form,Success,True,
1747905708972,1268,selenium_create_issue:fill_and_submit_issue_form,Success,True,
1747905708973,2095,selenium_create_issue,Success,True,
.test_1_selenium_create_issue,Total:19 Passed:19 Failed:0
1747905709449,460,selenium_edit_issue:open_edit_issue_form,Success,True,
1747905710709,590,selenium_edit_issue:save_edit_issue_form,Success,True,
1747905710709,1720,selenium_edit_issue,Success,True,
.test_1_selenium_edit_issue,Total:20 Passed:20 Failed:0
1747905710971,260,selenium_save_comment:open_comment_form,Success,True,
1747905712260,649,selenium_save_comment:submit_form,Success,True,
1747905712260,1549,selenium_save_comment,Success,True,
.test_1_selenium_save_comment,Total:21 Passed:21 Failed:0
1747905713986,1724,selenium_search_jql,Success,True,
.test_1_selenium_search_jql,Total:22 Passed:22 Failed:0
1747905714844,856,selenium_view_scrum_board_backlog,Success,True,
.test_1_selenium_view_backlog_for_scrum_board,Total:23 Passed:23 Failed:0
1747905715602,756,selenium_view_scrum_board,Success,True,
.test_1_selenium_view_scrum_board,Total:24 Passed:24 Failed:0
1747905716351,747,selenium_view_kanban_board,Success,True,
.test_1_selenium_view_kanban_board,Total:25 Passed:25 Failed:0
1747905716550,197,selenium_view_dashboard,Success,True,
.test_1_selenium_view_dashboard,Total:26 Passed:26 Failed:0
1747905717172,621,selenium_view_issue,Success,True,
.test_1_selenium_view_issue,Total:27 Passed:27 Failed:0
1747905717658,483,selenium_log_out,Success,True,
.test_2_selenium_z_log_out,Total:28 Passed:28 Failed:0


=============================== warnings summary ===============================
../../root/.bzt/python-packages/3.13.3/_pytest/config/__init__.py:1277
  /root/.bzt/python-packages/3.13.3/_pytest/config/__init__.py:1277: PytestAssertRewriteWarning: Module already imported so cannot be rewritten: apiritif
    self._mark_plugins_for_rewrite(hook)

-- Docs: https://docs.pytest.org/en/stable/how-to/capture-warnings.html
======================== 14 passed, 1 warning in 14.79s ========================
============================= test session starts ==============================
platform linux -- Python 3.13.3, pytest-8.3.5, pluggy-1.6.0
rootdir: /dc-app-performance-toolkit/app
plugins: xdist-3.6.1, apiritif-1.1.3
collected 14 items

selenium_ui/jira_ui.py get driver from global
clear browser cookies
INFO: 2sv login form
1747905718946,1174,selenium_login:open_login_page,Success,True,
node_id:jira-3
1747905720138,1192,selenium_login:login_and_view_dashboard,Success,True,
1747905720305,2536,selenium_login,Success,True,
.test_0_selenium_a_login,Total:29 Passed:29 Failed:0
1747905721373,1034,selenium_project_summary,Success,True,
.test_1_selenium_view_project_summary,Total:30 Passed:30 Failed:0
1747905721598,224,selenium_browse_projects_list,Success,True,
.test_1_selenium_browse_projects_list,Total:31 Passed:31 Failed:0
1747905722364,763,selenium_browse_boards_list,Success,True,
.test_1_selenium_browse_boards_list,Total:32 Passed:32 Failed:0
1747905723250,730,selenium_create_issue:open_quick_create,Success,True,
1747905724415,644,selenium_create_issue:fill_and_submit_issue_form:submit_issue_form,Success,True,
1747905724416,1165,selenium_create_issue:fill_and_submit_issue_form,Success,True,
1747905724416,1896,selenium_create_issue,Success,True,
.test_1_selenium_create_issue,Total:33 Passed:33 Failed:0
1747905724965,532,selenium_edit_issue:open_edit_issue_form,Success,True,
1747905726514,790,selenium_edit_issue:save_edit_issue_form,Success,True,
1747905726514,2081,selenium_edit_issue,Success,True,
.test_1_selenium_edit_issue,Total:34 Passed:34 Failed:0
1747905726741,225,selenium_save_comment:open_comment_form,Success,True,
1747905728124,739,selenium_save_comment:submit_form,Success,True,
1747905728125,1609,selenium_save_comment,Success,True,
.test_1_selenium_save_comment,Total:35 Passed:35 Failed:0
1747905729839,1712,selenium_search_jql,Success,True,
.test_1_selenium_search_jql,Total:36 Passed:36 Failed:0
1747905730798,957,selenium_view_scrum_board_backlog,Success,True,
.test_1_selenium_view_backlog_for_scrum_board,Total:37 Passed:37 Failed:0
1747905731584,785,selenium_view_scrum_board,Success,True,
.test_1_selenium_view_scrum_board,Total:38 Passed:38 Failed:0
1747905732361,775,selenium_view_kanban_board,Success,True,
.test_1_selenium_view_kanban_board,Total:39 Passed:39 Failed:0
1747905732593,229,selenium_view_dashboard,Success,True,
.test_1_selenium_view_dashboard,Total:40 Passed:40 Failed:0
1747905733023,428,selenium_view_issue,Success,True,
.test_1_selenium_view_issue,Total:41 Passed:41 Failed:0
1747905733410,386,selenium_log_out,Success,True,
.test_2_selenium_z_log_out,Total:42 Passed:42 Failed:0


=============================== warnings summary ===============================
../../root/.bzt/python-packages/3.13.3/_pytest/config/__init__.py:1277
  /root/.bzt/python-packages/3.13.3/_pytest/config/__init__.py:1277: PytestAssertRewriteWarning: Module already imported so cannot be rewritten: apiritif
    self._mark_plugins_for_rewrite(hook)

-- Docs: https://docs.pytest.org/en/stable/how-to/capture-warnings.html
======================== 14 passed, 1 warning in 15.68s ========================
============================= test session starts ==============================
platform linux -- Python 3.13.3, pytest-8.3.5, pluggy-1.6.0
rootdir: /dc-app-performance-toolkit/app
plugins: xdist-3.6.1, apiritif-1.1.3
collected 14 items

selenium_ui/jira_ui.py get driver from global
clear browser cookies
INFO: 2sv login form
1747905734680,1183,selenium_login:open_login_page,Success,True,
node_id:jira-3
1747905735990,1309,selenium_login:login_and_view_dashboard,Success,True,
1747905736006,2513,selenium_login,Success,True,
.test_0_selenium_a_login,Total:43 Passed:43 Failed:0
1747905736411,374,selenium_project_summary,Success,True,
.test_1_selenium_view_project_summary,Total:44 Passed:44 Failed:0
1747905736636,223,selenium_browse_projects_list,Success,True,
.test_1_selenium_browse_projects_list,Total:45 Passed:45 Failed:0
1747905736832,194,selenium_browse_boards_list,Success,True,
.test_1_selenium_browse_boards_list,Total:46 Passed:46 Failed:0
1747905737734,748,selenium_create_issue:open_quick_create,Success,True,
1747905739048,648,selenium_create_issue:fill_and_submit_issue_form:submit_issue_form,Success,True,
1747905739048,1314,selenium_create_issue:fill_and_submit_issue_form,Success,True,
1747905739048,2062,selenium_create_issue,Success,True,
.test_1_selenium_create_issue,Total:47 Passed:47 Failed:0
1747905739579,513,selenium_edit_issue:open_edit_issue_form,Success,True,
1747905741163,893,selenium_edit_issue:save_edit_issue_form,Success,True,
1747905741163,2097,selenium_edit_issue,Success,True,
.test_1_selenium_edit_issue,Total:48 Passed:48 Failed:0
1747905741377,212,selenium_save_comment:open_comment_form,Success,True,
1747905742599,572,selenium_save_comment:submit_form,Success,True,
1747905742599,1434,selenium_save_comment,Success,True,
.test_1_selenium_save_comment,Total:49 Passed:49 Failed:0
1747905744147,1546,selenium_search_jql,Success,True,
.test_1_selenium_search_jql,Total:50 Passed:50 Failed:0
1747905744947,798,selenium_view_scrum_board_backlog,Success,True,
.test_1_selenium_view_backlog_for_scrum_board,Total:51 Passed:51 Failed:0
1747905745797,848,selenium_view_scrum_board,Success,True,
.test_1_selenium_view_scrum_board,Total:52 Passed:52 Failed:0
1747905746566,767,selenium_view_kanban_board,Success,True,
.test_1_selenium_view_kanban_board,Total:53 Passed:53 Failed:0
1747905746779,211,selenium_view_dashboard,Success,True,
.test_1_selenium_view_dashboard,Total:54 Passed:54 Failed:0
1747905747233,452,selenium_view_issue,Success,True,
.test_1_selenium_view_issue,Total:55 Passed:55 Failed:0
1747905747582,347,selenium_log_out,Success,True,
.test_2_selenium_z_log_out,Total:56 Passed:56 Failed:0


=============================== warnings summary ===============================
../../root/.bzt/python-packages/3.13.3/_pytest/config/__init__.py:1277
  /root/.bzt/python-packages/3.13.3/_pytest/config/__init__.py:1277: PytestAssertRewriteWarning: Module already imported so cannot be rewritten: apiritif
    self._mark_plugins_for_rewrite(hook)

-- Docs: https://docs.pytest.org/en/stable/how-to/capture-warnings.html
======================== 14 passed, 1 warning in 14.13s ========================
============================= test session starts ==============================
platform linux -- Python 3.13.3, pytest-8.3.5, pluggy-1.6.0
rootdir: /dc-app-performance-toolkit/app
plugins: xdist-3.6.1, apiritif-1.1.3
collected 14 items

selenium_ui/jira_ui.py get driver from global
clear browser cookies
INFO: 2sv login form
1747905748845,1179,selenium_login:open_login_page,Success,True,
node_id:jira-1
1747905750881,2035,selenium_login:login_and_view_dashboard,Success,True,
1747905750892,3230,selenium_login,Success,True,
.test_0_selenium_a_login,Total:57 Passed:57 Failed:0
1747905751266,344,selenium_project_summary,Success,True,
.test_1_selenium_view_project_summary,Total:58 Passed:58 Failed:0
1747905751504,236,selenium_browse_projects_list,Success,True,
.test_1_selenium_browse_projects_list,Total:59 Passed:59 Failed:0
1747905751706,200,selenium_browse_boards_list,Success,True,
.test_1_selenium_browse_boards_list,Total:60 Passed:60 Failed:0
1747905752682,811,selenium_create_issue:open_quick_create,Success,True,
1747905753988,667,selenium_create_issue:fill_and_submit_issue_form:submit_issue_form,Success,True,
1747905753989,1306,selenium_create_issue:fill_and_submit_issue_form,Success,True,
1747905753989,2119,selenium_create_issue,Success,True,
.test_1_selenium_create_issue,Total:61 Passed:61 Failed:0
1747905754466,456,selenium_edit_issue:open_edit_issue_form,Success,True,
1747905755895,661,selenium_edit_issue:save_edit_issue_form,Success,True,
1747905755896,1886,selenium_edit_issue,Success,True,
.test_1_selenium_edit_issue,Total:62 Passed:62 Failed:0
1747905756110,212,selenium_save_comment:open_comment_form,Success,True,
1747905757431,635,selenium_save_comment:submit_form,Success,True,
1747905757431,1534,selenium_save_comment,Success,True,
.test_1_selenium_save_comment,Total:63 Passed:63 Failed:0
1747905759092,1659,selenium_search_jql,Success,True,
.test_1_selenium_search_jql,Total:64 Passed:64 Failed:0
1747905759898,804,selenium_view_scrum_board_backlog,Success,True,
.test_1_selenium_view_backlog_for_scrum_board,Total:65 Passed:65 Failed:0
1747905760828,929,selenium_view_scrum_board,Success,True,
.test_1_selenium_view_scrum_board,Total:66 Passed:66 Failed:0
1747905761606,776,selenium_view_kanban_board,Success,True,
.test_1_selenium_view_kanban_board,Total:67 Passed:67 Failed:0
1747905761835,226,selenium_view_dashboard,Success,True,
.test_1_selenium_view_dashboard,Total:68 Passed:68 Failed:0
1747905762291,454,selenium_view_issue,Success,True,
.test_1_selenium_view_issue,Total:69 Passed:69 Failed:0
1747905762634,341,selenium_log_out,Success,True,
.test_2_selenium_z_log_out,Total:70 Passed:70 Failed:0


=============================== warnings summary ===============================
../../root/.bzt/python-packages/3.13.3/_pytest/config/__init__.py:1277
  /root/.bzt/python-packages/3.13.3/_pytest/config/__init__.py:1277: PytestAssertRewriteWarning: Module already imported so cannot be rewritten: apiritif
    self._mark_plugins_for_rewrite(hook)

-- Docs: https://docs.pytest.org/en/stable/how-to/capture-warnings.html
======================== 14 passed, 1 warning in 15.01s ========================
============================= test session starts ==============================
platform linux -- Python 3.13.3, pytest-8.3.5, pluggy-1.6.0
rootdir: /dc-app-performance-toolkit/app
plugins: xdist-3.6.1, apiritif-1.1.3
collected 14 items

selenium_ui/jira_ui.py get driver from global
clear browser cookies
INFO: 2sv login form
1747905763890,1168,selenium_login:open_login_page,Success,True,
node_id:jira-1
1747905765495,1604,selenium_login:login_and_view_dashboard,Success,True,
1747905765508,2789,selenium_login,Success,True,
.test_0_selenium_a_login,Total:71 Passed:71 Failed:0
1747905765883,344,selenium_project_summary,Success,True,
.test_1_selenium_view_project_summary,Total:72 Passed:72 Failed:0
1747905766113,228,selenium_browse_projects_list,Success,True,
.test_1_selenium_browse_projects_list,Total:73 Passed:73 Failed:0
1747905766300,185,selenium_browse_boards_list,Success,True,
.test_1_selenium_browse_boards_list,Total:74 Passed:74 Failed:0
1747905767249,781,selenium_create_issue:open_quick_create,Success,True,
1747905768658,674,selenium_create_issue:fill_and_submit_issue_form:submit_issue_form,Success,True,
1747905768659,1408,selenium_create_issue:fill_and_submit_issue_form,Success,True,
1747905768659,2190,selenium_create_issue,Success,True,
.test_1_selenium_create_issue,Total:75 Passed:75 Failed:0
1747905769136,461,selenium_edit_issue:open_edit_issue_form,Success,True,
1747905770667,877,selenium_edit_issue:save_edit_issue_form,Success,True,
1747905770668,1992,selenium_edit_issue,Success,True,
.test_1_selenium_edit_issue,Total:76 Passed:76 Failed:0
1747905770874,205,selenium_save_comment:open_comment_form,Success,True,
1747905772124,523,selenium_save_comment:submit_form,Success,True,
1747905772125,1455,selenium_save_comment,Success,True,
.test_1_selenium_save_comment,Total:77 Passed:77 Failed:0
1747905773933,1806,selenium_search_jql,Success,True,
.test_1_selenium_search_jql,Total:78 Passed:78 Failed:0
1747905775130,1195,selenium_view_scrum_board_backlog,Success,True,
.test_1_selenium_view_backlog_for_scrum_board,Total:79 Passed:79 Failed:0
1747905775951,820,selenium_view_scrum_board,Success,True,
.test_1_selenium_view_scrum_board,Total:80 Passed:80 Failed:0
1747905776727,774,selenium_view_kanban_board,Success,True,
.test_1_selenium_view_kanban_board,Total:81 Passed:81 Failed:0
1747905776919,190,selenium_view_dashboard,Success,True,
.test_1_selenium_view_dashboard,Total:82 Passed:82 Failed:0
1747905777345,423,selenium_view_issue,Success,True,
.test_1_selenium_view_issue,Total:83 Passed:83 Failed:0
1747905777672,325,selenium_log_out,Success,True,
.test_2_selenium_z_log_out,Total:84 Passed:84 Failed:0


=============================== warnings summary ===============================
../../root/.bzt/python-packages/3.13.3/_pytest/config/__init__.py:1277
  /root/.bzt/python-packages/3.13.3/_pytest/config/__init__.py:1277: PytestAssertRewriteWarning: Module already imported so cannot be rewritten: apiritif
    self._mark_plugins_for_rewrite(hook)

-- Docs: https://docs.pytest.org/en/stable/how-to/capture-warnings.html
======================== 14 passed, 1 warning in 14.99s ========================
============================= test session starts ==============================
platform linux -- Python 3.13.3, pytest-8.3.5, pluggy-1.6.0
rootdir: /dc-app-performance-toolkit/app
plugins: xdist-3.6.1, apiritif-1.1.3
collected 14 items

selenium_ui/jira_ui.py get driver from global
clear browser cookies
INFO: 2sv login form
1747905778948,1191,selenium_login:open_login_page,Success,True,
node_id:jira-2
1747905780589,1640,selenium_login:login_and_view_dashboard,Success,True,
1747905780617,2864,selenium_login,Success,True,
.test_0_selenium_a_login,Total:85 Passed:85 Failed:0
1747905781001,339,selenium_project_summary,Success,True,
.test_1_selenium_view_project_summary,Total:86 Passed:86 Failed:0
1747905781226,223,selenium_browse_projects_list,Success,True,
.test_1_selenium_browse_projects_list,Total:87 Passed:87 Failed:0
1747905781427,199,selenium_browse_boards_list,Success,True,
.test_1_selenium_browse_boards_list,Total:88 Passed:88 Failed:0
1747905782427,839,selenium_create_issue:open_quick_create,Success,True,
1747905783744,694,selenium_create_issue:fill_and_submit_issue_form:submit_issue_form,Success,True,
1747905783744,1316,selenium_create_issue:fill_and_submit_issue_form,Success,True,
1747905783744,2156,selenium_create_issue,Success,True,
.test_1_selenium_create_issue,Total:89 Passed:89 Failed:0
1747905784206,444,selenium_edit_issue:open_edit_issue_form,Success,True,
1747905785810,844,selenium_edit_issue:save_edit_issue_form,Success,True,
1747905785811,2048,selenium_edit_issue,Success,True,
.test_1_selenium_edit_issue,Total:90 Passed:90 Failed:0
1747905786012,200,selenium_save_comment:open_comment_form,Success,True,
1747905787295,565,selenium_save_comment:submit_form,Success,True,
1747905787295,1483,selenium_save_comment,Success,True,
.test_1_selenium_save_comment,Total:91 Passed:91 Failed:0
1747905789049,1751,selenium_search_jql,Success,True,
.test_1_selenium_search_jql,Total:92 Passed:92 Failed:0
1747905790111,1060,selenium_view_scrum_board_backlog,Success,True,
.test_1_selenium_view_backlog_for_scrum_board,Total:93 Passed:93 Failed:0
1747905790913,800,selenium_view_scrum_board,Success,True,
.test_1_selenium_view_scrum_board,Total:94 Passed:94 Failed:0
1747905791714,799,selenium_view_kanban_board,Success,True,
.test_1_selenium_view_kanban_board,Total:95 Passed:95 Failed:0
1747905791935,219,selenium_view_dashboard,Success,True,
.test_1_selenium_view_dashboard,Total:96 Passed:96 Failed:0
1747905792360,422,selenium_view_issue,Success,True,
.test_1_selenium_view_issue,Total:97 Passed:97 Failed:0
1747905792701,340,selenium_log_out,Success,True,
.test_2_selenium_z_log_out,Total:98 Passed:98 Failed:0


=============================== warnings summary ===============================
../../root/.bzt/python-packages/3.13.3/_pytest/config/__init__.py:1277
  /root/.bzt/python-packages/3.13.3/_pytest/config/__init__.py:1277: PytestAssertRewriteWarning: Module already imported so cannot be rewritten: apiritif
    self._mark_plugins_for_rewrite(hook)

-- Docs: https://docs.pytest.org/en/stable/how-to/capture-warnings.html
======================== 14 passed, 1 warning in 14.99s ========================
============================= test session starts ==============================
platform linux -- Python 3.13.3, pytest-8.3.5, pluggy-1.6.0
rootdir: /dc-app-performance-toolkit/app
plugins: xdist-3.6.1, apiritif-1.1.3
collected 14 items

selenium_ui/jira_ui.py get driver from global
clear browser cookies
INFO: 2sv login form
1747905793973,1185,selenium_login:open_login_page,Success,True,
node_id:jira-0
1747905795492,1519,selenium_login:login_and_view_dashboard,Success,True,
1747905795625,2842,selenium_login,Success,True,
.test_0_selenium_a_login,Total:99 Passed:99 Failed:0
1747905796021,329,selenium_project_summary,Success,True,
.test_1_selenium_view_project_summary,Total:100 Passed:100 Failed:0
1747905796252,229,selenium_browse_projects_list,Success,True,
.test_1_selenium_browse_projects_list,Total:101 Passed:101 Failed:0
1747905797031,776,selenium_browse_boards_list,Success,True,
.test_1_selenium_browse_boards_list,Total:102 Passed:102 Failed:0
1747905797920,744,selenium_create_issue:open_quick_create,Success,True,
1747905799318,692,selenium_create_issue:fill_and_submit_issue_form:submit_issue_form,Success,True,
1747905799318,1397,selenium_create_issue:fill_and_submit_issue_form,Success,True,
1747905799318,2142,selenium_create_issue,Success,True,
.test_1_selenium_create_issue,Total:103 Passed:103 Failed:0
1747905799763,428,selenium_edit_issue:open_edit_issue_form,Success,True,
1747905801127,602,selenium_edit_issue:save_edit_issue_form,Success,True,
1747905801128,1793,selenium_edit_issue,Success,True,
.test_1_selenium_edit_issue,Total:104 Passed:104 Failed:0
1747905801337,207,selenium_save_comment:open_comment_form,Success,True,
1747905802614,568,selenium_save_comment:submit_form,Success,True,
1747905802614,1485,selenium_save_comment,Success,True,
.test_1_selenium_save_comment,Total:105 Passed:105 Failed:0
1747905806217,3602,selenium_search_jql,Success,True,
.test_1_selenium_search_jql,Total:106 Passed:106 Failed:0
1747905807573,1353,selenium_view_scrum_board_backlog,Success,True,
.test_1_selenium_view_backlog_for_scrum_board,Total:107 Passed:107 Failed:0
1747905808370,796,selenium_view_scrum_board,Success,True,
.test_1_selenium_view_scrum_board,Total:108 Passed:108 Failed:0
1747905809218,846,selenium_view_kanban_board,Success,True,
.test_1_selenium_view_kanban_board,Total:109 Passed:109 Failed:0
1747905809452,232,selenium_view_dashboard,Success,True,
.test_1_selenium_view_dashboard,Total:110 Passed:110 Failed:0
1747905809849,395,selenium_view_issue,Success,True,
.test_1_selenium_view_issue,Total:111 Passed:111 Failed:0
1747905810213,363,selenium_log_out,Success,True,
.test_2_selenium_z_log_out,Total:112 Passed:112 Failed:0


=============================== warnings summary ===============================
../../root/.bzt/python-packages/3.13.3/_pytest/config/__init__.py:1277
  /root/.bzt/python-packages/3.13.3/_pytest/config/__init__.py:1277: PytestAssertRewriteWarning: Module already imported so cannot be rewritten: apiritif
    self._mark_plugins_for_rewrite(hook)

-- Docs: https://docs.pytest.org/en/stable/how-to/capture-warnings.html
======================== 14 passed, 1 warning in 17.47s ========================
============================= test session starts ==============================
platform linux -- Python 3.13.3, pytest-8.3.5, pluggy-1.6.0
rootdir: /dc-app-performance-toolkit/app
plugins: xdist-3.6.1, apiritif-1.1.3
collected 14 items

selenium_ui/jira_ui.py get driver from global
clear browser cookies
INFO: 2sv login form
1747905811489,1191,selenium_login:open_login_page,Success,True,
node_id:jira-2
1747905812975,1485,selenium_login:login_and_view_dashboard,Success,True,
1747905812988,2694,selenium_login,Success,True,
.test_0_selenium_a_login,Total:113 Passed:113 Failed:0
1747905813423,349,selenium_project_summary,Success,True,
.test_1_selenium_view_project_summary,Total:114 Passed:114 Failed:0
1747905813657,232,selenium_browse_projects_list,Success,True,
.test_1_selenium_browse_projects_list,Total:115 Passed:115 Failed:0
1747905813866,207,selenium_browse_boards_list,Success,True,
.test_1_selenium_browse_boards_list,Total:116 Passed:116 Failed:0
1747905814889,863,selenium_create_issue:open_quick_create,Success,True,
1747905816229,705,selenium_create_issue:fill_and_submit_issue_form:submit_issue_form,Success,True,
1747905816229,1340,selenium_create_issue:fill_and_submit_issue_form,Success,True,
1747905816230,2204,selenium_create_issue,Success,True,
.test_1_selenium_create_issue,Total:117 Passed:117 Failed:0
1747905816679,433,selenium_edit_issue:open_edit_issue_form,Success,True,
1747905817962,577,selenium_edit_issue:save_edit_issue_form,Success,True,
1747905817963,1716,selenium_edit_issue,Success,True,
.test_1_selenium_edit_issue,Total:118 Passed:118 Failed:0
1747905818166,202,selenium_save_comment:open_comment_form,Success,True,
1747905819491,588,selenium_save_comment:submit_form,Success,True,
1747905819491,1527,selenium_save_comment,Success,True,
.test_1_selenium_save_comment,Total:119 Passed:119 Failed:0
1747905821232,1739,selenium_search_jql,Success,True,
.test_1_selenium_search_jql,Total:120 Passed:120 Failed:0
1747905822394,1161,selenium_view_scrum_board_backlog,Success,True,
.test_1_selenium_view_backlog_for_scrum_board,Total:121 Passed:121 Failed:0
1747905823238,842,selenium_view_scrum_board,Success,True,
.test_1_selenium_view_scrum_board,Total:122 Passed:122 Failed:0
1747905824138,898,selenium_view_kanban_board,Success,True,
.test_1_selenium_view_kanban_board,Total:123 Passed:123 Failed:0
1747905824342,202,selenium_view_dashboard,Success,True,
.test_1_selenium_view_dashboard,Total:124 Passed:124 Failed:0
1747905824755,411,selenium_view_issue,Success,True,
.test_1_selenium_view_issue,Total:125 Passed:125 Failed:0
1747905825746,990,selenium_log_out,Success,True,
.test_2_selenium_z_log_out,Total:126 Passed:126 Failed:0


=============================== warnings summary ===============================
../../root/.bzt/python-packages/3.13.3/_pytest/config/__init__.py:1277
  /root/.bzt/python-packages/3.13.3/_pytest/config/__init__.py:1277: PytestAssertRewriteWarning: Module already imported so cannot be rewritten: apiritif
    self._mark_plugins_for_rewrite(hook)

-- Docs: https://docs.pytest.org/en/stable/how-to/capture-warnings.html
======================== 14 passed, 1 warning in 15.49s ========================
============================= test session starts ==============================
platform linux -- Python 3.13.3, pytest-8.3.5, pluggy-1.6.0
rootdir: /dc-app-performance-toolkit/app
plugins: xdist-3.6.1, apiritif-1.1.3
collected 14 items

selenium_ui/jira_ui.py get driver from global
clear browser cookies
INFO: 2sv login form
1747905827019,1188,selenium_login:open_login_page,Success,True,
node_id:jira-2
1747905828460,1440,selenium_login:login_and_view_dashboard,Success,True,
1747905828472,2644,selenium_login,Success,True,
.test_0_selenium_a_login,Total:127 Passed:127 Failed:0
1747905828842,339,selenium_project_summary,Success,True,
.test_1_selenium_view_project_summary,Total:128 Passed:128 Failed:0
1747905829079,236,selenium_browse_projects_list,Success,True,
.test_1_selenium_browse_projects_list,Total:129 Passed:129 Failed:0
1747905829280,198,selenium_browse_boards_list,Success,True,
.test_1_selenium_browse_boards_list,Total:130 Passed:130 Failed:0
1747905830207,741,selenium_create_issue:open_quick_create,Success,True,
1747905831551,716,selenium_create_issue:fill_and_submit_issue_form:submit_issue_form,Success,True,
1747905831552,1344,selenium_create_issue:fill_and_submit_issue_form,Success,True,
1747905831552,2086,selenium_create_issue,Success,True,
.test_1_selenium_create_issue,Total:131 Passed:131 Failed:0
1747905832037,454,selenium_edit_issue:open_edit_issue_form,Success,True,
1747905833535,712,selenium_edit_issue:save_edit_issue_form,Success,True,
1747905833535,1952,selenium_edit_issue,Success,True,
.test_1_selenium_edit_issue,Total:132 Passed:132 Failed:0
1747905833785,248,selenium_save_comment:open_comment_form,Success,True,
1747905835156,629,selenium_save_comment:submit_form,Success,True,
1747905835156,1620,selenium_save_comment,Success,True,
.test_1_selenium_save_comment,Total:133 Passed:133 Failed:0
1747905836929,1770,selenium_search_jql,Success,True,
.test_1_selenium_search_jql,Total:134 Passed:134 Failed:0
1747905838098,1167,selenium_view_scrum_board_backlog,Success,True,
.test_1_selenium_view_backlog_for_scrum_board,Total:135 Passed:135 Failed:0
1747905838940,840,selenium_view_scrum_board,Success,True,
.test_1_selenium_view_scrum_board,Total:136 Passed:136 Failed:0
1747905839839,897,selenium_view_kanban_board,Success,True,
.test_1_selenium_view_kanban_board,Total:137 Passed:137 Failed:0
1747905840115,274,selenium_view_dashboard,Success,True,
.test_1_selenium_view_dashboard,Total:138 Passed:138 Failed:0
1747905840551,434,selenium_view_issue,Success,True,
.test_1_selenium_view_issue,Total:139 Passed:139 Failed:0
1747905840887,334,selenium_log_out,Success,True,
.test_2_selenium_z_log_out,Total:140 Passed:140 Failed:0


=============================== warnings summary ===============================
../../root/.bzt/python-packages/3.13.3/_pytest/config/__init__.py:1277
  /root/.bzt/python-packages/3.13.3/_pytest/config/__init__.py:1277: PytestAssertRewriteWarning: Module already imported so cannot be rewritten: apiritif
    self._mark_plugins_for_rewrite(hook)

-- Docs: https://docs.pytest.org/en/stable/how-to/capture-warnings.html
======================== 14 passed, 1 warning in 15.10s ========================
============================= test session starts ==============================
platform linux -- Python 3.13.3, pytest-8.3.5, pluggy-1.6.0
rootdir: /dc-app-performance-toolkit/app
plugins: xdist-3.6.1, apiritif-1.1.3
collected 14 items

selenium_ui/jira_ui.py get driver from global
clear browser cookies
INFO: 2sv login form
1747905842166,1193,selenium_login:open_login_page,Success,True,
node_id:jira-0
1747905842742,575,selenium_login:login_and_view_dashboard,Success,True,
1747905842754,1784,selenium_login,Success,True,
.test_0_selenium_a_login,Total:141 Passed:141 Failed:0
1747905843110,337,selenium_project_summary,Success,True,
.test_1_selenium_view_project_summary,Total:142 Passed:142 Failed:0
1747905843367,255,selenium_browse_projects_list,Success,True,
.test_1_selenium_browse_projects_list,Total:143 Passed:143 Failed:0
1747905843556,188,selenium_browse_boards_list,Success,True,
.test_1_selenium_browse_boards_list,Total:144 Passed:144 Failed:0
1747905844607,904,selenium_create_issue:open_quick_create,Success,True,
1747905845899,721,selenium_create_issue:fill_and_submit_issue_form:submit_issue_form,Success,True,
1747905845899,1291,selenium_create_issue:fill_and_submit_issue_form,Success,True,
1747905845899,2197,selenium_create_issue,Success,True,
.test_1_selenium_create_issue,Total:145 Passed:145 Failed:0
1747905846376,460,selenium_edit_issue:open_edit_issue_form,Success,True,
1747905848153,1020,selenium_edit_issue:save_edit_issue_form,Success,True,
1747905848153,2237,selenium_edit_issue,Success,True,
.test_1_selenium_edit_issue,Total:146 Passed:146 Failed:0
1747905848354,199,selenium_save_comment:open_comment_form,Success,True,
1747905849689,588,selenium_save_comment:submit_form,Success,True,
1747905849689,1535,selenium_save_comment,Success,True,
.test_1_selenium_save_comment,Total:147 Passed:147 Failed:0
1747905851542,1851,selenium_search_jql,Success,True,
.test_1_selenium_search_jql,Total:148 Passed:148 Failed:0
1747905852399,855,selenium_view_scrum_board_backlog,Success,True,
.test_1_selenium_view_backlog_for_scrum_board,Total:149 Passed:149 Failed:0
1747905853366,965,selenium_view_scrum_board,Success,True,
.test_1_selenium_view_scrum_board,Total:150 Passed:150 Failed:0
1747905854216,849,selenium_view_kanban_board,Success,True,
.test_1_selenium_view_kanban_board,Total:151 Passed:151 Failed:0
1747905854484,265,selenium_view_dashboard,Success,True,
.test_1_selenium_view_dashboard,Total:152 Passed:152 Failed:0
1747905854993,507,selenium_view_issue,Success,True,
.test_1_selenium_view_issue,Total:153 Passed:153 Failed:0
1747905855339,344,selenium_log_out,Success,True,
.test_2_selenium_z_log_out,Total:154 Passed:154 Failed:0


=============================== warnings summary ===============================
../../root/.bzt/python-packages/3.13.3/_pytest/config/__init__.py:1277
  /root/.bzt/python-packages/3.13.3/_pytest/config/__init__.py:1277: PytestAssertRewriteWarning: Module already imported so cannot be rewritten: apiritif
    self._mark_plugins_for_rewrite(hook)

-- Docs: https://docs.pytest.org/en/stable/how-to/capture-warnings.html
======================== 14 passed, 1 warning in 14.41s ========================
============================= test session starts ==============================
platform linux -- Python 3.13.3, pytest-8.3.5, pluggy-1.6.0
rootdir: /dc-app-performance-toolkit/app
plugins: xdist-3.6.1, apiritif-1.1.3
collected 14 items

selenium_ui/jira_ui.py get driver from global
clear browser cookies
INFO: 2sv login form
1747905856640,1214,selenium_login:open_login_page,Success,True,
node_id:jira-1
1747905858063,1422,selenium_login:login_and_view_dashboard,Success,True,
1747905858073,2650,selenium_login,Success,True,
.test_0_selenium_a_login,Total:155 Passed:155 Failed:0
1747905858472,367,selenium_project_summary,Success,True,
.test_1_selenium_view_project_summary,Total:156 Passed:156 Failed:0
1747905858711,237,selenium_browse_projects_list,Success,True,
.test_1_selenium_browse_projects_list,Total:157 Passed:157 Failed:0
1747905858910,197,selenium_browse_boards_list,Success,True,
.test_1_selenium_browse_boards_list,Total:158 Passed:158 Failed:0
1747905860067,967,selenium_create_issue:open_quick_create,Success,True,
1747905861470,737,selenium_create_issue:fill_and_submit_issue_form:submit_issue_form,Success,True,
1747905861470,1403,selenium_create_issue:fill_and_submit_issue_form,Success,True,
1747905861470,2370,selenium_create_issue,Success,True,
.test_1_selenium_create_issue,Total:159 Passed:159 Failed:0
1747905861948,461,selenium_edit_issue:open_edit_issue_form,Success,True,
1747905863313,571,selenium_edit_issue:save_edit_issue_form,Success,True,
1747905863313,1826,selenium_edit_issue,Success,True,
.test_1_selenium_edit_issue,Total:160 Passed:160 Failed:0
1747905863522,207,selenium_save_comment:open_comment_form,Success,True,
1747905864817,531,selenium_save_comment:submit_form,Success,True,
1747905864817,1502,selenium_save_comment,Success,True,
.test_1_selenium_save_comment,Total:161 Passed:161 Failed:0
1747905866563,1743,selenium_search_jql,Success,True,
.test_1_selenium_search_jql,Total:162 Passed:162 Failed:0
1747905867619,1054,selenium_view_scrum_board_backlog,Success,True,
.test_1_selenium_view_backlog_for_scrum_board,Total:163 Passed:163 Failed:0
1747905868546,925,selenium_view_scrum_board,Success,True,
.test_1_selenium_view_scrum_board,Total:164 Passed:164 Failed:0
1747905869553,1005,selenium_view_kanban_board,Success,True,
.test_1_selenium_view_kanban_board,Total:165 Passed:165 Failed:0
1747905869775,220,selenium_view_dashboard,Success,True,
.test_1_selenium_view_dashboard,Total:166 Passed:166 Failed:0
1747905870188,410,selenium_view_issue,Success,True,
.test_1_selenium_view_issue,Total:167 Passed:167 Failed:0
1747905870526,337,selenium_log_out,Success,True,
.test_2_selenium_z_log_out,Total:168 Passed:168 Failed:0


=============================== warnings summary ===============================
../../root/.bzt/python-packages/3.13.3/_pytest/config/__init__.py:1277
  /root/.bzt/python-packages/3.13.3/_pytest/config/__init__.py:1277: PytestAssertRewriteWarning: Module already imported so cannot be rewritten: apiritif
    self._mark_plugins_for_rewrite(hook)

-- Docs: https://docs.pytest.org/en/stable/how-to/capture-warnings.html
======================== 14 passed, 1 warning in 15.14s ========================
============================= test session starts ==============================
platform linux -- Python 3.13.3, pytest-8.3.5, pluggy-1.6.0
rootdir: /dc-app-performance-toolkit/app
plugins: xdist-3.6.1, apiritif-1.1.3
collected 14 items

selenium_ui/jira_ui.py get driver from global
clear browser cookies
INFO: 2sv login form
1747905871811,1198,selenium_login:open_login_page,Success,True,
node_id:jira-0
1747905872437,626,selenium_login:login_and_view_dashboard,Success,True,
1747905872466,1856,selenium_login,Success,True,
.test_0_selenium_a_login,Total:169 Passed:169 Failed:0
1747905872785,289,selenium_project_summary,Success,True,
.test_1_selenium_view_project_summary,Total:170 Passed:170 Failed:0
1747905873081,294,selenium_browse_projects_list,Success,True,
.test_1_selenium_browse_projects_list,Total:171 Passed:171 Failed:0
1747905873281,198,selenium_browse_boards_list,Success,True,
.test_1_selenium_browse_boards_list,Total:172 Passed:172 Failed:0
1747905874379,938,selenium_create_issue:open_quick_create,Success,True,
1747905875954,737,selenium_create_issue:fill_and_submit_issue_form:submit_issue_form,Success,True,
1747905875954,1575,selenium_create_issue:fill_and_submit_issue_form,Success,True,
1747905875954,2513,selenium_create_issue,Success,True,
.test_1_selenium_create_issue,Total:173 Passed:173 Failed:0
1747905876410,437,selenium_edit_issue:open_edit_issue_form,Success,True,
1747905877660,587,selenium_edit_issue:save_edit_issue_form,Success,True,
1747905877660,1687,selenium_edit_issue,Success,True,
.test_1_selenium_edit_issue,Total:174 Passed:174 Failed:0
1747905877869,207,selenium_save_comment:open_comment_form,Success,True,
1747905879155,540,selenium_save_comment:submit_form,Success,True,
1747905879155,1493,selenium_save_comment,Success,True,
.test_1_selenium_save_comment,Total:175 Passed:175 Failed:0
1747905880212,1055,selenium_search_jql,Success,True,
.test_1_selenium_search_jql,Total:176 Passed:176 Failed:0
1747905881368,1154,selenium_view_scrum_board_backlog,Success,True,
.test_1_selenium_view_backlog_for_scrum_board,Total:177 Passed:177 Failed:0
1747905882337,967,selenium_view_scrum_board,Success,True,
.test_1_selenium_view_scrum_board,Total:178 Passed:178 Failed:0
1747905883518,1180,selenium_view_kanban_board,Success,True,
.test_1_selenium_view_kanban_board,Total:179 Passed:179 Failed:0
1747905883745,224,selenium_view_dashboard,Success,True,
.test_1_selenium_view_dashboard,Total:180 Passed:180 Failed:0
1747905884191,445,selenium_view_issue,Success,True,
.test_1_selenium_view_issue,Total:181 Passed:181 Failed:0
1747905884535,342,selenium_log_out,Success,True,
.test_2_selenium_z_log_out,Total:182 Passed:182 Failed:0


=============================== warnings summary ===============================
../../root/.bzt/python-packages/3.13.3/_pytest/config/__init__.py:1277
  /root/.bzt/python-packages/3.13.3/_pytest/config/__init__.py:1277: PytestAssertRewriteWarning: Module already imported so cannot be rewritten: apiritif
    self._mark_plugins_for_rewrite(hook)

-- Docs: https://docs.pytest.org/en/stable/how-to/capture-warnings.html
======================== 14 passed, 1 warning in 13.97s ========================
============================= test session starts ==============================
platform linux -- Python 3.13.3, pytest-8.3.5, pluggy-1.6.0
rootdir: /dc-app-performance-toolkit/app
plugins: xdist-3.6.1, apiritif-1.1.3
collected 14 items

selenium_ui/jira_ui.py get driver from global
clear browser cookies
INFO: 2sv login form
1747905885805,1186,selenium_login:open_login_page,Success,True,
node_id:jira-0
1747905887230,1424,selenium_login:login_and_view_dashboard,Success,True,
1747905887241,2625,selenium_login,Success,True,
.test_0_selenium_a_login,Total:183 Passed:183 Failed:0
1747905887613,341,selenium_project_summary,Success,True,
.test_1_selenium_view_project_summary,Total:184 Passed:184 Failed:0
1747905887839,224,selenium_browse_projects_list,Success,True,
.test_1_selenium_browse_projects_list,Total:185 Passed:185 Failed:0
1747905888058,217,selenium_browse_boards_list,Success,True,
.test_1_selenium_browse_boards_list,Total:186 Passed:186 Failed:0
1747905889104,883,selenium_create_issue:open_quick_create,Success,True,
1747905890447,742,selenium_create_issue:fill_and_submit_issue_form:submit_issue_form,Success,True,
1747905890448,1342,selenium_create_issue:fill_and_submit_issue_form,Success,True,
1747905890448,2227,selenium_create_issue,Success,True,
.test_1_selenium_create_issue,Total:187 Passed:187 Failed:0
1747905890934,468,selenium_edit_issue:open_edit_issue_form,Success,True,
1747905892218,575,selenium_edit_issue:save_edit_issue_form,Success,True,
1747905892219,1753,selenium_edit_issue,Success,True,
.test_1_selenium_edit_issue,Total:188 Passed:188 Failed:0
1747905892430,210,selenium_save_comment:open_comment_form,Success,True,
1747905893682,498,selenium_save_comment:submit_form,Success,True,
1747905893682,1462,selenium_save_comment,Success,True,
.test_1_selenium_save_comment,Total:189 Passed:189 Failed:0
1747905894731,1047,selenium_search_jql,Success,True,
.test_1_selenium_search_jql,Total:190 Passed:190 Failed:0
1747905895826,1093,selenium_view_scrum_board_backlog,Success,True,
.test_1_selenium_view_backlog_for_scrum_board,Total:191 Passed:191 Failed:0
1747905896730,902,selenium_view_scrum_board,Success,True,
.test_1_selenium_view_scrum_board,Total:192 Passed:192 Failed:0
1747905897983,1250,selenium_view_kanban_board,Success,True,
.test_1_selenium_view_kanban_board,Total:193 Passed:193 Failed:0
1747905898218,233,selenium_view_dashboard,Success,True,
.test_1_selenium_view_dashboard,Total:194 Passed:194 Failed:0
1747905898666,446,selenium_view_issue,Success,True,
.test_1_selenium_view_issue,Total:195 Passed:195 Failed:0
1747905899024,356,selenium_log_out,Success,True,
.test_2_selenium_z_log_out,Total:196 Passed:196 Failed:0


=============================== warnings summary ===============================
../../root/.bzt/python-packages/3.13.3/_pytest/config/__init__.py:1277
  /root/.bzt/python-packages/3.13.3/_pytest/config/__init__.py:1277: PytestAssertRewriteWarning: Module already imported so cannot be rewritten: apiritif
    self._mark_plugins_for_rewrite(hook)

-- Docs: https://docs.pytest.org/en/stable/how-to/capture-warnings.html
======================== 14 passed, 1 warning in 14.45s ========================
============================= test session starts ==============================
platform linux -- Python 3.13.3, pytest-8.3.5, pluggy-1.6.0
rootdir: /dc-app-performance-toolkit/app
plugins: xdist-3.6.1, apiritif-1.1.3
collected 14 items

selenium_ui/jira_ui.py get driver from global
clear browser cookies
INFO: 2sv login form
1747905900295,1186,selenium_login:open_login_page,Success,True,
node_id:jira-1
1747905901717,1422,selenium_login:login_and_view_dashboard,Success,True,
1747905901731,2625,selenium_login,Success,True,
.test_0_selenium_a_login,Total:197 Passed:197 Failed:0
1747905902147,381,selenium_project_summary,Success,True,
.test_1_selenium_view_project_summary,Total:198 Passed:198 Failed:0
1747905902394,245,selenium_browse_projects_list,Success,True,
.test_1_selenium_browse_projects_list,Total:199 Passed:199 Failed:0
1747905902632,237,selenium_browse_boards_list,Success,True,
.test_1_selenium_browse_boards_list,Total:200 Passed:200 Failed:0
1747905903808,958,selenium_create_issue:open_quick_create,Success,True,
1747905905218,776,selenium_create_issue:fill_and_submit_issue_form:submit_issue_form,Success,True,
1747905905218,1409,selenium_create_issue:fill_and_submit_issue_form,Success,True,
1747905905218,2368,selenium_create_issue,Success,True,
.test_1_selenium_create_issue,Total:201 Passed:201 Failed:0
1747905905717,479,selenium_edit_issue:open_edit_issue_form,Success,True,
1747905907154,660,selenium_edit_issue:save_edit_issue_form,Success,True,
1747905907154,1916,selenium_edit_issue,Success,True,
.test_1_selenium_edit_issue,Total:202 Passed:202 Failed:0
1747905907348,192,selenium_save_comment:open_comment_form,Success,True,
1747905908778,635,selenium_save_comment:submit_form,Success,True,
1747905908778,1622,selenium_save_comment,Success,True,
.test_1_selenium_save_comment,Total:203 Passed:203 Failed:0
1747905909830,1051,selenium_search_jql,Success,True,
.test_1_selenium_search_jql,Total:204 Passed:204 Failed:0
1747905911369,1536,selenium_view_scrum_board_backlog,Success,True,
.test_1_selenium_view_backlog_for_scrum_board,Total:205 Passed:205 Failed:0
1747905912251,880,selenium_view_scrum_board,Success,True,
.test_1_selenium_view_scrum_board,Total:206 Passed:206 Failed:0
1747905913252,1000,selenium_view_kanban_board,Success,True,
.test_1_selenium_view_kanban_board,Total:207 Passed:207 Failed:0
1747905913469,215,selenium_view_dashboard,Success,True,
.test_1_selenium_view_dashboard,Total:208 Passed:208 Failed:0
1747905913901,430,selenium_view_issue,Success,True,
.test_1_selenium_view_issue,Total:209 Passed:209 Failed:0
1747905914227,324,selenium_log_out,Success,True,
.test_2_selenium_z_log_out,Total:210 Passed:210 Failed:0


=============================== warnings summary ===============================
../../root/.bzt/python-packages/3.13.3/_pytest/config/__init__.py:1277
  /root/.bzt/python-packages/3.13.3/_pytest/config/__init__.py:1277: PytestAssertRewriteWarning: Module already imported so cannot be rewritten: apiritif
    self._mark_plugins_for_rewrite(hook)

-- Docs: https://docs.pytest.org/en/stable/how-to/capture-warnings.html
======================== 14 passed, 1 warning in 15.16s ========================
============================= test session starts ==============================
platform linux -- Python 3.13.3, pytest-8.3.5, pluggy-1.6.0
rootdir: /dc-app-performance-toolkit/app
plugins: xdist-3.6.1, apiritif-1.1.3
collected 14 items

selenium_ui/jira_ui.py get driver from global
clear browser cookies
INFO: 2sv login form
1747905915502,1189,selenium_login:open_login_page,Success,True,
node_id:jira-3
1747905916104,601,selenium_login:login_and_view_dashboard,Success,True,
1747905916115,1806,selenium_login,Success,True,
.test_0_selenium_a_login,Total:211 Passed:211 Failed:0
1747905916457,313,selenium_project_summary,Success,True,
.test_1_selenium_view_project_summary,Total:212 Passed:212 Failed:0
1747905916717,258,selenium_browse_projects_list,Success,True,
.test_1_selenium_browse_projects_list,Total:213 Passed:213 Failed:0
1747905916911,191,selenium_browse_boards_list,Success,True,
.test_1_selenium_browse_boards_list,Total:214 Passed:214 Failed:0
1747905918173,1099,selenium_create_issue:open_quick_create,Success,True,
1747905919541,763,selenium_create_issue:fill_and_submit_issue_form:submit_issue_form,Success,True,
1747905919541,1367,selenium_create_issue:fill_and_submit_issue_form,Success,True,
1747905919541,2467,selenium_create_issue,Success,True,
.test_1_selenium_create_issue,Total:215 Passed:215 Failed:0
1747905919986,428,selenium_edit_issue:open_edit_issue_form,Success,True,
1747905921270,539,selenium_edit_issue:save_edit_issue_form,Success,True,
1747905921270,1712,selenium_edit_issue,Success,True,
.test_1_selenium_edit_issue,Total:216 Passed:216 Failed:0
1747905921500,227,selenium_save_comment:open_comment_form,Success,True,
1747905922773,498,selenium_save_comment:submit_form,Success,True,
1747905922773,1501,selenium_save_comment,Success,True,
.test_1_selenium_save_comment,Total:217 Passed:217 Failed:0
1747905923771,996,selenium_search_jql,Success,True,
.test_1_selenium_search_jql,Total:218 Passed:218 Failed:0
1747905924916,1143,selenium_view_scrum_board_backlog,Success,True,
.test_1_selenium_view_backlog_for_scrum_board,Total:219 Passed:219 Failed:0
1747905925825,907,selenium_view_scrum_board,Success,True,
.test_1_selenium_view_scrum_board,Total:220 Passed:220 Failed:0
1747905926761,934,selenium_view_kanban_board,Success,True,
.test_1_selenium_view_kanban_board,Total:221 Passed:221 Failed:0
1747905926991,228,selenium_view_dashboard,Success,True,
.test_1_selenium_view_dashboard,Total:222 Passed:222 Failed:0
1747905927396,404,selenium_view_issue,Success,True,
.test_1_selenium_view_issue,Total:223 Passed:223 Failed:0
1747905927729,331,selenium_log_out,Success,True,
.test_2_selenium_z_log_out,Total:224 Passed:224 Failed:0


=============================== warnings summary ===============================
../../root/.bzt/python-packages/3.13.3/_pytest/config/__init__.py:1277
  /root/.bzt/python-packages/3.13.3/_pytest/config/__init__.py:1277: PytestAssertRewriteWarning: Module already imported so cannot be rewritten: apiritif
    self._mark_plugins_for_rewrite(hook)

-- Docs: https://docs.pytest.org/en/stable/how-to/capture-warnings.html
======================== 14 passed, 1 warning in 13.46s ========================
============================= test session starts ==============================
platform linux -- Python 3.13.3, pytest-8.3.5, pluggy-1.6.0
rootdir: /dc-app-performance-toolkit/app
plugins: xdist-3.6.1, apiritif-1.1.3
collected 14 items

selenium_ui/jira_ui.py get driver from global
clear browser cookies
INFO: 2sv login form
1747905929004,1189,selenium_login:open_login_page,Success,True,
node_id:jira-1
1747905930478,1473,selenium_login:login_and_view_dashboard,Success,True,
1747905930489,2678,selenium_login,Success,True,
.test_0_selenium_a_login,Total:225 Passed:225 Failed:0
1747905930860,341,selenium_project_summary,Success,True,
.test_1_selenium_view_project_summary,Total:226 Passed:226 Failed:0
1747905931106,245,selenium_browse_projects_list,Success,True,
.test_1_selenium_browse_projects_list,Total:227 Passed:227 Failed:0
1747905931308,200,selenium_browse_boards_list,Success,True,
.test_1_selenium_browse_boards_list,Total:228 Passed:228 Failed:0
1747905932448,991,selenium_create_issue:open_quick_create,Success,True,
1747905933851,773,selenium_create_issue:fill_and_submit_issue_form:submit_issue_form,Success,True,
1747905933852,1402,selenium_create_issue:fill_and_submit_issue_form,Success,True,
1747905933852,2395,selenium_create_issue,Success,True,
.test_1_selenium_create_issue,Total:229 Passed:229 Failed:0
1747905934338,451,selenium_edit_issue:open_edit_issue_form,Success,True,
1747905935667,531,selenium_edit_issue:save_edit_issue_form,Success,True,
1747905935667,1780,selenium_edit_issue,Success,True,
.test_1_selenium_edit_issue,Total:230 Passed:230 Failed:0
1747905935870,201,selenium_save_comment:open_comment_form,Success,True,
1747905937229,552,selenium_save_comment:submit_form,Success,True,
1747905937229,1560,selenium_save_comment,Success,True,
.test_1_selenium_save_comment,Total:231 Passed:231 Failed:0
1747905938301,1070,selenium_search_jql,Success,True,
.test_1_selenium_search_jql,Total:232 Passed:232 Failed:0
1747905939499,1196,selenium_view_scrum_board_backlog,Success,True,
.test_1_selenium_view_backlog_for_scrum_board,Total:233 Passed:233 Failed:0
1747905940420,918,selenium_view_scrum_board,Success,True,
.test_1_selenium_view_scrum_board,Total:234 Passed:234 Failed:0
1747905941467,1045,selenium_view_kanban_board,Success,True,
.test_1_selenium_view_kanban_board,Total:235 Passed:235 Failed:0
1747905941712,243,selenium_view_dashboard,Success,True,
.test_1_selenium_view_dashboard,Total:236 Passed:236 Failed:0
1747905942174,460,selenium_view_issue,Success,True,
.test_1_selenium_view_issue,Total:237 Passed:237 Failed:0
1747905942506,331,selenium_log_out,Success,True,
.test_2_selenium_z_log_out,Total:238 Passed:238 Failed:0


=============================== warnings summary ===============================
../../root/.bzt/python-packages/3.13.3/_pytest/config/__init__.py:1277
  /root/.bzt/python-packages/3.13.3/_pytest/config/__init__.py:1277: PytestAssertRewriteWarning: Module already imported so cannot be rewritten: apiritif
    self._mark_plugins_for_rewrite(hook)

-- Docs: https://docs.pytest.org/en/stable/how-to/capture-warnings.html
======================== 14 passed, 1 warning in 14.74s ========================
============================= test session starts ==============================
platform linux -- Python 3.13.3, pytest-8.3.5, pluggy-1.6.0
rootdir: /dc-app-performance-toolkit/app
plugins: xdist-3.6.1, apiritif-1.1.3
collected 14 items

selenium_ui/jira_ui.py get driver from global
clear browser cookies
INFO: 2sv login form
1747905943785,1192,selenium_login:open_login_page,Success,True,
node_id:jira-2
1747905945008,1222,selenium_login:login_and_view_dashboard,Success,True,
1747905945019,2429,selenium_login,Success,True,
.test_0_selenium_a_login,Total:239 Passed:239 Failed:0
1747905945380,343,selenium_project_summary,Success,True,
.test_1_selenium_view_project_summary,Total:240 Passed:240 Failed:0
1747905945692,310,selenium_browse_projects_list,Success,True,
.test_1_selenium_browse_projects_list,Total:241 Passed:241 Failed:0
1747905945881,188,selenium_browse_boards_list,Success,True,
.test_1_selenium_browse_boards_list,Total:242 Passed:242 Failed:0
1747905947036,950,selenium_create_issue:open_quick_create,Success,True,
1747905948437,808,selenium_create_issue:fill_and_submit_issue_form:submit_issue_form,Success,True,
1747905948437,1401,selenium_create_issue:fill_and_submit_issue_form,Success,True,
1747905948438,2351,selenium_create_issue,Success,True,
.test_1_selenium_create_issue,Total:243 Passed:243 Failed:0
1747905948911,455,selenium_edit_issue:open_edit_issue_form,Success,True,
1747905950303,628,selenium_edit_issue:save_edit_issue_form,Success,True,
1747905950303,1848,selenium_edit_issue,Success,True,
.test_1_selenium_edit_issue,Total:244 Passed:244 Failed:0
1747905950514,209,selenium_save_comment:open_comment_form,Success,True,
1747905951856,542,selenium_save_comment:submit_form,Success,True,
1747905951856,1551,selenium_save_comment,Success,True,
.test_1_selenium_save_comment,Total:245 Passed:245 Failed:0
1747905952939,1081,selenium_search_jql,Success,True,
.test_1_selenium_search_jql,Total:246 Passed:246 Failed:0
1747905954030,1089,selenium_view_scrum_board_backlog,Success,True,
.test_1_selenium_view_backlog_for_scrum_board,Total:247 Passed:247 Failed:0
1747905954974,942,selenium_view_scrum_board,Success,True,
.test_1_selenium_view_scrum_board,Total:248 Passed:248 Failed:0
1747905956030,1054,selenium_view_kanban_board,Success,True,
.test_1_selenium_view_kanban_board,Total:249 Passed:249 Failed:0
1747905956248,216,selenium_view_dashboard,Success,True,
.test_1_selenium_view_dashboard,Total:250 Passed:250 Failed:0
1747905956712,462,selenium_view_issue,Success,True,
.test_1_selenium_view_issue,Total:251 Passed:251 Failed:0
1747905957042,328,selenium_log_out,Success,True,
.test_2_selenium_z_log_out,Total:252 Passed:252 Failed:0


=============================== warnings summary ===============================
../../root/.bzt/python-packages/3.13.3/_pytest/config/__init__.py:1277
  /root/.bzt/python-packages/3.13.3/_pytest/config/__init__.py:1277: PytestAssertRewriteWarning: Module already imported so cannot be rewritten: apiritif
    self._mark_plugins_for_rewrite(hook)

-- Docs: https://docs.pytest.org/en/stable/how-to/capture-warnings.html
======================== 14 passed, 1 warning in 14.49s ========================
============================= test session starts ==============================
platform linux -- Python 3.13.3, pytest-8.3.5, pluggy-1.6.0
rootdir: /dc-app-performance-toolkit/app
plugins: xdist-3.6.1, apiritif-1.1.3
collected 14 items

selenium_ui/jira_ui.py get driver from global
clear browser cookies
INFO: 2sv login form
1747905958310,1182,selenium_login:open_login_page,Success,True,
node_id:jira-1
1747905959741,1429,selenium_login:login_and_view_dashboard,Success,True,
1747905959752,2627,selenium_login,Success,True,
.test_0_selenium_a_login,Total:253 Passed:253 Failed:0
1747905960117,334,selenium_project_summary,Success,True,
.test_1_selenium_view_project_summary,Total:254 Passed:254 Failed:0
1747905960352,234,selenium_browse_projects_list,Success,True,
.test_1_selenium_browse_projects_list,Total:255 Passed:255 Failed:0
1747905960581,227,selenium_browse_boards_list,Success,True,
.test_1_selenium_browse_boards_list,Total:256 Passed:256 Failed:0
1747905961756,996,selenium_create_issue:open_quick_create,Success,True,
1747905963262,791,selenium_create_issue:fill_and_submit_issue_form:submit_issue_form,Success,True,
1747905963262,1506,selenium_create_issue:fill_and_submit_issue_form,Success,True,
1747905963263,2503,selenium_create_issue,Success,True,
.test_1_selenium_create_issue,Total:257 Passed:257 Failed:0
1747905963743,445,selenium_edit_issue:open_edit_issue_form,Success,True,
1747905965154,749,selenium_edit_issue:save_edit_issue_form,Success,True,
1747905965154,1856,selenium_edit_issue,Success,True,
.test_1_selenium_edit_issue,Total:258 Passed:258 Failed:0
1747905965385,229,selenium_save_comment:open_comment_form,Success,True,
1747905966780,579,selenium_save_comment:submit_form,Success,True,
1747905966781,1625,selenium_save_comment,Success,True,
.test_1_selenium_save_comment,Total:259 Passed:259 Failed:0
1747905967814,1031,selenium_search_jql,Success,True,
.test_1_selenium_search_jql,Total:260 Passed:260 Failed:0
1747905969070,1254,selenium_view_scrum_board_backlog,Success,True,
.test_1_selenium_view_backlog_for_scrum_board,Total:261 Passed:261 Failed:0
1747905970010,938,selenium_view_scrum_board,Success,True,
.test_1_selenium_view_scrum_board,Total:262 Passed:262 Failed:0
1747905971072,1061,selenium_view_kanban_board,Success,True,
.test_1_selenium_view_kanban_board,Total:263 Passed:263 Failed:0
1747905971294,220,selenium_view_dashboard,Success,True,
.test_1_selenium_view_dashboard,Total:264 Passed:264 Failed:0
1747905971750,453,selenium_view_issue,Success,True,
.test_1_selenium_view_issue,Total:265 Passed:265 Failed:0
1747905972112,360,selenium_log_out,Success,True,
.test_2_selenium_z_log_out,Total:266 Passed:266 Failed:0


=============================== warnings summary ===============================
../../root/.bzt/python-packages/3.13.3/_pytest/config/__init__.py:1277
  /root/.bzt/python-packages/3.13.3/_pytest/config/__init__.py:1277: PytestAssertRewriteWarning: Module already imported so cannot be rewritten: apiritif
    self._mark_plugins_for_rewrite(hook)

-- Docs: https://docs.pytest.org/en/stable/how-to/capture-warnings.html
======================== 14 passed, 1 warning in 15.03s ========================
============================= test session starts ==============================
platform linux -- Python 3.13.3, pytest-8.3.5, pluggy-1.6.0
rootdir: /dc-app-performance-toolkit/app
plugins: xdist-3.6.1, apiritif-1.1.3
collected 14 items

selenium_ui/jira_ui.py get driver from global
clear browser cookies
INFO: 2sv login form
1747905973404,1184,selenium_login:open_login_page,Success,True,
node_id:jira-0
1747905974689,1284,selenium_login:login_and_view_dashboard,Success,True,
1747905974701,2484,selenium_login,Success,True,
.test_0_selenium_a_login,Total:267 Passed:267 Failed:0
1747905975037,317,selenium_project_summary,Success,True,
.test_1_selenium_view_project_summary,Total:268 Passed:268 Failed:0
1747905975278,240,selenium_browse_projects_list,Success,True,
.test_1_selenium_browse_projects_list,Total:269 Passed:269 Failed:0
1747905975481,200,selenium_browse_boards_list,Success,True,
.test_1_selenium_browse_boards_list,Total:270 Passed:270 Failed:0
1747905976683,1009,selenium_create_issue:open_quick_create,Success,True,
1747905978116,810,selenium_create_issue:fill_and_submit_issue_form:submit_issue_form,Success,True,
1747905978116,1433,selenium_create_issue:fill_and_submit_issue_form,Success,True,
1747905978117,2443,selenium_create_issue,Success,True,
.test_1_selenium_create_issue,Total:271 Passed:271 Failed:0
1747905978601,466,selenium_edit_issue:open_edit_issue_form,Success,True,
1747905979922,554,selenium_edit_issue:save_edit_issue_form,Success,True,
1747905979923,1788,selenium_edit_issue,Success,True,
.test_1_selenium_edit_issue,Total:272 Passed:272 Failed:0
1747905980133,208,selenium_save_comment:open_comment_form,Success,True,
1747905981525,566,selenium_save_comment:submit_form,Success,True,
1747905981525,1600,selenium_save_comment,Success,True,
.test_1_selenium_save_comment,Total:273 Passed:273 Failed:0
1747905982600,1074,selenium_search_jql,Success,True,
.test_1_selenium_search_jql,Total:274 Passed:274 Failed:0
1747905983763,1161,selenium_view_scrum_board_backlog,Success,True,
.test_1_selenium_view_backlog_for_scrum_board,Total:275 Passed:275 Failed:0
1747905984736,971,selenium_view_scrum_board,Success,True,
.test_1_selenium_view_scrum_board,Total:276 Passed:276 Failed:0
1747905985680,942,selenium_view_kanban_board,Success,True,
.test_1_selenium_view_kanban_board,Total:277 Passed:277 Failed:0
1747905985936,254,selenium_view_dashboard,Success,True,
.test_1_selenium_view_dashboard,Total:278 Passed:278 Failed:0
1747905986422,483,selenium_view_issue,Success,True,
.test_1_selenium_view_issue,Total:279 Passed:279 Failed:0
1747905987338,914,selenium_log_out,Success,True,
.test_2_selenium_z_log_out,Total:280 Passed:280 Failed:0


=============================== warnings summary ===============================
../../root/.bzt/python-packages/3.13.3/_pytest/config/__init__.py:1277
  /root/.bzt/python-packages/3.13.3/_pytest/config/__init__.py:1277: PytestAssertRewriteWarning: Module already imported so cannot be rewritten: apiritif
    self._mark_plugins_for_rewrite(hook)

-- Docs: https://docs.pytest.org/en/stable/how-to/capture-warnings.html
======================== 14 passed, 1 warning in 15.18s ========================
============================= test session starts ==============================
platform linux -- Python 3.13.3, pytest-8.3.5, pluggy-1.6.0
rootdir: /dc-app-performance-toolkit/app
plugins: xdist-3.6.1, apiritif-1.1.3
collected 14 items

selenium_ui/jira_ui.py get driver from global
clear browser cookies
INFO: 2sv login form
1747905988591,1172,selenium_login:open_login_page,Success,True,
node_id:jira-1
1747905990005,1413,selenium_login:login_and_view_dashboard,Success,True,
1747905990020,2603,selenium_login,Success,True,
.test_0_selenium_a_login,Total:281 Passed:281 Failed:0
1747905990370,317,selenium_project_summary,Success,True,
.test_1_selenium_view_project_summary,Total:282 Passed:282 Failed:0
1747905990590,218,selenium_browse_projects_list,Success,True,
.test_1_selenium_browse_projects_list,Total:283 Passed:283 Failed:0
1747905990786,194,selenium_browse_boards_list,Success,True,
.test_1_selenium_browse_boards_list,Total:284 Passed:284 Failed:0
1747905992004,1023,selenium_create_issue:open_quick_create,Success,True,
1747905993523,852,selenium_create_issue:fill_and_submit_issue_form:submit_issue_form,Success,True,
1747905993523,1519,selenium_create_issue:fill_and_submit_issue_form,Success,True,
1747905993523,2543,selenium_create_issue,Success,True,
.test_1_selenium_create_issue,Total:285 Passed:285 Failed:0
1747905994009,450,selenium_edit_issue:open_edit_issue_form,Success,True,
1747905995405,617,selenium_edit_issue:save_edit_issue_form,Success,True,
1747905995405,1846,selenium_edit_issue,Success,True,
.test_1_selenium_edit_issue,Total:286 Passed:286 Failed:0
1747905995607,200,selenium_save_comment:open_comment_form,Success,True,
1747905996957,522,selenium_save_comment:submit_form,Success,True,
1747905996957,1550,selenium_save_comment,Success,True,
.test_1_selenium_save_comment,Total:287 Passed:287 Failed:0
1747905998049,1090,selenium_search_jql,Success,True,
.test_1_selenium_search_jql,Total:288 Passed:288 Failed:0
1747905999164,1113,selenium_view_scrum_board_backlog,Success,True,
.test_1_selenium_view_backlog_for_scrum_board,Total:289 Passed:289 Failed:0
1747906000145,979,selenium_view_scrum_board,Success,True,
.test_1_selenium_view_scrum_board,Total:290 Passed:290 Failed:0
1747906001109,962,selenium_view_kanban_board,Success,True,
.test_1_selenium_view_kanban_board,Total:291 Passed:291 Failed:0
1747906001325,214,selenium_view_dashboard,Success,True,
.test_1_selenium_view_dashboard,Total:292 Passed:292 Failed:0
1747906001774,447,selenium_view_issue,Success,True,
.test_1_selenium_view_issue,Total:293 Passed:293 Failed:0
1747906002122,346,selenium_log_out,Success,True,
.test_2_selenium_z_log_out,Total:294 Passed:294 Failed:0


=============================== warnings summary ===============================
../../root/.bzt/python-packages/3.13.3/_pytest/config/__init__.py:1277
  /root/.bzt/python-packages/3.13.3/_pytest/config/__init__.py:1277: PytestAssertRewriteWarning: Module already imported so cannot be rewritten: apiritif
    self._mark_plugins_for_rewrite(hook)

-- Docs: https://docs.pytest.org/en/stable/how-to/capture-warnings.html
======================== 14 passed, 1 warning in 14.74s ========================
============================= test session starts ==============================
platform linux -- Python 3.13.3, pytest-8.3.5, pluggy-1.6.0
rootdir: /dc-app-performance-toolkit/app
plugins: xdist-3.6.1, apiritif-1.1.3
collected 14 items

selenium_ui/jira_ui.py get driver from global
clear browser cookies
INFO: 2sv login form
1747906003391,1181,selenium_login:open_login_page,Success,True,
node_id:jira-0
1747906004904,1512,selenium_login:login_and_view_dashboard,Success,True,
1747906004916,2711,selenium_login,Success,True,
.test_0_selenium_a_login,Total:295 Passed:295 Failed:0
1747906005306,360,selenium_project_summary,Success,True,
.test_1_selenium_view_project_summary,Total:296 Passed:296 Failed:0
1747906005555,246,selenium_browse_projects_list,Success,True,
.test_1_selenium_browse_projects_list,Total:297 Passed:297 Failed:0
1747906005755,198,selenium_browse_boards_list,Success,True,
.test_1_selenium_browse_boards_list,Total:298 Passed:298 Failed:0
1747906006879,962,selenium_create_issue:open_quick_create,Success,True,
1747906008321,837,selenium_create_issue:fill_and_submit_issue_form:submit_issue_form,Success,True,
1747906008321,1442,selenium_create_issue:fill_and_submit_issue_form,Success,True,
1747906008321,2405,selenium_create_issue,Success,True,
.test_1_selenium_create_issue,Total:299 Passed:299 Failed:0
1747906008773,434,selenium_edit_issue:open_edit_issue_form,Success,True,
1747906010131,611,selenium_edit_issue:save_edit_issue_form,Success,True,
1747906010131,1792,selenium_edit_issue,Success,True,
.test_1_selenium_edit_issue,Total:300 Passed:300 Failed:0
1747906010329,196,selenium_save_comment:open_comment_form,Success,True,
1747906011707,539,selenium_save_comment:submit_form,Success,True,
1747906011707,1574,selenium_save_comment,Success,True,
.test_1_selenium_save_comment,Total:301 Passed:301 Failed:0
1747906012767,1058,selenium_search_jql,Success,True,
.test_1_selenium_search_jql,Total:302 Passed:302 Failed:0
1747906014407,1638,selenium_view_scrum_board_backlog,Success,True,
.test_1_selenium_view_backlog_for_scrum_board,Total:303 Passed:303 Failed:0
1747906015359,950,selenium_view_scrum_board,Success,True,
.test_1_selenium_view_scrum_board,Total:304 Passed:304 Failed:0
1747906016431,1071,selenium_view_kanban_board,Success,True,
.test_1_selenium_view_kanban_board,Total:305 Passed:305 Failed:0
1747906016643,210,selenium_view_dashboard,Success,True,
.test_1_selenium_view_dashboard,Total:306 Passed:306 Failed:0
1747906017030,385,selenium_view_issue,Success,True,
.test_1_selenium_view_issue,Total:307 Passed:307 Failed:0
1747906017366,334,selenium_log_out,Success,True,
.test_2_selenium_z_log_out,Total:308 Passed:308 Failed:0


=============================== warnings summary ===============================
../../root/.bzt/python-packages/3.13.3/_pytest/config/__init__.py:1277
  /root/.bzt/python-packages/3.13.3/_pytest/config/__init__.py:1277: PytestAssertRewriteWarning: Module already imported so cannot be rewritten: apiritif
    self._mark_plugins_for_rewrite(hook)

-- Docs: https://docs.pytest.org/en/stable/how-to/capture-warnings.html
======================== 14 passed, 1 warning in 15.20s ========================
============================= test session starts ==============================
platform linux -- Python 3.13.3, pytest-8.3.5, pluggy-1.6.0
rootdir: /dc-app-performance-toolkit/app
plugins: xdist-3.6.1, apiritif-1.1.3
collected 14 items

selenium_ui/jira_ui.py get driver from global
clear browser cookies
INFO: 2sv login form
1747906018643,1190,selenium_login:open_login_page,Success,True,
node_id:jira-2
1747906020080,1436,selenium_login:login_and_view_dashboard,Success,True,
1747906020099,2649,selenium_login,Success,True,
.test_0_selenium_a_login,Total:309 Passed:309 Failed:0
1747906020513,382,selenium_project_summary,Success,True,
.test_1_selenium_view_project_summary,Total:310 Passed:310 Failed:0
1747906020748,232,selenium_browse_projects_list,Success,True,
.test_1_selenium_browse_projects_list,Total:311 Passed:311 Failed:0
1747906020950,200,selenium_browse_boards_list,Success,True,
.test_1_selenium_browse_boards_list,Total:312 Passed:312 Failed:0
1747906022089,947,selenium_create_issue:open_quick_create,Success,True,
1747906023490,838,selenium_create_issue:fill_and_submit_issue_form:submit_issue_form,Success,True,
1747906023490,1400,selenium_create_issue:fill_and_submit_issue_form,Success,True,
1747906023490,2349,selenium_create_issue,Success,True,
.test_1_selenium_create_issue,Total:313 Passed:313 Failed:0
1747906023962,432,selenium_edit_issue:open_edit_issue_form,Success,True,
1747906025222,571,selenium_edit_issue:save_edit_issue_form,Success,True,
1747906025222,1693,selenium_edit_issue,Success,True,
.test_1_selenium_edit_issue,Total:314 Passed:314 Failed:0
1747906025419,195,selenium_save_comment:open_comment_form,Success,True,
1747906026819,536,selenium_save_comment:submit_form,Success,True,
1747906026819,1595,selenium_save_comment,Success,True,
.test_1_selenium_save_comment,Total:315 Passed:315 Failed:0
1747906027868,1047,selenium_search_jql,Success,True,
.test_1_selenium_search_jql,Total:316 Passed:316 Failed:0
1747906029036,1166,selenium_view_scrum_board_backlog,Success,True,
.test_1_selenium_view_backlog_for_scrum_board,Total:317 Passed:317 Failed:0
1747906030026,988,selenium_view_scrum_board,Success,True,
.test_1_selenium_view_scrum_board,Total:318 Passed:318 Failed:0
1747906030999,972,selenium_view_kanban_board,Success,True,
.test_1_selenium_view_kanban_board,Total:319 Passed:319 Failed:0
1747906031229,228,selenium_view_dashboard,Success,True,
.test_1_selenium_view_dashboard,Total:320 Passed:320 Failed:0
1747906031709,477,selenium_view_issue,Success,True,
.test_1_selenium_view_issue,Total:321 Passed:321 Failed:0
1747906032682,971,selenium_log_out,Success,True,
.test_2_selenium_z_log_out,Total:322 Passed:322 Failed:0


=============================== warnings summary ===============================
../../root/.bzt/python-packages/3.13.3/_pytest/config/__init__.py:1277
  /root/.bzt/python-packages/3.13.3/_pytest/config/__init__.py:1277: PytestAssertRewriteWarning: Module already imported so cannot be rewritten: apiritif
    self._mark_plugins_for_rewrite(hook)

-- Docs: https://docs.pytest.org/en/stable/how-to/capture-warnings.html
======================== 14 passed, 1 warning in 15.27s ========================
============================= test session starts ==============================
platform linux -- Python 3.13.3, pytest-8.3.5, pluggy-1.6.0
rootdir: /dc-app-performance-toolkit/app
plugins: xdist-3.6.1, apiritif-1.1.3
collected 14 items

selenium_ui/jira_ui.py get driver from global
clear browser cookies
INFO: 2sv login form
1747906033951,1186,selenium_login:open_login_page,Success,True,
node_id:jira-0
1747906035331,1379,selenium_login:login_and_view_dashboard,Success,True,
1747906035345,2582,selenium_login,Success,True,
.test_0_selenium_a_login,Total:323 Passed:323 Failed:0
1747906035714,338,selenium_project_summary,Success,True,
.test_1_selenium_view_project_summary,Total:324 Passed:324 Failed:0
1747906035947,231,selenium_browse_projects_list,Success,True,
.test_1_selenium_browse_projects_list,Total:325 Passed:325 Failed:0
1747906036162,213,selenium_browse_boards_list,Success,True,
.test_1_selenium_browse_boards_list,Total:326 Passed:326 Failed:0
1747906037289,936,selenium_create_issue:open_quick_create,Success,True,
1747906038771,852,selenium_create_issue:fill_and_submit_issue_form:submit_issue_form,Success,True,
1747906038771,1481,selenium_create_issue:fill_and_submit_issue_form,Success,True,
1747906038771,2418,selenium_create_issue,Success,True,
.test_1_selenium_create_issue,Total:327 Passed:327 Failed:0
1747906039493,700,selenium_edit_issue:open_edit_issue_form,Success,True,
1747906040759,721,selenium_edit_issue:save_edit_issue_form,Success,True,
1747906040759,1966,selenium_edit_issue,Success,True,
.test_1_selenium_edit_issue,Total:328 Passed:328 Failed:0
1747906040950,189,selenium_save_comment:open_comment_form,Success,True,
1747906042489,663,selenium_save_comment:submit_form,Success,True,
1747906042489,1729,selenium_save_comment,Success,True,
.test_1_selenium_save_comment,Total:329 Passed:329 Failed:0
1747906043607,1115,selenium_search_jql,Success,True,
.test_1_selenium_search_jql,Total:330 Passed:330 Failed:0
1747906044778,1169,selenium_view_scrum_board_backlog,Success,True,
.test_1_selenium_view_backlog_for_scrum_board,Total:331 Passed:331 Failed:0
1747906045806,1026,selenium_view_scrum_board,Success,True,
.test_1_selenium_view_scrum_board,Total:332 Passed:332 Failed:0
1747906046785,977,selenium_view_kanban_board,Success,True,
.test_1_selenium_view_kanban_board,Total:333 Passed:333 Failed:0
1747906046999,212,selenium_view_dashboard,Success,True,
.test_1_selenium_view_dashboard,Total:334 Passed:334 Failed:0
1747906047395,393,selenium_view_issue,Success,True,
.test_1_selenium_view_issue,Total:335 Passed:335 Failed:0
1747906047747,350,selenium_log_out,Success,True,
.test_2_selenium_z_log_out,Total:336 Passed:336 Failed:0


=============================== warnings summary ===============================
../../root/.bzt/python-packages/3.13.3/_pytest/config/__init__.py:1277
  /root/.bzt/python-packages/3.13.3/_pytest/config/__init__.py:1277: PytestAssertRewriteWarning: Module already imported so cannot be rewritten: apiritif
    self._mark_plugins_for_rewrite(hook)

-- Docs: https://docs.pytest.org/en/stable/how-to/capture-warnings.html
======================== 14 passed, 1 warning in 15.02s ========================
============================= test session starts ==============================
platform linux -- Python 3.13.3, pytest-8.3.5, pluggy-1.6.0
rootdir: /dc-app-performance-toolkit/app
plugins: xdist-3.6.1, apiritif-1.1.3
collected 14 items

selenium_ui/jira_ui.py get driver from global
clear browser cookies
INFO: 2sv login form
1747906049007,1174,selenium_login:open_login_page,Success,True,
node_id:jira-1
1747906050530,1522,selenium_login:login_and_view_dashboard,Success,True,
1747906050542,2711,selenium_login,Success,True,
.test_0_selenium_a_login,Total:337 Passed:337 Failed:0
1747906050935,363,selenium_project_summary,Success,True,
.test_1_selenium_view_project_summary,Total:338 Passed:338 Failed:0
1747906051161,224,selenium_browse_projects_list,Success,True,
.test_1_selenium_browse_projects_list,Total:339 Passed:339 Failed:0
1747906051371,207,selenium_browse_boards_list,Success,True,
.test_1_selenium_browse_boards_list,Total:340 Passed:340 Failed:0
1747906052528,968,selenium_create_issue:open_quick_create,Success,True,
1747906053991,876,selenium_create_issue:fill_and_submit_issue_form:submit_issue_form,Success,True,
1747906053992,1463,selenium_create_issue:fill_and_submit_issue_form,Success,True,
1747906053992,2431,selenium_create_issue,Success,True,
.test_1_selenium_create_issue,Total:341 Passed:341 Failed:0
1747906054439,426,selenium_edit_issue:open_edit_issue_form,Success,True,
1747906055779,571,selenium_edit_issue:save_edit_issue_form,Success,True,
1747906055779,1765,selenium_edit_issue,Success,True,
.test_1_selenium_edit_issue,Total:342 Passed:342 Failed:0
1747906056001,220,selenium_save_comment:open_comment_form,Success,True,
1747906057451,559,selenium_save_comment:submit_form,Success,True,
1747906057451,1670,selenium_save_comment,Success,True,
.test_1_selenium_save_comment,Total:343 Passed:343 Failed:0
1747906058498,1046,selenium_search_jql,Success,True,
.test_1_selenium_search_jql,Total:344 Passed:344 Failed:0
1747906060189,1689,selenium_view_scrum_board_backlog,Success,True,
.test_1_selenium_view_backlog_for_scrum_board,Total:345 Passed:345 Failed:0
1747906061194,1003,selenium_view_scrum_board,Success,True,
.test_1_selenium_view_scrum_board,Total:346 Passed:346 Failed:0
1747906062189,994,selenium_view_kanban_board,Success,True,
.test_1_selenium_view_kanban_board,Total:347 Passed:347 Failed:0
1747906062414,222,selenium_view_dashboard,Success,True,
.test_1_selenium_view_dashboard,Total:348 Passed:348 Failed:0
1747906062813,396,selenium_view_issue,Success,True,
.test_1_selenium_view_issue,Total:349 Passed:349 Failed:0
1747906063138,323,selenium_log_out,Success,True,
.test_2_selenium_z_log_out,Total:350 Passed:350 Failed:0


=============================== warnings summary ===============================
../../root/.bzt/python-packages/3.13.3/_pytest/config/__init__.py:1277
  /root/.bzt/python-packages/3.13.3/_pytest/config/__init__.py:1277: PytestAssertRewriteWarning: Module already imported so cannot be rewritten: apiritif
    self._mark_plugins_for_rewrite(hook)

-- Docs: https://docs.pytest.org/en/stable/how-to/capture-warnings.html
======================== 14 passed, 1 warning in 15.35s ========================
============================= test session starts ==============================
platform linux -- Python 3.13.3, pytest-8.3.5, pluggy-1.6.0
rootdir: /dc-app-performance-toolkit/app
plugins: xdist-3.6.1, apiritif-1.1.3
collected 14 items

selenium_ui/jira_ui.py get driver from global
clear browser cookies
INFO: 2sv login form
1747906064402,1180,selenium_login:open_login_page,Success,True,
node_id:jira-1
1747906065810,1408,selenium_login:login_and_view_dashboard,Success,True,
1747906065821,2602,selenium_login,Success,True,
.test_0_selenium_a_login,Total:351 Passed:351 Failed:0
1747906066174,334,selenium_project_summary,Success,True,
.test_1_selenium_view_project_summary,Total:352 Passed:352 Failed:0
[...]
1747908204299,439,selenium_view_issue,Success,True,
.test_1_selenium_view_issue,Total:1833 Passed:1833 Failed:0
1747908204642,341,selenium_log_out,Success,True,
.test_2_selenium_z_log_out,Total:1834 Passed:1834 Failed:0


=============================== warnings summary ===============================
../../root/.bzt/python-packages/3.13.3/_pytest/config/__init__.py:1277
  /root/.bzt/python-packages/3.13.3/_pytest/config/__init__.py:1277: PytestAssertRewriteWarning: Module already imported so cannot be rewritten: apiritif
    self._mark_plugins_for_rewrite(hook)

-- Docs: https://docs.pytest.org/en/stable/how-to/capture-warnings.html
======================== 14 passed, 1 warning in 24.96s ========================
============================= test session starts ==============================
platform linux -- Python 3.13.3, pytest-8.3.5, pluggy-1.6.0
rootdir: /dc-app-performance-toolkit/app
plugins: xdist-3.6.1, apiritif-1.1.3
collected 14 items

selenium_ui/jira_ui.py get driver from global
clear browser cookies
INFO: 2sv login form
1747908205908,1181,selenium_login:open_login_page,Success,True,
node_id:jira-2
1747908209752,3843,selenium_login:login_and_view_dashboard,Success,True,
1747908209764,5041,selenium_login,Success,True,
.test_0_selenium_a_login,Total:1835 Passed:1835 Failed:0
1747908210100,318,selenium_project_summary,Success,True,
.test_1_selenium_view_project_summary,Total:1836 Passed:1836 Failed:0
1747908210360,258,selenium_browse_projects_list,Success,True,
.test_1_selenium_browse_projects_list,Total:1837 Passed:1837 Failed:0
1747908210556,194,selenium_browse_boards_list,Success,True,
.test_1_selenium_browse_boards_list,Total:1838 Passed:1838 Failed:0
1747908212851,2112,selenium_create_issue:open_quick_create,Success,True,
1747908215594,2031,selenium_create_issue:fill_and_submit_issue_form:submit_issue_form,Success,True,
1747908215594,2742,selenium_create_issue:fill_and_submit_issue_form,Success,True,
1747908215594,4855,selenium_create_issue,Success,True,
.test_1_selenium_create_issue,Total:1839 Passed:1839 Failed:0
1747908216051,438,selenium_edit_issue:open_edit_issue_form,Success,True,
1747908217312,566,selenium_edit_issue:save_edit_issue_form,Success,True,
1747908217312,1699,selenium_edit_issue,Success,True,
.test_1_selenium_edit_issue,Total:1840 Passed:1840 Failed:0
1747908217509,195,selenium_save_comment:open_comment_form,Success,True,
1747908220064,523,selenium_save_comment:submit_form,Success,True,
1747908220064,2751,selenium_save_comment,Success,True,
.test_1_selenium_save_comment,Total:1841 Passed:1841 Failed:0
1747908222203,2137,selenium_search_jql,Success,True,
.test_1_selenium_search_jql,Total:1842 Passed:1842 Failed:0
1747908224494,2289,selenium_view_scrum_board_backlog,Success,True,
.test_1_selenium_view_backlog_for_scrum_board,Total:1843 Passed:1843 Failed:0
1747908226677,2181,selenium_view_scrum_board,Success,True,
.test_1_selenium_view_scrum_board,Total:1844 Passed:1844 Failed:0
1747908232025,5347,selenium_view_kanban_board,Success,True,
.test_1_selenium_view_kanban_board,Total:1845 Passed:1845 Failed:0
1747908232303,276,selenium_view_dashboard,Success,True,
.test_1_selenium_view_dashboard,Total:1846 Passed:1846 Failed:0
1747908233001,696,selenium_view_issue,Success,True,
.test_1_selenium_view_issue,Total:1847 Passed:1847 Failed:0
1747908233418,414,selenium_log_out,Success,True,
.test_2_selenium_z_log_out,Total:1848 Passed:1848 Failed:0


=============================== warnings summary ===============================
../../root/.bzt/python-packages/3.13.3/_pytest/config/__init__.py:1277
  /root/.bzt/python-packages/3.13.3/_pytest/config/__init__.py:1277: PytestAssertRewriteWarning: Module already imported so cannot be rewritten: apiritif
    self._mark_plugins_for_rewrite(hook)

-- Docs: https://docs.pytest.org/en/stable/how-to/capture-warnings.html
======================== 14 passed, 1 warning in 28.73s ========================
============================= test session starts ==============================
platform linux -- Python 3.13.3, pytest-8.3.5, pluggy-1.6.0
rootdir: /dc-app-performance-toolkit/app
plugins: xdist-3.6.1, apiritif-1.1.3
collected 14 items

selenium_ui/jira_ui.py get driver from global
clear browser cookies
INFO: 2sv login form
1747908234681,1176,selenium_login:open_login_page,Success,True,
node_id:jira-3
1747908237213,2531,selenium_login:login_and_view_dashboard,Success,True,
1747908237222,3721,selenium_login,Success,True,
.test_0_selenium_a_login,Total:1849 Passed:1849 Failed:0
1747908237901,646,selenium_project_summary,Success,True,
.test_1_selenium_view_project_summary,Total:1850 Passed:1850 Failed:0
1747908238147,244,selenium_browse_projects_list,Success,True,
.test_1_selenium_browse_projects_list,Total:1851 Passed:1851 Failed:0
1747908238356,207,selenium_browse_boards_list,Success,True,
.test_1_selenium_browse_boards_list,Total:1852 Passed:1852 Failed:0
1747908240660,2123,selenium_create_issue:open_quick_create,Success,True,
1747908243363,2034,selenium_create_issue:fill_and_submit_issue_form:submit_issue_form,Success,True,
1747908243363,2703,selenium_create_issue:fill_and_submit_issue_form,Success,True,
1747908243363,4827,selenium_create_issue,Success,True,
.test_1_selenium_create_issue,Total:1853 Passed:1853 Failed:0
1747908243800,418,selenium_edit_issue:open_edit_issue_form,Success,True,
1747908245176,610,selenium_edit_issue:save_edit_issue_form,Success,True,
1747908245176,1794,selenium_edit_issue,Success,True,
.test_1_selenium_edit_issue,Total:1854 Passed:1854 Failed:0
1747908245379,201,selenium_save_comment:open_comment_form,Success,True,
1747908247932,500,selenium_save_comment:submit_form,Success,True,
1747908247932,2755,selenium_save_comment,Success,True,
.test_1_selenium_save_comment,Total:1855 Passed:1855 Failed:0
1747908250161,2226,selenium_search_jql,Success,True,
.test_1_selenium_search_jql,Total:1856 Passed:1856 Failed:0
1747908252426,2264,selenium_view_scrum_board_backlog,Success,True,
.test_1_selenium_view_backlog_for_scrum_board,Total:1857 Passed:1857 Failed:0
1747908254578,2149,selenium_view_scrum_board,Success,True,
.test_1_selenium_view_scrum_board,Total:1858 Passed:1858 Failed:0
1747908256734,2155,selenium_view_kanban_board,Success,True,
.test_1_selenium_view_kanban_board,Total:1859 Passed:1859 Failed:0
1747908256942,205,selenium_view_dashboard,Success,True,
.test_1_selenium_view_dashboard,Total:1860 Passed:1860 Failed:0
1747908257396,452,selenium_view_issue,Success,True,
.test_1_selenium_view_issue,Total:1861 Passed:1861 Failed:0
1747908257731,334,selenium_log_out,Success,True,
.test_2_selenium_z_log_out,Total:1862 Passed:1862 Failed:0


=============================== warnings summary ===============================
../../root/.bzt/python-packages/3.13.3/_pytest/config/__init__.py:1277
  /root/.bzt/python-packages/3.13.3/_pytest/config/__init__.py:1277: PytestAssertRewriteWarning: Module already imported so cannot be rewritten: apiritif
    self._mark_plugins_for_rewrite(hook)

-- Docs: https://docs.pytest.org/en/stable/how-to/capture-warnings.html
======================== 14 passed, 1 warning in 24.27s ========================
============================= test session starts ==============================
platform linux -- Python 3.13.3, pytest-8.3.5, pluggy-1.6.0
rootdir: /dc-app-performance-toolkit/app
plugins: xdist-3.6.1, apiritif-1.1.3
collected 14 items

selenium_ui/jira_ui.py get driver from global
clear browser cookies
INFO: 2sv login form
1747908259009,1188,selenium_login:open_login_page,Success,True,
node_id:jira-0
1747908262710,3700,selenium_login:login_and_view_dashboard,Success,True,
1747908262721,4903,selenium_login,Success,True,
.test_0_selenium_a_login,Total:1863 Passed:1863 Failed:0
1747908263074,336,selenium_project_summary,Success,True,
.test_1_selenium_view_project_summary,Total:1864 Passed:1864 Failed:0
1747908263380,303,selenium_browse_projects_list,Success,True,
.test_1_selenium_browse_projects_list,Total:1865 Passed:1865 Failed:0
1747908263584,202,selenium_browse_boards_list,Success,True,
.test_1_selenium_browse_boards_list,Total:1866 Passed:1866 Failed:0
1747908265908,2129,selenium_create_issue:open_quick_create,Success,True,
1747908268524,2059,selenium_create_issue:fill_and_submit_issue_form:submit_issue_form,Success,True,
1747908268524,2615,selenium_create_issue:fill_and_submit_issue_form,Success,True,
1747908268524,4746,selenium_create_issue,Success,True,
.test_1_selenium_create_issue,Total:1867 Passed:1867 Failed:0
1747908268964,421,selenium_edit_issue:open_edit_issue_form,Success,True,
1747908270245,547,selenium_edit_issue:save_edit_issue_form,Success,True,
1747908270245,1702,selenium_edit_issue,Success,True,
.test_1_selenium_edit_issue,Total:1868 Passed:1868 Failed:0
1747908270442,195,selenium_save_comment:open_comment_form,Success,True,
1747908273009,515,selenium_save_comment:submit_form,Success,True,
1747908273009,2762,selenium_save_comment,Success,True,
.test_1_selenium_save_comment,Total:1869 Passed:1869 Failed:0
1747908275224,2213,selenium_search_jql,Success,True,
.test_1_selenium_search_jql,Total:1870 Passed:1870 Failed:0
1747908277503,2277,selenium_view_scrum_board_backlog,Success,True,
.test_1_selenium_view_backlog_for_scrum_board,Total:1871 Passed:1871 Failed:0
1747908279715,2210,selenium_view_scrum_board,Success,True,
.test_1_selenium_view_scrum_board,Total:1872 Passed:1872 Failed:0
1747908281950,2233,selenium_view_kanban_board,Success,True,
.test_1_selenium_view_kanban_board,Total:1873 Passed:1873 Failed:0
1747908282147,196,selenium_view_dashboard,Success,True,
.test_1_selenium_view_dashboard,Total:1874 Passed:1874 Failed:0
1747908282551,402,selenium_view_issue,Success,True,
.test_1_selenium_view_issue,Total:1875 Passed:1875 Failed:0
1747908282910,356,selenium_log_out,Success,True,
.test_2_selenium_z_log_out,Total:1876 Passed:1876 Failed:0


=============================== warnings summary ===============================
../../root/.bzt/python-packages/3.13.3/_pytest/config/__init__.py:1277
  /root/.bzt/python-packages/3.13.3/_pytest/config/__init__.py:1277: PytestAssertRewriteWarning: Module already imported so cannot be rewritten: apiritif
    self._mark_plugins_for_rewrite(hook)

-- Docs: https://docs.pytest.org/en/stable/how-to/capture-warnings.html
======================== 14 passed, 1 warning in 25.13s ========================
============================= test session starts ==============================
platform linux -- Python 3.13.3, pytest-8.3.5, pluggy-1.6.0
rootdir: /dc-app-performance-toolkit/app
plugins: xdist-3.6.1, apiritif-1.1.3
collected 14 items

selenium_ui/jira_ui.py get driver from global
clear browser cookies
INFO: 2sv login form
1747908284182,1186,selenium_login:open_login_page,Success,True,
node_id:jira-0
1747908286706,2522,selenium_login:login_and_view_dashboard,Success,True,
1747908286718,3724,selenium_login,Success,True,
.test_0_selenium_a_login,Total:1877 Passed:1877 Failed:0
1747908287094,343,selenium_project_summary,Success,True,
.test_1_selenium_view_project_summary,Total:1878 Passed:1878 Failed:0
1747908287333,238,selenium_browse_projects_list,Success,True,
.test_1_selenium_browse_projects_list,Total:1879 Passed:1879 Failed:0
1747908287536,200,selenium_browse_boards_list,Success,True,
.test_1_selenium_browse_boards_list,Total:1880 Passed:1880 Failed:0
1747908289894,2193,selenium_create_issue:open_quick_create,Success,True,
1747908292533,2073,selenium_create_issue:fill_and_submit_issue_form:submit_issue_form,Success,True,
1747908292533,2639,selenium_create_issue:fill_and_submit_issue_form,Success,True,
1747908292533,4833,selenium_create_issue,Success,True,
.test_1_selenium_create_issue,Total:1881 Passed:1881 Failed:0
1747908293040,467,selenium_edit_issue:open_edit_issue_form,Success,True,
1747908294388,568,selenium_edit_issue:save_edit_issue_form,Success,True,
1747908294389,1816,selenium_edit_issue,Success,True,
.test_1_selenium_edit_issue,Total:1882 Passed:1882 Failed:0
1747908294587,196,selenium_save_comment:open_comment_form,Success,True,
1747908297208,551,selenium_save_comment:submit_form,Success,True,
1747908297208,2818,selenium_save_comment,Success,True,
.test_1_selenium_save_comment,Total:1883 Passed:1883 Failed:0
1747908299314,2104,selenium_search_jql,Success,True,
.test_1_selenium_search_jql,Total:1884 Passed:1884 Failed:0
1747908301610,2294,selenium_view_scrum_board_backlog,Success,True,
.test_1_selenium_view_backlog_for_scrum_board,Total:1885 Passed:1885 Failed:0
1747908303772,2160,selenium_view_scrum_board,Success,True,
.test_1_selenium_view_scrum_board,Total:1886 Passed:1886 Failed:0
1747908305953,2179,selenium_view_kanban_board,Success,True,
.test_1_selenium_view_kanban_board,Total:1887 Passed:1887 Failed:0
1747908306169,215,selenium_view_dashboard,Success,True,
.test_1_selenium_view_dashboard,Total:1888 Passed:1888 Failed:0
1747908306590,419,selenium_view_issue,Success,True,
.test_1_selenium_view_issue,Total:1889 Passed:1889 Failed:0
1747908310499,3907,selenium_log_out,Success,True,
.test_2_selenium_z_log_out,Total:1890 Passed:1890 Failed:0


=============================== warnings summary ===============================
../../root/.bzt/python-packages/3.13.3/_pytest/config/__init__.py:1277
  /root/.bzt/python-packages/3.13.3/_pytest/config/__init__.py:1277: PytestAssertRewriteWarning: Module already imported so cannot be rewritten: apiritif
    self._mark_plugins_for_rewrite(hook)

-- Docs: https://docs.pytest.org/en/stable/how-to/capture-warnings.html
======================== 14 passed, 1 warning in 27.54s ========================
============================= test session starts ==============================
platform linux -- Python 3.13.3, pytest-8.3.5, pluggy-1.6.0
rootdir: /dc-app-performance-toolkit/app
plugins: xdist-3.6.1, apiritif-1.1.3
collected 14 items

selenium_ui/jira_ui.py get driver from global
clear browser cookies
INFO: 2sv login form
1747908311755,1175,selenium_login:open_login_page,Success,True,
node_id:jira-1
1747908315484,3727,selenium_login:login_and_view_dashboard,Success,True,
1747908315496,4919,selenium_login,Success,True,
.test_0_selenium_a_login,Total:1891 Passed:1891 Failed:0
1747908315861,345,selenium_project_summary,Success,True,
.test_1_selenium_view_project_summary,Total:1892 Passed:1892 Failed:0
1747908316110,248,selenium_browse_projects_list,Success,True,
.test_1_selenium_browse_projects_list,Total:1893 Passed:1893 Failed:0
1747908316304,192,selenium_browse_boards_list,Success,True,
.test_1_selenium_browse_boards_list,Total:1894 Passed:1894 Failed:0
1747908318748,2261,selenium_create_issue:open_quick_create,Success,True,
1747908321495,2069,selenium_create_issue:fill_and_submit_issue_form:submit_issue_form,Success,True,
1747908321496,2747,selenium_create_issue:fill_and_submit_issue_form,Success,True,
1747908321496,5009,selenium_create_issue,Success,True,
.test_1_selenium_create_issue,Total:1895 Passed:1895 Failed:0
1747908321966,450,selenium_edit_issue:open_edit_issue_form,Success,True,
1747908323589,948,selenium_edit_issue:save_edit_issue_form,Success,True,
1747908323589,2073,selenium_edit_issue,Success,True,
.test_1_selenium_edit_issue,Total:1896 Passed:1896 Failed:0
1747908323784,193,selenium_save_comment:open_comment_form,Success,True,
1747908326395,555,selenium_save_comment:submit_form,Success,True,
1747908326395,2804,selenium_save_comment,Success,True,
.test_1_selenium_save_comment,Total:1897 Passed:1897 Failed:0
1747908328668,2271,selenium_search_jql,Success,True,
.test_1_selenium_search_jql,Total:1898 Passed:1898 Failed:0
1747908330955,2285,selenium_view_scrum_board_backlog,Success,True,
.test_1_selenium_view_backlog_for_scrum_board,Total:1899 Passed:1899 Failed:0
1747908333185,2228,selenium_view_scrum_board,Success,True,
.test_1_selenium_view_scrum_board,Total:1900 Passed:1900 Failed:0
1747908335359,2172,selenium_view_kanban_board,Success,True,
.test_1_selenium_view_kanban_board,Total:1901 Passed:1901 Failed:0
1747908335553,192,selenium_view_dashboard,Success,True,
.test_1_selenium_view_dashboard,Total:1902 Passed:1902 Failed:0
1747908336037,481,selenium_view_issue,Success,True,
.test_1_selenium_view_issue,Total:1903 Passed:1903 Failed:0
1747908336380,341,selenium_log_out,Success,True,
.test_2_selenium_z_log_out,Total:1904 Passed:1904 Failed:0


=============================== warnings summary ===============================
../../root/.bzt/python-packages/3.13.3/_pytest/config/__init__.py:1277
  /root/.bzt/python-packages/3.13.3/_pytest/config/__init__.py:1277: PytestAssertRewriteWarning: Module already imported so cannot be rewritten: apiritif
    self._mark_plugins_for_rewrite(hook)

-- Docs: https://docs.pytest.org/en/stable/how-to/capture-warnings.html
======================== 14 passed, 1 warning in 25.84s ========================
============================= test session starts ==============================
platform linux -- Python 3.13.3, pytest-8.3.5, pluggy-1.6.0
rootdir: /dc-app-performance-toolkit/app
plugins: xdist-3.6.1, apiritif-1.1.3
collected 14 items

selenium_ui/jira_ui.py get driver from global
clear browser cookies
INFO: 2sv login form
1747908337649,1182,selenium_login:open_login_page,Success,True,
node_id:jira-2
1747908341372,3722,selenium_login:login_and_view_dashboard,Success,True,
1747908341382,4919,selenium_login,Success,True,
.test_0_selenium_a_login,Total:1905 Passed:1905 Failed:0
1747908341720,319,selenium_project_summary,Success,True,
.test_1_selenium_view_project_summary,Total:1906 Passed:1906 Failed:0
1747908341969,248,selenium_browse_projects_list,Success,True,
.test_1_selenium_browse_projects_list,Total:1907 Passed:1907 Failed:0
1747908342174,203,selenium_browse_boards_list,Success,True,
.test_1_selenium_browse_boards_list,Total:1908 Passed:1908 Failed:0
1747908344525,2168,selenium_create_issue:open_quick_create,Success,True,
1747908347218,2069,selenium_create_issue:fill_and_submit_issue_form:submit_issue_form,Success,True,
1747908347218,2693,selenium_create_issue:fill_and_submit_issue_form,Success,True,
1747908347219,4862,selenium_create_issue,Success,True,
.test_1_selenium_create_issue,Total:1909 Passed:1909 Failed:0
1747908347667,431,selenium_edit_issue:open_edit_issue_form,Success,True,
1747908348982,528,selenium_edit_issue:save_edit_issue_form,Success,True,
1747908348982,1747,selenium_edit_issue,Success,True,
.test_1_selenium_edit_issue,Total:1910 Passed:1910 Failed:0
1747908349179,195,selenium_save_comment:open_comment_form,Success,True,
1747908351759,488,selenium_save_comment:submit_form,Success,True,
1747908351759,2775,selenium_save_comment,Success,True,
.test_1_selenium_save_comment,Total:1911 Passed:1911 Failed:0
1747908353999,2238,selenium_search_jql,Success,True,
.test_1_selenium_search_jql,Total:1912 Passed:1912 Failed:0
1747908356365,2364,selenium_view_scrum_board_backlog,Success,True,
.test_1_selenium_view_backlog_for_scrum_board,Total:1913 Passed:1913 Failed:0
1747908358556,2190,selenium_view_scrum_board,Success,True,
.test_1_selenium_view_scrum_board,Total:1914 Passed:1914 Failed:0
1747908364238,5679,selenium_view_kanban_board,Success,True,
.test_1_selenium_view_kanban_board,Total:1915 Passed:1915 Failed:0
1747908364488,248,selenium_view_dashboard,Success,True,
.test_1_selenium_view_dashboard,Total:1916 Passed:1916 Failed:0
1747908364882,392,selenium_view_issue,Success,True,
.test_1_selenium_view_issue,Total:1917 Passed:1917 Failed:0
1747908365218,334,selenium_log_out,Success,True,
.test_2_selenium_z_log_out,Total:1918 Passed:1918 Failed:0


=============================== warnings summary ===============================
../../root/.bzt/python-packages/3.13.3/_pytest/config/__init__.py:1277
  /root/.bzt/python-packages/3.13.3/_pytest/config/__init__.py:1277: PytestAssertRewriteWarning: Module already imported so cannot be rewritten: apiritif
    self._mark_plugins_for_rewrite(hook)

-- Docs: https://docs.pytest.org/en/stable/how-to/capture-warnings.html
======================== 14 passed, 1 warning in 28.79s ========================
